\BOOKMARK [1][-]{section*.1}{차 례}{}% 1
\BOOKMARK [2][-]{subsection.0.0.1}{06-예제1-1}{section*.1}% 2
\BOOKMARK [2][-]{subsection.0.0.2}{06-예제1-2}{section*.1}% 3
\BOOKMARK [2][-]{subsection.0.0.3}{06-유제1}{section*.1}% 4
\BOOKMARK [2][-]{subsection.0.0.4}{06-예제2}{section*.1}% 5
\BOOKMARK [2][-]{subsection.0.0.5}{06-유제3}{section*.1}% 6
\BOOKMARK [2][-]{subsection.0.0.6}{06-유제4}{section*.1}% 7
\BOOKMARK [2][-]{subsection.0.0.7}{06-기초2-1}{section*.1}% 8
\BOOKMARK [2][-]{subsection.0.0.8}{06-기초2-2}{section*.1}% 9
\BOOKMARK [2][-]{subsection.0.0.9}{06-기초2-3}{section*.1}% 10
\BOOKMARK [2][-]{subsection.0.0.10}{06-기초3-1}{section*.1}% 11
\BOOKMARK [2][-]{subsection.0.0.11}{06-기초3-2}{section*.1}% 12
\BOOKMARK [2][-]{subsection.0.0.12}{06-기초4-1}{section*.1}% 13
\BOOKMARK [2][-]{subsection.0.0.13}{06-기본1-1}{section*.1}% 14
\BOOKMARK [2][-]{subsection.0.0.14}{06-기본1-2}{section*.1}% 15
\BOOKMARK [2][-]{subsection.0.0.15}{06-기본2}{section*.1}% 16
\BOOKMARK [2][-]{subsection.0.0.16}{06-기본3}{section*.1}% 17
\BOOKMARK [2][-]{subsection.0.0.17}{06-기본4}{section*.1}% 18
\BOOKMARK [2][-]{subsection.0.0.18}{06-실력1-1}{section*.1}% 19
\BOOKMARK [2][-]{subsection.0.0.19}{06-실력1-2}{section*.1}% 20
\BOOKMARK [2][-]{subsection.0.0.20}{06-실력2}{section*.1}% 21
