This is pdfTeX, Version 3.141592653-2.6-1.40.23 (TeX Live 2021/W32TeX) (preloaded format=pdflatex 2021.12.22)  15 JAN 2022 16:48
entering extended mode
 restricted \write18 enabled.
 %&-line parsing enabled.
**0110_haram_color.tex
(./0110_haram_color.tex
LaTeX2e <2021-11-15> patch level 1
L3 programming layer <2021-11-22>
(c:/texlive/2021/texmf-dist/tex/latex/kotex-oblivoir/oblivoir.cls
Document Class: oblivoir 2021/09/21 v3.0.2
(c:/texlive/2021/texmf-dist/tex/latex/xkeyval/xkeyval.sty
Package: xkeyval 2020/11/20 v2.8 package option processing (HA)

(c:/texlive/2021/texmf-dist/tex/generic/xkeyval/xkeyval.tex
(c:/texlive/2021/texmf-dist/tex/generic/xkeyval/xkvutils.tex
\XKV@toks=\toks16
\XKV@tempa@toks=\toks17

(c:/texlive/2021/texmf-dist/tex/generic/xkeyval/keyval.tex))
\XKV@depth=\count183
File: xkeyval.tex 2014/12/03 v2.7a key=value parser (HA)
))
(c:/texlive/2021/texmf-dist/tex/latex/l3packages/xparse/xparse.sty
(c:/texlive/2021/texmf-dist/tex/latex/l3kernel/expl3.sty
Package: expl3 2021-11-22 L3 programming layer (loader) 

(c:/texlive/2021/texmf-dist/tex/latex/l3backend/l3backend-pdftex.def
File: l3backend-pdftex.def 2021-12-14 L3 backend support: PDF output (pdfTeX)
\l__color_backend_stack_int=\count184
\l__pdf_internal_box=\box50
))
Package: xparse 2021-11-12 L3 Experimental document command parser
)
(c:/texlive/2021/texmf-dist/tex/generic/iftex/iftex.sty
Package: iftex 2020/03/06 v1.0d TeX engine tests
)
(c:/texlive/2021/texmf-dist/tex/latex/kotex-oblivoir/oblivoir-utf.cls
Document Class: oblivoir-utf 2020/02/10 v0.8.2 article-like class to typeset UT
F-8 korean using memoir.
\fa@setheight=\skip47
\fa@setwidth=\skip48
(c:/texlive/2021/texmf-dist/tex/latex/memoir/memoir.cls
Document Class: memoir 2021/06/16 v3.7p configurable book, report, article docu
ment class
\onelineskip=\skip49
\lxvchars=\skip50
\xlvchars=\skip51
\@memcnta=\count185
\c@@memmarkcntra=\count186
\stockheight=\skip52
\stockwidth=\skip53
\trimtop=\skip54
\trimedge=\skip55
(c:/texlive/2021/texmf-dist/tex/latex/memoir/mem10.clo
File: mem10.clo 2008/01/30 v0.3 memoir class 10pt size option
)
\binding=\skip56
\spinemargin=\skip57
\foremargin=\skip58
\uppermargin=\skip59
\lowermargin=\skip60
\headdrop=\skip61
\normalrulethickness=\skip62
\mem@maxheadheight=\skip63
\mem@maxfootheight=\skip64
\headwidth=\skip65
\c@storedpagenumber=\count187
\memPD=\dimen138
\m@mabparskip=\skip66
\thanksmarkwidth=\skip67
\thanksmarksep=\skip68
\droptitle=\skip69
\c@book=\count188
\c@part=\count189
\c@chapter=\count190
\c@section=\count191
\c@subsection=\count192
\c@subsubsection=\count193
\c@paragraph=\count194
\c@subparagraph=\count195
\beforechapskip=\skip70
\midchapskip=\skip71
\afterchapskip=\skip72
\chapindent=\skip73
\bottomsectionskip=\skip74
\secindent=\skip75
\beforesecskip=\skip76
\aftersecskip=\skip77
\subsecindent=\skip78
\beforesubsecskip=\skip79
\aftersubsecskip=\skip80
\subsubsecindent=\skip81
\beforesubsubsecskip=\skip82
\aftersubsubsecskip=\skip83
\paraindent=\skip84
\beforeparaskip=\skip85
\afterparaskip=\skip86
\subparaindent=\skip87
\beforesubparaskip=\skip88
\aftersubparaskip=\skip89
\pfbreakskip=\skip90
\c@@ppsavesec=\count196
\c@@ppsaveapp=\count197
\ragrparindent=\dimen139
\everylistparindent=\dimen140
\parsepi=\skip91
\topsepi=\skip92
\itemsepi=\skip93
\parsepii=\skip94
\topsepii=\skip95
\topsepiii=\skip96
\itemsepii=\skip97
\itemsepiii=\skip98
\partopsepii=\skip99
\partopsepiii=\skip100
\m@msavetopsep=\skip101
\m@msavepartopsep=\skip102
\@enLab=\toks18
\abstitleskip=\skip103
\absleftindent=\skip104
\abs@leftindent=\dimen141
\absrightindent=\skip105
\absparindent=\skip106
\absparsep=\skip107
\c@vslineno=\count198
\c@poemline=\count199
\c@modulo@vs=\count266
\c@memfvsline=\count267
\vleftskip=\skip108
\vrightskip=\skip109
\stanzaskip=\skip110
\versewidth=\skip111
\vgap=\skip112
\vindent=\skip113
\vleftmargin=\dimen142
\c@verse=\count268
\c@chrsinstr=\count269
\beforepoemtitleskip=\skip114
\afterpoemtitleskip=\skip115
\c@poem=\count270
\beforePoemTitleskip=\skip116
\midPoemTitleskip=\skip117
\afterPoemTitleskip=\skip118

(c:/texlive/2021/texmf-dist/tex/latex/tools/array.sty
Package: array 2021/10/04 v2.5f Tabular extension package (FMi)
\col@sep=\dimen143
\ar@mcellbox=\box51
\extrarowheight=\dimen144
\NC@list=\toks19
\extratabsurround=\skip119
\backup@length=\skip120
\ar@cellbox=\box52
)
(c:/texlive/2021/texmf-dist/tex/latex/tools/dcolumn.sty
Package: dcolumn 2014/10/28 v1.06 decimal alignment package (DPC)
)
(c:/texlive/2021/texmf-dist/tex/latex/tools/delarray.sty
Package: delarray 2014/10/28 v1.01 array delimiter package (DPC)
)
(c:/texlive/2021/texmf-dist/tex/latex/tools/tabularx.sty
Package: tabularx 2020/01/15 v2.11c `tabularx' package (DPC)
\TX@col@width=\dimen145
\TX@old@table=\dimen146
\TX@old@col=\dimen147
\TX@target=\dimen148
\TX@delta=\dimen149
\TX@cols=\count271
\TX@ftn=\toks20
)
\heavyrulewidth=\dimen150
\lightrulewidth=\dimen151
\cmidrulewidth=\dimen152
\belowrulesep=\dimen153
\belowbottomsep=\dimen154
\aboverulesep=\dimen155
\abovetopsep=\dimen156
\cmidrulesep=\dimen157
\cmidrulekern=\dimen158
\defaultaddspace=\dimen159
\@cmidla=\count272
\@cmidlb=\count273
\@aboverulesep=\dimen160
\@belowrulesep=\dimen161
\@thisruleclass=\count274
\@lastruleclass=\count275
\@thisrulewidth=\dimen162
\ctableftskip=\skip121
\ctabrightskip=\skip122
\abovecolumnspenalty=\count276
\@linestogo=\count277
\@cellstogo=\count278
\@cellsincolumn=\count279
\crtok=\toks21
\@mincolumnwidth=\dimen163
\c@newflo@tctr=\count280
\mem@margin@floatbox=\box53
\@contcwidth=\skip123
\@contindw=\skip124
\abovecaptionskip=\skip125
\belowcaptionskip=\skip126
\subfloattopskip=\skip127
\subfloatcapskip=\skip128
\subfloatcaptopadj=\skip129
\subfloatbottomskip=\skip130
\subfloatlabelskip=\skip131
\subfloatcapmargin=\dimen164
\c@@contsubnum=\count281
\m@mscap@capbox=\box54
\m@mscap@fbox=\box55
\sidecapsep=\dimen165
\sidecapwidth=\dimen166
\m@m@tempdima=\dimen167
\m@mscapraise=\dimen168
\sidecapraise=\dimen169
\m@mscapmainwidth=\dimen170
\m@mscaplkern=\dimen171
\beforeepigraphskip=\skip132
\afterepigraphskip=\skip133
\epigraphwidth=\skip134
\epigraphrule=\skip135
LaTeX Info: Redefining \em on input line 7654.
LaTeX Info: Redefining \emph on input line 7662.
\tocentryskip=\skip136
\tocbaseline=\skip137
\cftparskip=\skip138
\cftbeforebookskip=\skip139
\cftbookindent=\dimen172
\cftbooknumwidth=\dimen173
\cftbeforepartskip=\skip140
\cftpartindent=\skip141
\cftpartnumwidth=\skip142
\cftbeforechapterskip=\skip143
\cftchapterindent=\skip144
\cftchapternumwidth=\skip145
\cftbeforesectionskip=\skip146
\cftsectionindent=\skip147
\cftsectionnumwidth=\skip148
\cftbeforesubsectionskip=\skip149
\cftsubsectionindent=\skip150
\cftsubsectionnumwidth=\skip151
\cftbeforesubsubsectionskip=\skip152
\cftsubsubsectionindent=\skip153
\cftsubsubsectionnumwidth=\skip154
\cftbeforeparagraphskip=\skip155
\cftparagraphindent=\skip156
\cftparagraphnumwidth=\skip157
\cftbeforesubparagraphskip=\skip158
\cftsubparagraphindent=\skip159
\cftsubparagraphnumwidth=\skip160
\prechapterprecisshift=\dimen174
\c@maxsecnumdepth=\count282
\bibindent=\dimen175
\bibitemsep=\skip161
\indexcolsep=\skip162
\indexrule=\skip163
\indexmarkstyle=\toks22
\@indexbox=\insert252
\glossarycolsep=\dimen176
\glossaryrule=\dimen177
\sideparvshift=\skip164
\sideins=\insert251
\sidebartopsep=\skip165
\sidebarhsep=\skip166
\sidebarvsep=\skip167
\sidebarwidth=\skip168
\footmarkwidth=\skip169
\footmarksep=\skip170
\footparindent=\skip171
\footinsdim=\skip172
\footinsv@r=\insert250
\@mpfootinsv@r=\insert249
\m@m@k=\count283
\m@m@h=\dimen178
\m@mipn@skip=\skip173
\sidefootins=\insert248
\sidefootadjust=\skip174
\sidefootheight=\skip175
\sidefoothsep=\skip176
\sidefootvsep=\skip177
\sidefootwidth=\skip178
\m@mdownsf=\skip179
\c@sidefootnote=\count284
\sidefootmarkwidth=\skip180
\sidefootmarksep=\skip181
\sidefootparindent=\skip182
\c@pagenote=\count285
\c@pagenoteshadow=\count286
\mem@pn@lastkern=\skip183
\every@verbatim=\toks23
\afterevery@verbatim=\toks24
\verbatim@line=\toks25
\tab@position=\count287
\verbatim@in@stream=\read2
\verbatimindent=\skip184
\verbatim@out=\write3
\bvboxsep=\skip185
\c@memfbvline=\count288
\c@bvlinectr=\count289
\bvnumlength=\skip186
\fb@frw=\dimen179
\fb@frh=\dimen180
\FrameRule=\dimen181
\FrameSep=\dimen182


LaTeX hooks Warning: Generic hook 'package/before/framed' is deprecated.
(hooks)              Use hook 'package/framed/before' instead.

\c@cp@cntr=\count290
\c@ism@mctr=\count291
\c@xsm@mctr=\count292
\c@csm@mctr=\count293
\c@ksm@mctr=\count294
\c@xksm@mctr=\count295
\c@cksm@mctr=\count296
\c@msm@mctr=\count297
\c@xmsm@mctr=\count298
\c@cmsm@mctr=\count299
\c@bsm@mctr=\count300
\c@workm@mctr=\count301
\c@sheetsequence=\count302
\c@lastsheet=\count303
\c@lastpage=\count304
(c:/texlive/2021/texmf-dist/tex/latex/textcase/textcase.sty
Package: textcase 2019/09/14 v1.00 Text only upper/lower case changing (DPC)
)
\c@figure=\count305
\c@lofdepth=\count306
\cftbeforefigureskip=\skip187
\cftfigureindent=\skip188
\cftfigurenumwidth=\skip189
\c@table=\count307
\c@lotdepth=\count308
\cftbeforetableskip=\skip190
\cfttableindent=\skip191
\cfttablenumwidth=\skip192
Package abstract [2008/07/23] emulated by memoir.
Package appendix [2008/07/23] emulated by memoir.
Package booktabs [2016/05/16] emulated by memoir.
Package ccaption [2008/07/23] emulated by memoir.
Package changepage [2008/07/23] emulated by memoir.
Package chngcntr [2008/07/23] emulated by memoir.
Package chngpage [2008/07/23] emulated by memoir.
Package crop emulated by memoir.
Package enumerate [2008/07/23] emulated by memoir.
Package epigraph [2008/07/23] emulated by memoir.
Package ifmtarg [2008/07/23] emulated by memoir.
Package index [2008/07/23] emulated by memoir.
Package makeidx [2008/07/23] emulated by memoir.
Package moreverb [2008/07/23] emulated by memoir.
Package needspace [2008/07/23] emulated by memoir.
Package newfile [2008/07/23] emulated by memoir.
Package nextpage [2008/07/23] emulated by memoir.
Package pagenote [2008/07/23] emulated by memoir.
Package parskip [2008/07/23] emulated by memoir.
Package patchcmd [2008/07/23] emulated by memoir.
Package setspace [2008/07/23] emulated by memoir.
Package shortvrb [2008/07/23] emulated by memoir.
Package showidx [2008/07/23] emulated by memoir.
Package titleref [2008/07/23] emulated by memoir.
Package titling [2008/07/23] emulated by memoir.
Package tocbibind [2008/07/23] emulated by memoir.
Package tocloft [2008/07/23] emulated by memoir.
Package tocvsec2 [2008/07/23] emulated by memoir.
Package verbatim [2008/07/23] emulated by memoir.
Package verse [2008/07/23] emulated by memoir.


LaTeX hooks Warning: Generic hook 'package/before/float' is deprecated.
(hooks)              Use hook 'package/float/before' instead.

)
(c:/texlive/2021/texmf-dist/tex/latex/kotex-oblivoir/memhangul-ucs/memhangul-uc
s.sty
Package: memhangul-ucs 2014/06/12UCS Hangul Package for memoir class

memhangul-ucs v1.7.7 2014/06/12
(c:/texlive/2021/texmf-dist/tex/latex/kotex-utf/dhucs.sty
Package: dhucs 2012/11/08 v5.3.2 typesetting UTF-8 Korean documents

(c:/texlive/2021/texmf-dist/tex/latex/kotex-utf/kotexutf.sty
Package: kotexutf 2015/07/18 v2.1.1 typesetting UTF-8 Korean documents

(c:/texlive/2021/texmf-dist/tex/latex/base/inputenc.sty
Package: inputenc 2021/02/14 v1.3d Input encoding file
\inpenc@prehook=\toks26
\inpenc@posthook=\toks27
)
(c:/texlive/2021/texmf-dist/tex/plain/kotex-plain/kotexutf-core.tex
\unih@ngulpoint=\count309
\dhucs@emph@raise=\dimen183
)
Now handling font encoding LUC ...
... processing UTF-8 mapping file for font encoding LUC

(c:/texlive/2021/texmf-dist/tex/latex/kotex-utf/lucenc.dfu
File: lucenc.dfu 2007/09/05 UTF-8 support for dhucs
   defining Unicode char U+00B7 (decimal 183)
   defining Unicode char U+2018 (decimal 8216)
   defining Unicode char U+2019 (decimal 8217)
   defining Unicode char U+201C (decimal 8220)
   defining Unicode char U+201D (decimal 8221)
   defining Unicode char U+3001 (decimal 12289)
   defining Unicode char U+3002 (decimal 12290)
   defining Unicode char U+3008 (decimal 12296)
   defining Unicode char U+3009 (decimal 12297)
   defining Unicode char U+300A (decimal 12298)
   defining Unicode char U+300B (decimal 12299)
   defining Unicode char U+300C (decimal 12300)
   defining Unicode char U+300D (decimal 12301)
   defining Unicode char U+300E (decimal 12302)
   defining Unicode char U+300F (decimal 12303)
   defining Unicode char U+3010 (decimal 12304)
   defining Unicode char U+3011 (decimal 12305)
   defining Unicode char U+3014 (decimal 12308)
   defining Unicode char U+3015 (decimal 12309)
   defining Unicode char U+3016 (decimal 12310)
   defining Unicode char U+3017 (decimal 12311)
   defining Unicode char U+3018 (decimal 12312)
   defining Unicode char U+3019 (decimal 12313)
   defining Unicode char U+301A (decimal 12314)
   defining Unicode char U+301B (decimal 12315)
   defining Unicode char U+FF01 (decimal 65281)
   defining Unicode char U+FF08 (decimal 65288)
   defining Unicode char U+FF09 (decimal 65289)
   defining Unicode char U+FF0C (decimal 65292)
   defining Unicode char U+FF0E (decimal 65294)
   defining Unicode char U+FF1A (decimal 65306)
   defining Unicode char U+FF1B (decimal 65307)
   defining Unicode char U+FF1C (decimal 65308)
   defining Unicode char U+FF1D (decimal 65309)
   defining Unicode char U+FF1E (decimal 65310)
   defining Unicode char U+FF1F (decimal 65311)
   defining Unicode char U+FF3B (decimal 65339)
   defining Unicode char U+FF3D (decimal 65341)
   defining Unicode char U+FF5B (decimal 65371)
   defining Unicode char U+FF5D (decimal 65373)
   defining Unicode char U+FF61 (decimal 65377)
   defining Unicode char U+FF62 (decimal 65378)
   defining Unicode char U+FF63 (decimal 65379)
   defining Unicode char U+FF64 (decimal 65380)
   defining Unicode char U+FF65 (decimal 65381)
)
\@josa=\count310
\josatoks=\toks28

(c:/texlive/2021/texmf-dist/tex/latex/cjk-ko/kolabels-utf.sty
Package: kolabels-utf 2015/03/20 v1.5 UTF-8 Hangul item labels
)))
\memh@hu=\dimen184
\t@nch@ars=\skip193
\tmp@XXbox=\box56
\tmp@XXdim=\dimen185

(c:/texlive/2021/texmf-dist/tex/latex/kotex-oblivoir/memhangul-common/memhangul
-common.sty
Package: memhangul-common 2021/03/03
 (c:/texlive/2021/texmf-dist/tex/latex/etoolbox/etoolbox.sty
Package: etoolbox 2020/10/05 v2.5k e-TeX tools for LaTeX (JAW)
\etb@tempcnta=\count311
)
\togetheightoffont=\box57
\htoffnt=\skip194
\divnoteskip=\skip195

(c:/texlive/2021/texmf-dist/tex/latex/kotex-oblivoir/memhangul-common/memhangul
-patch.sty) (c:/texlive/2021/texmf-dist/tex/generic/hologo/hologo.sty
Package: hologo 2021-11-16 v1.15 A logo collection with bookmark support (HO)

(c:/texlive/2021/texmf-dist/tex/generic/ltxcmds/ltxcmds.sty
Package: ltxcmds 2020-05-10 v1.25 LaTeX kernel commands for general use (HO)
)
(c:/texlive/2021/texmf-dist/tex/generic/infwarerr/infwarerr.sty
Package: infwarerr 2019/12/03 v1.5 Providing info/warning/error messages (HO)
)
(c:/texlive/2021/texmf-dist/tex/generic/kvsetkeys/kvsetkeys.sty
Package: kvsetkeys 2019/12/15 v1.18 Key value parser (HO)
)
(c:/texlive/2021/texmf-dist/tex/generic/kvdefinekeys/kvdefinekeys.sty
Package: kvdefinekeys 2019-12-19 v1.6 Define keys (HO)
)
(c:/texlive/2021/texmf-dist/tex/generic/pdftexcmds/pdftexcmds.sty
Package: pdftexcmds 2020-06-27 v0.33 Utility functions of pdfTeX for LuaTeX (HO
)
Package pdftexcmds Info: \pdf@primitive is available.
Package pdftexcmds Info: \pdf@ifprimitive is available.
Package pdftexcmds Info: \pdfdraftmode found.
)
(c:/texlive/2021/texmf-dist/tex/latex/kvoptions/kvoptions.sty
Package: kvoptions 2020-10-07 v3.14 Key value format for package options (HO)
)
Package hologo Info: Using driver `pdftex'.
)
\pghgheadwidth=\dimen186
\c@APPchapter=\count312
\c@APPsection=\count313
\c@APPsubsection=\count314
\memucsadjustwidthtopsep=\dimen187
)
(c:/texlive/2021/texmf-dist/tex/latex/kotex-oblivoir/memhangul-ucs/memucs-inter
word.sty
Package: memucs-interword 2007/09/22
\BASE@FONTsize=\dimen188
\ORIG@spaceskip=\skip196
)
(c:/texlive/2021/texmf-dist/tex/latex/kotex-oblivoir/memhangul-common/memucs-se
tspace.sty
Package: memucs-setspace 2021/03/03 6.7-mu9 Contributed and Supported LaTeX2e p
ackage

Package: `memucs-setspace', a modified version of `setspace', 6.7-mu9 <2021/03/
03>
)
   defining Unicode char U+00BC (decimal 188)
   defining Unicode char U+00BD (decimal 189)
   defining Unicode char U+00BE (decimal 190)
   defining Unicode char U+02D0 (decimal 720)
   defining Unicode char U+2025 (decimal 8229)
   defining Unicode char U+2026 (decimal 8230)
   defining Unicode char U+2015 (decimal 8213)
   defining Unicode char U+2312 (decimal 8978)
\raisedotdim=\dimen189
\dhucs@emph@width=\dimen190
\useremphraisedim=\dimen191
\tmp_user_emph_dim=\dimen192
)
(c:/texlive/2021/texmf-dist/tex/latex/kotex-oblivoir/memhangul-ucs/nanumfontsel
.sty
Package: nanumfontsel 
) (c:/texlive/2021/texmf-dist/tex/generic/pdftex/glyphtounicode.tex)
(c:/texlive/2021/texmf-dist/tex/latex/kotex-utf/contrib/dhucs-cmap.sty
Package: dhucs-cmap 2007/06/16 searchable PDF for dhucs upon pdftex

(c:/texlive/2021/texmf-dist/tex/generic/iftex/ifpdf.sty
Package: ifpdf 2019/10/25 v3.4 ifpdf legacy package. Use iftex instead.
))
\ob@hu=\dimen193

(c:/texlive/2021/texmf-dist/tex/latex/hyperref/hyperref.sty
Package: hyperref 2021-06-07 v7.00m Hypertext links for LaTeX

(c:/texlive/2021/texmf-dist/tex/generic/pdfescape/pdfescape.sty
Package: pdfescape 2019/12/09 v1.15 Implements pdfTeX's escape features (HO)
)
(c:/texlive/2021/texmf-dist/tex/latex/hycolor/hycolor.sty
Package: hycolor 2020-01-27 v1.10 Color options for hyperref/bookmark (HO)
)
(c:/texlive/2021/texmf-dist/tex/latex/letltxmacro/letltxmacro.sty
Package: letltxmacro 2019/12/03 v1.6 Let assignment for LaTeX macros (HO)
)
(c:/texlive/2021/texmf-dist/tex/latex/auxhook/auxhook.sty
Package: auxhook 2019-12-17 v1.6 Hooks for auxiliary files (HO)
)
\@linkdim=\dimen194
\Hy@linkcounter=\count315
\Hy@pagecounter=\count316

(c:/texlive/2021/texmf-dist/tex/latex/hyperref/pd1enc.def
File: pd1enc.def 2021-06-07 v7.00m Hyperref: PDFDocEncoding definition (HO)
Now handling font encoding PD1 ...
... no UTF-8 mapping file for font encoding PD1
)
(c:/texlive/2021/texmf-dist/tex/latex/hyperref/hyperref-langpatches.def
File: hyperref-langpatches.def 2021-06-07 v7.00m Hyperref: patches for babel la
nguages
)
(c:/texlive/2021/texmf-dist/tex/generic/intcalc/intcalc.sty
Package: intcalc 2019/12/15 v1.3 Expandable calculations with integers (HO)
)
(c:/texlive/2021/texmf-dist/tex/generic/etexcmds/etexcmds.sty
Package: etexcmds 2019/12/15 v1.7 Avoid name clashes with e-TeX commands (HO)
)
\Hy@SavedSpaceFactor=\count317

(c:/texlive/2021/texmf-dist/tex/latex/hyperref/puenc.def
File: puenc.def 2021-06-07 v7.00m Hyperref: PDF Unicode definition (HO)
Now handling font encoding PU ...
... no UTF-8 mapping file for font encoding PU
)
Package hyperref Info: Option `unicode' set `true' on input line 4073.
Package hyperref Info: Hyper figures OFF on input line 4192.
Package hyperref Info: Link nesting OFF on input line 4197.
Package hyperref Info: Hyper index ON on input line 4200.
Package hyperref Info: Plain pages OFF on input line 4207.
Package hyperref Info: Backreferencing OFF on input line 4212.
Package hyperref Info: Implicit mode ON; LaTeX internals redefined.
Package hyperref Info: Bookmarks ON on input line 4445.
\c@Hy@tempcnt=\count318

(c:/texlive/2021/texmf-dist/tex/latex/url/url.sty
\Urlmuskip=\muskip16
Package: url 2013/09/16  ver 3.4  Verb mode for urls, etc.
)
LaTeX Info: Redefining \url on input line 4804.
\XeTeXLinkMargin=\dimen195

(c:/texlive/2021/texmf-dist/tex/generic/bitset/bitset.sty
Package: bitset 2019/12/09 v1.3 Handle bit-vector datatype (HO)

(c:/texlive/2021/texmf-dist/tex/generic/bigintcalc/bigintcalc.sty
Package: bigintcalc 2019/12/15 v1.5 Expandable calculations on big integers (HO
)
))
\Fld@menulength=\count319
\Field@Width=\dimen196
\Fld@charsize=\dimen197
Package hyperref Info: Hyper figures OFF on input line 6076.
Package hyperref Info: Link nesting OFF on input line 6081.
Package hyperref Info: Hyper index ON on input line 6084.
Package hyperref Info: backreferencing OFF on input line 6091.
Package hyperref Info: Link coloring OFF on input line 6096.
Package hyperref Info: Link coloring with OCG OFF on input line 6101.
Package hyperref Info: PDF/A mode OFF on input line 6106.
LaTeX Info: Redefining \ref on input line 6146.
LaTeX Info: Redefining \pageref on input line 6150.

(c:/texlive/2021/texmf-dist/tex/latex/base/atbegshi-ltx.sty
Package: atbegshi-ltx 2021/01/10 v1.0c Emulation of the original atbegshi
package with kernel methods
)
\Hy@abspage=\count320
\c@Item=\count321
\c@Hfootnote=\count322
)
(c:/texlive/2021/texmf-dist/tex/latex/memoir/memhfixc.sty
Package: memhfixc 2021/06/16 v1.19 nameref/hyperref package fixes for memoir cl
ass


LaTeX hooks Warning: Generic hook 'package/after/nameref' is deprecated.
(hooks)              Use hook 'package/nameref/after' instead.

\c@memhycontfloat=\count323
\c@Hpagenote=\count324

LaTeX hooks Warning: Generic hook 'package/after/hypcap' is deprecated.
(hooks)              Use hook 'package/hypcap/after' instead.

)
Package hyperref Info: Driver: hpdftex.
 (c:/texlive/2021/texmf-dist/tex/latex/hyperref/hpdftex.def
File: hpdftex.def 2021-06-07 v7.00m Hyperref driver for pdfTeX

(c:/texlive/2021/texmf-dist/tex/latex/base/atveryend-ltx.sty
Package: atveryend-ltx 2020/08/19 v1.0a Emulation of the original atveryend pac
kage
with kernel methods
)
\Fld@listcount=\count325
\c@bookmark@seq@number=\count326

(c:/texlive/2021/texmf-dist/tex/latex/rerunfilecheck/rerunfilecheck.sty
Package: rerunfilecheck 2019/12/05 v1.9 Rerun checks for auxiliary files (HO)

(c:/texlive/2021/texmf-dist/tex/generic/uniquecounter/uniquecounter.sty
Package: uniquecounter 2019/12/15 v1.4 Provide unlimited unique counter (HO)
)
Package uniquecounter Info: New unique counter `rerunfilecheck' on input line 2
86.
)
\Hy@SectionHShift=\skip197
)
\@ensp=\skip198

(c:/texlive/2021/texmf-dist/tex/latex/kotex-oblivoir/memhangul-common/ob-toclof
.sty)
(c:/texlive/2021/texmf-dist/tex/latex/kotex-oblivoir/memhangul-common/ob-korean
appendix.sty))
HANGUL DRIVER: kotex-utf
) (./preamble.tex (c:/texlive/2021/texmf-dist/tex/latex/amsmath/amsmath.sty
Package: amsmath 2021/10/15 v2.17l AMS math features
\@mathmargin=\skip199

For additional information on amsmath, use the `?' option.
(c:/texlive/2021/texmf-dist/tex/latex/amsmath/amstext.sty
Package: amstext 2021/08/26 v2.01 AMS text

(c:/texlive/2021/texmf-dist/tex/latex/amsmath/amsgen.sty
File: amsgen.sty 1999/11/30 v2.0 generic functions
\@emptytoks=\toks29
\ex@=\dimen198
))
(c:/texlive/2021/texmf-dist/tex/latex/amsmath/amsbsy.sty
Package: amsbsy 1999/11/29 v1.2d Bold Symbols
\pmbraise@=\dimen199
)
(c:/texlive/2021/texmf-dist/tex/latex/amsmath/amsopn.sty
Package: amsopn 2021/08/26 v2.02 operator names
)
\inf@bad=\count327
LaTeX Info: Redefining \frac on input line 234.
\uproot@=\count328
\leftroot@=\count329
LaTeX Info: Redefining \overline on input line 399.
\classnum@=\count330
\DOTSCASE@=\count331
LaTeX Info: Redefining \ldots on input line 496.
LaTeX Info: Redefining \dots on input line 499.
LaTeX Info: Redefining \cdots on input line 620.
\Mathstrutbox@=\box58
\strutbox@=\box59
\big@size=\dimen256
LaTeX Font Info:    Redeclaring font encoding OML on input line 743.
LaTeX Font Info:    Redeclaring font encoding OMS on input line 744.
\macc@depth=\count332
\c@MaxMatrixCols=\count333
\dotsspace@=\muskip17
\c@parentequation=\count334
\dspbrk@lvl=\count335
\tag@help=\toks30
\row@=\count336
\column@=\count337
\maxfields@=\count338
\andhelp@=\toks31
\eqnshift@=\dimen257
\alignsep@=\dimen258
\tagshift@=\dimen259
\tagwidth@=\dimen260
\totwidth@=\dimen261
\lineht@=\dimen262
\@envbody=\toks32
\multlinegap=\skip256
\multlinetaggap=\skip257
\mathdisplay@stack=\toks33
LaTeX Info: Redefining \[ on input line 2938.
LaTeX Info: Redefining \] on input line 2939.
)
(c:/texlive/2021/texmf-dist/tex/latex/amsfonts/amssymb.sty
Package: amssymb 2013/01/14 v3.01 AMS font symbols

(c:/texlive/2021/texmf-dist/tex/latex/amsfonts/amsfonts.sty
Package: amsfonts 2013/01/14 v3.01 Basic AMSFonts support
\symAMSa=\mathgroup4
\symAMSb=\mathgroup5
LaTeX Font Info:    Redeclaring math symbol \hbar on input line 98.
LaTeX Font Info:    Overwriting math alphabet `\mathfrak' in version `bold'
(Font)                  U/euf/m/n --> U/euf/b/n on input line 106.
))
(c:/texlive/2021/texmf-dist/tex/latex/cjk-ko/kotex.sty
Package: kotex 2015/04/19 v1.6 Korean TeX (ko.TeX)

(c:/texlive/2021/texmf-dist/tex/latex/kotex-utf/kotex.cfg))
(c:/texlive/2021/texmf-dist/tex/latex/mdframed/mdframed.sty
Package: mdframed 2013/07/01 1.9b: mdframed

(c:/texlive/2021/texmf-dist/tex/latex/zref/zref-abspage.sty
Package: zref-abspage 2020-07-03 v2.32 Module abspage for zref (HO)

(c:/texlive/2021/texmf-dist/tex/latex/zref/zref-base.sty
Package: zref-base 2020-07-03 v2.32 Module base for zref (HO)
Package zref Info: New property list: main on input line 764.
Package zref Info: New property: default on input line 765.
Package zref Info: New property: page on input line 766.
)
\c@abspage=\count339
Package zref Info: New property: abspage on input line 66.
)
(c:/texlive/2021/texmf-dist/tex/latex/graphics/color.sty
Package: color 2021/12/07 v1.3c Standard LaTeX Color (DPC)

(c:/texlive/2021/texmf-dist/tex/latex/graphics-cfg/color.cfg
File: color.cfg 2016/01/02 v1.6 sample color configuration
)
Package color Info: Driver file: pdftex.def on input line 149.

(c:/texlive/2021/texmf-dist/tex/latex/graphics-def/pdftex.def
File: pdftex.def 2020/10/05 v1.2a Graphics/color driver for pdftex
))
\mdf@templength=\skip258
\c@mdf@globalstyle@cnt=\count340
\mdf@skipabove@length=\skip259
\mdf@skipbelow@length=\skip260
\mdf@leftmargin@length=\skip261
\mdf@rightmargin@length=\skip262
\mdf@innerleftmargin@length=\skip263
\mdf@innerrightmargin@length=\skip264
\mdf@innertopmargin@length=\skip265
\mdf@innerbottommargin@length=\skip266
\mdf@splittopskip@length=\skip267
\mdf@splitbottomskip@length=\skip268
\mdf@outermargin@length=\skip269
\mdf@innermargin@length=\skip270
\mdf@linewidth@length=\skip271
\mdf@innerlinewidth@length=\skip272
\mdf@middlelinewidth@length=\skip273
\mdf@outerlinewidth@length=\skip274
\mdf@roundcorner@length=\skip275
\mdf@footenotedistance@length=\skip276
\mdf@userdefinedwidth@length=\skip277
\mdf@needspace@length=\skip278
\mdf@frametitleaboveskip@length=\skip279
\mdf@frametitlebelowskip@length=\skip280
\mdf@frametitlerulewidth@length=\skip281
\mdf@frametitleleftmargin@length=\skip282
\mdf@frametitlerightmargin@length=\skip283
\mdf@shadowsize@length=\skip284
\mdf@extratopheight@length=\skip285
\mdf@subtitleabovelinewidth@length=\skip286
\mdf@subtitlebelowlinewidth@length=\skip287
\mdf@subtitleaboveskip@length=\skip288
\mdf@subtitlebelowskip@length=\skip289
\mdf@subtitleinneraboveskip@length=\skip290
\mdf@subtitleinnerbelowskip@length=\skip291
\mdf@subsubtitleabovelinewidth@length=\skip292
\mdf@subsubtitlebelowlinewidth@length=\skip293
\mdf@subsubtitleaboveskip@length=\skip294
\mdf@subsubtitlebelowskip@length=\skip295
\mdf@subsubtitleinneraboveskip@length=\skip296
\mdf@subsubtitleinnerbelowskip@length=\skip297

(c:/texlive/2021/texmf-dist/tex/latex/mdframed/md-frame-0.mdf
File: md-frame-0.mdf 2013/07/01\ 1.9b: md-frame-0
)
\mdf@frametitlebox=\box60
\mdf@footnotebox=\box61
\mdf@splitbox@one=\box62
\mdf@splitbox@two=\box63
\mdf@splitbox@save=\box64
\mdfsplitboxwidth=\skip298
\mdfsplitboxtotalwidth=\skip299
\mdfsplitboxheight=\skip300
\mdfsplitboxdepth=\skip301
\mdfsplitboxtotalheight=\skip302
\mdfframetitleboxwidth=\skip303
\mdfframetitleboxtotalwidth=\skip304
\mdfframetitleboxheight=\skip305
\mdfframetitleboxdepth=\skip306
\mdfframetitleboxtotalheight=\skip307
\mdffootnoteboxwidth=\skip308
\mdffootnoteboxtotalwidth=\skip309
\mdffootnoteboxheight=\skip310
\mdffootnoteboxdepth=\skip311
\mdffootnoteboxtotalheight=\skip312
\mdftotallinewidth=\skip313
\mdfboundingboxwidth=\skip314
\mdfboundingboxtotalwidth=\skip315
\mdfboundingboxheight=\skip316
\mdfboundingboxdepth=\skip317
\mdfboundingboxtotalheight=\skip318
\mdf@freevspace@length=\skip319
\mdf@horizontalwidthofbox@length=\skip320
\mdf@verticalmarginwhole@length=\skip321
\mdf@horizontalspaceofbox=\skip322
\mdfsubtitleheight=\skip323
\mdfsubsubtitleheight=\skip324
\c@mdfcountframes=\count341

****** mdframed patching \endmdf@trivlist

****** -- success******

\mdf@envdepth=\count342
\c@mdf@env@i=\count343
\c@mdf@env@ii=\count344
\c@mdf@zref@counter=\count345
Package zref Info: New property: mdf@pagevalue on input line 895.
)
(c:/texlive/2021/texmf-dist/tex/latex/graphics/graphicx.sty
Package: graphicx 2021/09/16 v1.2d Enhanced LaTeX Graphics (DPC,SPQR)

(c:/texlive/2021/texmf-dist/tex/latex/graphics/graphics.sty
Package: graphics 2021/03/04 v1.4d Standard LaTeX Graphics (DPC,SPQR)

(c:/texlive/2021/texmf-dist/tex/latex/graphics/trig.sty
Package: trig 2021/08/11 v1.11 sin cos tan (DPC)
)
(c:/texlive/2021/texmf-dist/tex/latex/graphics-cfg/graphics.cfg
File: graphics.cfg 2016/06/04 v1.11 sample graphics configuration
)
Package graphics Info: Driver file: pdftex.def on input line 107.
)
\Gin@req@height=\dimen263
\Gin@req@width=\dimen264
)
(c:/texlive/2021/texmf-dist/tex/latex/paralist/paralist.sty
Package: paralist 2017/01/22 v2.7 Extended list environments
\pltopsep=\skip325
\plpartopsep=\skip326
\plitemsep=\skip327
\plparsep=\skip328
\pl@lab=\toks34
)
(c:/texlive/2021/texmf-dist/tex/latex/tabu/tabu.sty
Package: tabu 2019/01/11 v2.9 - flexible LaTeX tabulars (FC+tabu-fixed)

(c:/texlive/2021/texmf-dist/tex/latex/varwidth/varwidth.sty
Package: varwidth 2009/03/30 ver 0.92;  Variable-width minipages
\@vwid@box=\box65
\sift@deathcycles=\count346
\@vwid@loff=\dimen265
\@vwid@roff=\dimen266
)
\c@taburow=\count347
\tabu@nbcols=\count348
\tabu@cnt=\count349
\tabu@Xcol=\count350
\tabu@alloc=\count351
\tabu@nested=\count352
\tabu@target=\dimen267
\tabu@spreadtarget=\dimen268
\tabu@naturalX=\dimen269
\tabucolX=\dimen270
\tabu@Xsum=\dimen271
\extrarowdepth=\dimen272
\abovetabulinesep=\dimen273
\belowtabulinesep=\dimen274
\tabustrutrule=\dimen275
\tabu@thebody=\toks35
\tabu@footnotes=\toks36
\tabu@box=\box66
\tabu@arstrutbox=\box67
\tabu@hleads=\box68
\tabu@vleads=\box69
\tabu@cellskip=\skip329
)
(c:/texlive/2021/texmf-dist/tex/latex/kotex-oblivoir/memhangul-common/fapapersi
ze.sty
Package: fapapersize 2020/02/10 v0.1
\fa@stockheight=\skip330
\fa@stockwidth=\skip331
\fa@paperheight=\skip332
\fa@paperwidth=\skip333
\fa@leftmargin=\skip334
\fa@rightmargin=\skip335
\fa@uppermargin=\skip336
\fa@lowermargin=\skip337
\fa@tmplenwd=\skip338
\fa@tmplenht=\skip339
\tmp@dim=\dimen276
)

******************************************************
Stock height and width: 845.04684pt by 597.50787pt
Top and edge trims: 0pt and 0pt
Page height and width: 845.04684pt by 597.50787pt
Text height and width: 729.81598pt by 483pt
Spine and edge margins: 56.9055pt and 56.9055pt
Upper and lower margins: 56.9055pt and 58.32536pt
Headheight and headsep: 12pt and 18.06749pt
Footskip: 25.29494pt
Columnsep and columnseprule: 10pt and 0pt
Marginparsep and marginparwidth: 7pt and 42.9055pt
Sidecapsep and sidecapwidth: 7pt and 63pt
Sidebarhsep and sidebarwidth: 7pt and 63pt
Sidebarvsep and sidebartopsep: 12pt and 0pt
Sidebarheight: 596.39996pt
Sidefoothsep and sidefootwidth: 7pt and 63pt
Sidefootvsep and sidefootheight: 12pt and 596.39996pt
******************************************************

(c:/texlive/2021/texmf-dist/tex/latex/tabto-ltx/tabto.sty
Package: tabto 2018/12/28  v 1.4  Another tabbing mechanism
\CurrentLineWidth=\dimen277
\TabPrevPos=\dimen278
)
(c:/texlive/2021/texmf-dist/tex/latex/psnfss/pifont.sty
Package: pifont 2020/03/25 PSNFSS-v9.3 Pi font support (SPQR) 
LaTeX Font Info:    Trying to load font information for U+pzd on input line 63.


(c:/texlive/2021/texmf-dist/tex/latex/psnfss/upzd.fd
File: upzd.fd 2001/06/04 font definitions for U/pzd.
)
LaTeX Font Info:    Trying to load font information for U+psy on input line 64.


(c:/texlive/2021/texmf-dist/tex/latex/psnfss/upsy.fd
File: upsy.fd 2001/06/04 font definitions for U/psy.
))
(c:/texlive/2021/texmf-dist/tex/latex/base/fontenc.sty
Package: fontenc 2021/04/29 v2.0v Standard LaTeX package
)
(c:/texlive/2021/texmf-dist/tex/latex/was/gensymb.sty
Package: gensymb 2003/07/02 v1.0 (WaS)
)
(c:/texlive/2021/texmf-dist/tex/latex/exercise/exercise.sty
Package: exercise 2014/10/20 v1.6 Exercise package (P.Pichaureau)

(c:/texlive/2021/texmf-dist/tex/latex/base/ifthen.sty
Package: ifthen 2020/11/24 v1.1c Standard LaTeX ifthen package (DPC)
)
\ExerciseSkipBefore=\skip340
\ExerciseSkipAfter=\skip341
\AnswerSkipBefore=\skip342
\AnswerSkipAfter=\skip343
\Exesep=\skip344
\Exetopsep=\skip345
\Exeparsep=\skip346
\Exepartopsep=\skip347
\Exeleftmargin=\skip348
\Exerightmargin=\skip349
\Exelabelwidth=\skip350
\Exelabelsep=\skip351
\ExerciseBefore=\skip352
\QuestionBefore=\skip353
\subQuestionBefore=\skip354
\subsubQuestionBefore=\skip355
\QuestionIndent=\skip356
\subQuestionIndent=\skip357
\subsubQuestionIndent=\skip358
\c@Exercise=\count353
\c@Answer=\count354
\c@ExePart=\count355
\c@Question=\count356
\c@subQuestion=\count357
\c@subsubQuestion=\count358
\c@savedQuestion=\count359
\c@savedsubQuestion=\count360
\c@savedsubsubQuestion=\count361
\@QuestionLevel=\count362
\@Exercisebox=\box70
\all@Exercisebox=\box71
\temp@Exercisebox=\box72
\all@Answerbox=\box73
\temp@Answerbox=\box74
\ExerciseDifficulty=\count363
\QuestionDifficulty=\count364
\subQuestionDifficulty=\count365
\subsubQuestionDifficulty=\count366
\ExePartDifficulty=\count367
\@Answerbox=\box75
\colonnesLevel=\count368
\tempskipa=\skip359
\tempskipb=\skip360
\@savedmathindent=\skip361
))
(./0110_haram_color.aux)
\openout1 = `0110_haram_color.aux'.

LaTeX Font Info:    Checking defaults for OML/cmm/m/it on input line 3.
LaTeX Font Info:    ... okay on input line 3.
LaTeX Font Info:    Checking defaults for OMS/cmsy/m/n on input line 3.
LaTeX Font Info:    ... okay on input line 3.
LaTeX Font Info:    Checking defaults for OT1/cmr/m/n on input line 3.
LaTeX Font Info:    ... okay on input line 3.
LaTeX Font Info:    Checking defaults for T1/cmr/m/n on input line 3.
LaTeX Font Info:    ... okay on input line 3.
LaTeX Font Info:    Checking defaults for TS1/cmr/m/n on input line 3.
LaTeX Font Info:    ... okay on input line 3.
LaTeX Font Info:    Checking defaults for OMX/cmex/m/n on input line 3.
LaTeX Font Info:    ... okay on input line 3.
LaTeX Font Info:    Checking defaults for U/cmr/m/n on input line 3.
LaTeX Font Info:    ... okay on input line 3.
LaTeX Font Info:    Checking defaults for LUC/nanummj/m/n on input line 3.
LaTeX Font Info:    Trying to load font information for LUC+nanummj on input li
ne 3.

(c:/texlive/2021/texmf-dist/tex/latex/nanumtype1/lucnanummj.fd
File: lucnanummj.fd 2013/02/12 v0.1 Nanum Myeongjo font definitions
)
LaTeX Font Info:    ... okay on input line 3.
LaTeX Font Info:    Checking defaults for PD1/pdf/m/n on input line 3.
LaTeX Font Info:    ... okay on input line 3.
LaTeX Font Info:    Checking defaults for PU/pdf/m/n on input line 3.
LaTeX Font Info:    ... okay on input line 3.
   defining Unicode char U+00B7 (decimal 183)

(c:/texlive/2021/texmf-dist/tex/latex/kotex-oblivoir/memhangul-ucs/memucs-gremp
h.sty
Package: memucs-gremph 
LaTeX Info: Redefining \itshape on input line 74.
LaTeX Info: Redefining \slshape on input line 78.
)
Package hyperref Info: Link coloring OFF on input line 3.
 (c:/texlive/2021/texmf-dist/tex/latex/hyperref/nameref.sty
Package: nameref 2021-04-02 v2.47 Cross-referencing by name of section

(c:/texlive/2021/texmf-dist/tex/latex/refcount/refcount.sty
Package: refcount 2019/12/15 v3.6 Data extraction from label references (HO)
)
(c:/texlive/2021/texmf-dist/tex/generic/gettitlestring/gettitlestring.sty
Package: gettitlestring 2019/12/15 v1.6 Cleanup title references (HO)
)
\c@section@level=\count369
)
Redoing nameref's sectioning
Redoing nameref's label
LaTeX Info: Redefining \nameref on input line 3.
LaTeX Info: Redefining \ref on input line 3.
LaTeX Info: Redefining \pageref on input line 3.
LaTeX Info: Redefining \nameref on input line 3.
(./0110_haram_color.out) (./0110_haram_color.out)
\@outlinefile=\write4
\openout4 = `0110_haram_color.out'.


(c:/texlive/2021/texmf-dist/tex/context/base/mkii/supp-pdf.mkii
[Loading MPS to PDF converter (version 2006.09.02).]
\scratchcounter=\count370
\scratchdimen=\dimen279
\scratchbox=\box76
\nofMPsegments=\count371
\nofMParguments=\count372
\everyMPshowfont=\toks37
\MPscratchCnt=\count373
\MPscratchDim=\dimen280
\MPnumerator=\count374
\makeMPintoPDFobject=\count375
\everyMPtoPDFconversion=\toks38
) (c:/texlive/2021/texmf-dist/tex/latex/epstopdf-pkg/epstopdf-base.sty
Package: epstopdf-base 2020-01-24 v2.11 Base part for package epstopdf
Package epstopdf-base Info: Redefining graphics rule for `.eps' on input line 4
85.

(c:/texlive/2021/texmf-dist/tex/latex/latexconfig/epstopdf-sys.cfg
File: epstopdf-sys.cfg 2010/07/13 v1.3 Configuration of (r)epstopdf for TeX Liv
e
))
LaTeX Info: Redefining \celsius on input line 3.
Package gensymb Info: Faking symbols for \degree and \celsius on input line 3.


Package gensymb Warning: Not defining \perthousand.

LaTeX Info: Redefining \ohm on input line 3.
Package gensymb Info: Using \Omega for \ohm on input line 3.

Package gensymb Warning: Not defining \micro.

Package hyperref Info: bookmark level for unknown exercise defaults to 0 on inp
ut line 13.
LaTeX Font Info:    Trying to load font information for U+msa on input line 13.

(c:/texlive/2021/texmf-dist/tex/latex/amsfonts/umsa.fd
File: umsa.fd 2013/01/14 v3.01 AMS symbols A
)
LaTeX Font Info:    Trying to load font information for U+msb on input line 13.


(c:/texlive/2021/texmf-dist/tex/latex/amsfonts/umsb.fd
File: umsb.fd 2013/01/14 v3.01 AMS symbols B
)
<1.png, id=36, 126.4725pt x 67.75313pt>
File: 1.png Graphic file (type png)
<use 1.png>
Package pdftex.def Info: 1.png  used on input line 19.
(pdftex.def)             Requested size: 60.375pt x 32.34433pt.
File: 1.png Graphic file (type png)
<use 1.png>
Package pdftex.def Info: 1.png  used on input line 23.
(pdftex.def)             Requested size: 96.59853pt x 51.75032pt.
File: 1.png Graphic file (type png)
<use 1.png>
Package pdftex.def Info: 1.png  used on input line 24.
(pdftex.def)             Requested size: 96.59853pt x 51.75032pt.
File: 1.png Graphic file (type png)
<use 1.png>
Package pdftex.def Info: 1.png  used on input line 25.
(pdftex.def)             Requested size: 96.59853pt x 51.75032pt.
File: 1.png Graphic file (type png)
<use 1.png>
Package pdftex.def Info: 1.png  used on input line 26.
(pdftex.def)             Requested size: 96.59853pt x 51.75032pt.
File: 1.png Graphic file (type png)
<use 1.png>
Package pdftex.def Info: 1.png  used on input line 27.
(pdftex.def)             Requested size: 96.59853pt x 51.75032pt.
File: 1.png Graphic file (type png)
<use 1.png>
Package pdftex.def Info: 1.png  used on input line 28.
(pdftex.def)             Requested size: 96.59853pt x 51.75032pt.
File: 1.png Graphic file (type png)
<use 1.png>
Package pdftex.def Info: 1.png  used on input line 29.
(pdftex.def)             Requested size: 96.59853pt x 51.75032pt.
File: 1.png Graphic file (type png)
<use 1.png>
Package pdftex.def Info: 1.png  used on input line 30.
(pdftex.def)             Requested size: 96.59853pt x 51.75032pt.
File: 1.png Graphic file (type png)
<use 1.png>
Package pdftex.def Info: 1.png  used on input line 31.
(pdftex.def)             Requested size: 96.59853pt x 51.75032pt.
File: 1.png Graphic file (type png)
<use 1.png>
Package pdftex.def Info: 1.png  used on input line 32.
(pdftex.def)             Requested size: 96.59853pt x 51.75032pt.
File: 1.png Graphic file (type png)
<use 1.png>
Package pdftex.def Info: 1.png  used on input line 33.
(pdftex.def)             Requested size: 96.59853pt x 51.75032pt.
File: 1.png Graphic file (type png)
<use 1.png>
Package pdftex.def Info: 1.png  used on input line 34.
(pdftex.def)             Requested size: 96.59853pt x 51.75032pt.
File: 1.png Graphic file (type png)
<use 1.png>
Package pdftex.def Info: 1.png  used on input line 35.
(pdftex.def)             Requested size: 96.59853pt x 51.75032pt.
File: 1.png Graphic file (type png)
<use 1.png>
Package pdftex.def Info: 1.png  used on input line 36.
(pdftex.def)             Requested size: 96.59853pt x 51.75032pt.
File: 1.png Graphic file (type png)
<use 1.png>
Package pdftex.def Info: 1.png  used on input line 37.
(pdftex.def)             Requested size: 96.59853pt x 51.75032pt.
File: 1.png Graphic file (type png)
<use 1.png>
Package pdftex.def Info: 1.png  used on input line 38.
(pdftex.def)             Requested size: 96.59853pt x 51.75032pt.
<2.png, id=37, 185.19188pt x 67.75313pt>
File: 2.png Graphic file (type png)
<use 2.png>
Package pdftex.def Info: 2.png  used on input line 52.
(pdftex.def)             Requested size: 60.375pt x 22.08772pt.
File: 2.png Graphic file (type png)
<use 2.png>
Package pdftex.def Info: 2.png  used on input line 56.
(pdftex.def)             Requested size: 96.59853pt x 35.3414pt.
File: 2.png Graphic file (type png)
<use 2.png>
Package pdftex.def Info: 2.png  used on input line 57.
(pdftex.def)             Requested size: 96.59853pt x 35.3414pt.
File: 2.png Graphic file (type png)
<use 2.png>
Package pdftex.def Info: 2.png  used on input line 58.
(pdftex.def)             Requested size: 96.59853pt x 35.3414pt.
File: 2.png Graphic file (type png)
<use 2.png>
Package pdftex.def Info: 2.png  used on input line 59.
(pdftex.def)             Requested size: 96.59853pt x 35.3414pt.
File: 2.png Graphic file (type png)
<use 2.png>
Package pdftex.def Info: 2.png  used on input line 60.
(pdftex.def)             Requested size: 96.59853pt x 35.3414pt.
File: 2.png Graphic file (type png)
<use 2.png>
Package pdftex.def Info: 2.png  used on input line 61.
(pdftex.def)             Requested size: 96.59853pt x 35.3414pt.
File: 2.png Graphic file (type png)
<use 2.png>
Package pdftex.def Info: 2.png  used on input line 62.
(pdftex.def)             Requested size: 96.59853pt x 35.3414pt.
File: 2.png Graphic file (type png)
<use 2.png>
Package pdftex.def Info: 2.png  used on input line 63.
(pdftex.def)             Requested size: 96.59853pt x 35.3414pt.
File: 2.png Graphic file (type png)
<use 2.png>
Package pdftex.def Info: 2.png  used on input line 64.
(pdftex.def)             Requested size: 96.59853pt x 35.3414pt.
File: 2.png Graphic file (type png)
<use 2.png>
Package pdftex.def Info: 2.png  used on input line 65.
(pdftex.def)             Requested size: 96.59853pt x 35.3414pt.
File: 2.png Graphic file (type png)
<use 2.png>
Package pdftex.def Info: 2.png  used on input line 66.
(pdftex.def)             Requested size: 96.59853pt x 35.3414pt.
File: 2.png Graphic file (type png)
<use 2.png>
Package pdftex.def Info: 2.png  used on input line 67.
(pdftex.def)             Requested size: 96.59853pt x 35.3414pt.
File: 2.png Graphic file (type png)
<use 2.png>
Package pdftex.def Info: 2.png  used on input line 68.
(pdftex.def)             Requested size: 96.59853pt x 35.3414pt.
File: 2.png Graphic file (type png)
<use 2.png>
Package pdftex.def Info: 2.png  used on input line 69.
(pdftex.def)             Requested size: 96.59853pt x 35.3414pt.
File: 2.png Graphic file (type png)
<use 2.png>
Package pdftex.def Info: 2.png  used on input line 70.
(pdftex.def)             Requested size: 96.59853pt x 35.3414pt.
File: 2.png Graphic file (type png)
<use 2.png>
Package pdftex.def Info: 2.png  used on input line 71.
(pdftex.def)             Requested size: 96.59853pt x 35.3414pt.
File: 2.png Graphic file (type png)
<use 2.png>
Package pdftex.def Info: 2.png  used on input line 72.
(pdftex.def)             Requested size: 96.59853pt x 35.3414pt.
File: 2.png Graphic file (type png)
<use 2.png>
Package pdftex.def Info: 2.png  used on input line 73.
(pdftex.def)             Requested size: 96.59853pt x 35.3414pt.
File: 2.png Graphic file (type png)
<use 2.png>
Package pdftex.def Info: 2.png  used on input line 74.
(pdftex.def)             Requested size: 96.59853pt x 35.3414pt.
File: 2.png Graphic file (type png)
<use 2.png>
Package pdftex.def Info: 2.png  used on input line 75.
(pdftex.def)             Requested size: 96.59853pt x 35.3414pt.
File: 2.png Graphic file (type png)
<use 2.png>
Package pdftex.def Info: 2.png  used on input line 76.
(pdftex.def)             Requested size: 96.59853pt x 35.3414pt.
File: 2.png Graphic file (type png)
<use 2.png>
Package pdftex.def Info: 2.png  used on input line 77.
(pdftex.def)             Requested size: 96.59853pt x 35.3414pt.
File: 2.png Graphic file (type png)
<use 2.png>
Package pdftex.def Info: 2.png  used on input line 78.
(pdftex.def)             Requested size: 96.59853pt x 35.3414pt.
File: 2.png Graphic file (type png)
<use 2.png>
Package pdftex.def Info: 2.png  used on input line 79.
(pdftex.def)             Requested size: 96.59853pt x 35.3414pt.
File: 2.png Graphic file (type png)
<use 2.png>
Package pdftex.def Info: 2.png  used on input line 80.
(pdftex.def)             Requested size: 96.59853pt x 35.3414pt.
File: 2.png Graphic file (type png)
<use 2.png>
Package pdftex.def Info: 2.png  used on input line 81.
(pdftex.def)             Requested size: 96.59853pt x 35.3414pt.
File: 2.png Graphic file (type png)
<use 2.png>
Package pdftex.def Info: 2.png  used on input line 82.
(pdftex.def)             Requested size: 96.59853pt x 35.3414pt.
File: 2.png Graphic file (type png)
<use 2.png>
Package pdftex.def Info: 2.png  used on input line 83.
(pdftex.def)             Requested size: 96.59853pt x 35.3414pt.
File: 2.png Graphic file (type png)
<use 2.png>
Package pdftex.def Info: 2.png  used on input line 84.
(pdftex.def)             Requested size: 96.59853pt x 35.3414pt.
File: 2.png Graphic file (type png)
<use 2.png>
Package pdftex.def Info: 2.png  used on input line 85.
(pdftex.def)             Requested size: 96.59853pt x 35.3414pt.
File: 2.png Graphic file (type png)
<use 2.png>
Package pdftex.def Info: 2.png  used on input line 86.
(pdftex.def)             Requested size: 96.59853pt x 35.3414pt.
File: 2.png Graphic file (type png)
<use 2.png>
Package pdftex.def Info: 2.png  used on input line 87.
(pdftex.def)             Requested size: 96.59853pt x 35.3414pt.
File: 2.png Graphic file (type png)
<use 2.png>
Package pdftex.def Info: 2.png  used on input line 88.
(pdftex.def)             Requested size: 96.59853pt x 35.3414pt.
File: 2.png Graphic file (type png)
<use 2.png>
Package pdftex.def Info: 2.png  used on input line 89.
(pdftex.def)             Requested size: 96.59853pt x 35.3414pt.
File: 2.png Graphic file (type png)
<use 2.png>
Package pdftex.def Info: 2.png  used on input line 90.
(pdftex.def)             Requested size: 96.59853pt x 35.3414pt.
File: 2.png Graphic file (type png)
<use 2.png>
Package pdftex.def Info: 2.png  used on input line 91.
(pdftex.def)             Requested size: 96.59853pt x 35.3414pt.
File: 2.png Graphic file (type png)
<use 2.png>
Package pdftex.def Info: 2.png  used on input line 92.
(pdftex.def)             Requested size: 96.59853pt x 35.3414pt.
File: 2.png Graphic file (type png)
<use 2.png>
Package pdftex.def Info: 2.png  used on input line 93.
(pdftex.def)             Requested size: 96.59853pt x 35.3414pt.
File: 2.png Graphic file (type png)
<use 2.png>
Package pdftex.def Info: 2.png  used on input line 94.
(pdftex.def)             Requested size: 96.59853pt x 35.3414pt.
File: 2.png Graphic file (type png)
<use 2.png>
Package pdftex.def Info: 2.png  used on input line 95.
(pdftex.def)             Requested size: 96.59853pt x 35.3414pt.
File: 2.png Graphic file (type png)
<use 2.png>
Package pdftex.def Info: 2.png  used on input line 96.
(pdftex.def)             Requested size: 96.59853pt x 35.3414pt.
File: 2.png Graphic file (type png)
<use 2.png>
Package pdftex.def Info: 2.png  used on input line 97.
(pdftex.def)             Requested size: 96.59853pt x 35.3414pt.
File: 2.png Graphic file (type png)
<use 2.png>
Package pdftex.def Info: 2.png  used on input line 98.
(pdftex.def)             Requested size: 96.59853pt x 35.3414pt.
File: 2.png Graphic file (type png)
<use 2.png>
Package pdftex.def Info: 2.png  used on input line 99.
(pdftex.def)             Requested size: 96.59853pt x 35.3414pt.
File: 2.png Graphic file (type png)
<use 2.png>
Package pdftex.def Info: 2.png  used on input line 100.
(pdftex.def)             Requested size: 96.59853pt x 35.3414pt.
File: 2.png Graphic file (type png)
<use 2.png>
Package pdftex.def Info: 2.png  used on input line 101.
(pdftex.def)             Requested size: 96.59853pt x 35.3414pt.
File: 2.png Graphic file (type png)
<use 2.png>
Package pdftex.def Info: 2.png  used on input line 102.
(pdftex.def)             Requested size: 96.59853pt x 35.3414pt.
File: 2.png Graphic file (type png)
<use 2.png>
Package pdftex.def Info: 2.png  used on input line 103.
(pdftex.def)             Requested size: 96.59853pt x 35.3414pt.
File: 2.png Graphic file (type png)
<use 2.png>
Package pdftex.def Info: 2.png  used on input line 104.
(pdftex.def)             Requested size: 96.59853pt x 35.3414pt.
File: 2.png Graphic file (type png)
<use 2.png>
Package pdftex.def Info: 2.png  used on input line 105.
(pdftex.def)             Requested size: 96.59853pt x 35.3414pt.
File: 2.png Graphic file (type png)
<use 2.png>
Package pdftex.def Info: 2.png  used on input line 106.
(pdftex.def)             Requested size: 96.59853pt x 35.3414pt.
File: 2.png Graphic file (type png)
<use 2.png>
Package pdftex.def Info: 2.png  used on input line 107.
(pdftex.def)             Requested size: 96.59853pt x 35.3414pt.

Underfull \hbox (badness 10000) in paragraph at lines 55--108

 []

[1

{c:/texlive/2021/texmf-var/fonts/map/pdftex/updmap/pdftex.map} <./1.png> <./2.p
ng>]
<3.png, id=79, 246.9225pt x 72.27pt>
File: 3.png Graphic file (type png)
<use 3.png>
Package pdftex.def Info: 3.png  used on input line 120.
(pdftex.def)             Requested size: 60.375pt x 17.67046pt.
<4.png, id=80, 138.5175pt x 128.73094pt>
File: 4.png Graphic file (type png)
<use 4.png>
Package pdftex.def Info: 4.png  used on input line 134.
(pdftex.def)             Requested size: 60.375pt x 56.10945pt.
File: 4.png Graphic file (type png)
<use 4.png>
Package pdftex.def Info: 4.png  used on input line 138.
(pdftex.def)             Requested size: 48.30295pt x 44.88953pt.
File: 4.png Graphic file (type png)
<use 4.png>
Package pdftex.def Info: 4.png  used on input line 139.
(pdftex.def)             Requested size: 48.30295pt x 44.88953pt.
File: 4.png Graphic file (type png)
<use 4.png>
Package pdftex.def Info: 4.png  used on input line 140.
(pdftex.def)             Requested size: 48.30295pt x 44.88953pt.
File: 4.png Graphic file (type png)
<use 4.png>
Package pdftex.def Info: 4.png  used on input line 141.
(pdftex.def)             Requested size: 48.30295pt x 44.88953pt.
File: 4.png Graphic file (type png)
<use 4.png>
Package pdftex.def Info: 4.png  used on input line 142.
(pdftex.def)             Requested size: 48.30295pt x 44.88953pt.
File: 4.png Graphic file (type png)
<use 4.png>
Package pdftex.def Info: 4.png  used on input line 143.
(pdftex.def)             Requested size: 48.30295pt x 44.88953pt.
File: 4.png Graphic file (type png)
<use 4.png>
Package pdftex.def Info: 4.png  used on input line 144.
(pdftex.def)             Requested size: 48.30295pt x 44.88953pt.
File: 4.png Graphic file (type png)
<use 4.png>
Package pdftex.def Info: 4.png  used on input line 145.
(pdftex.def)             Requested size: 48.30295pt x 44.88953pt.
File: 4.png Graphic file (type png)
<use 4.png>
Package pdftex.def Info: 4.png  used on input line 146.
(pdftex.def)             Requested size: 48.30295pt x 44.88953pt.
File: 4.png Graphic file (type png)
<use 4.png>
Package pdftex.def Info: 4.png  used on input line 147.
(pdftex.def)             Requested size: 48.30295pt x 44.88953pt.
File: 4.png Graphic file (type png)
<use 4.png>
Package pdftex.def Info: 4.png  used on input line 148.
(pdftex.def)             Requested size: 48.30295pt x 44.88953pt.
File: 4.png Graphic file (type png)
<use 4.png>
Package pdftex.def Info: 4.png  used on input line 149.
(pdftex.def)             Requested size: 48.30295pt x 44.88953pt.
File: 4.png Graphic file (type png)
<use 4.png>
Package pdftex.def Info: 4.png  used on input line 150.
(pdftex.def)             Requested size: 48.30295pt x 44.88953pt.
File: 4.png Graphic file (type png)
<use 4.png>
Package pdftex.def Info: 4.png  used on input line 151.
(pdftex.def)             Requested size: 48.30295pt x 44.88953pt.
File: 4.png Graphic file (type png)
<use 4.png>
Package pdftex.def Info: 4.png  used on input line 152.
(pdftex.def)             Requested size: 48.30295pt x 44.88953pt.
File: 4.png Graphic file (type png)
<use 4.png>
Package pdftex.def Info: 4.png  used on input line 153.
(pdftex.def)             Requested size: 48.30295pt x 44.88953pt.
File: 4.png Graphic file (type png)
<use 4.png>
Package pdftex.def Info: 4.png  used on input line 154.
(pdftex.def)             Requested size: 48.30295pt x 44.88953pt.
File: 4.png Graphic file (type png)
<use 4.png>
Package pdftex.def Info: 4.png  used on input line 155.
(pdftex.def)             Requested size: 48.30295pt x 44.88953pt.
File: 4.png Graphic file (type png)
<use 4.png>
Package pdftex.def Info: 4.png  used on input line 156.
(pdftex.def)             Requested size: 48.30295pt x 44.88953pt.
File: 4.png Graphic file (type png)
<use 4.png>
Package pdftex.def Info: 4.png  used on input line 157.
(pdftex.def)             Requested size: 48.30295pt x 44.88953pt.
File: 4.png Graphic file (type png)
<use 4.png>
Package pdftex.def Info: 4.png  used on input line 158.
(pdftex.def)             Requested size: 48.30295pt x 44.88953pt.
File: 4.png Graphic file (type png)
<use 4.png>
Package pdftex.def Info: 4.png  used on input line 159.
(pdftex.def)             Requested size: 48.30295pt x 44.88953pt.
File: 4.png Graphic file (type png)
<use 4.png>
Package pdftex.def Info: 4.png  used on input line 160.
(pdftex.def)             Requested size: 48.30295pt x 44.88953pt.
File: 4.png Graphic file (type png)
<use 4.png>
Package pdftex.def Info: 4.png  used on input line 161.
(pdftex.def)             Requested size: 48.30295pt x 44.88953pt.
File: 4.png Graphic file (type png)
<use 4.png>
Package pdftex.def Info: 4.png  used on input line 162.
(pdftex.def)             Requested size: 48.30295pt x 44.88953pt.
File: 4.png Graphic file (type png)
<use 4.png>
Package pdftex.def Info: 4.png  used on input line 163.
(pdftex.def)             Requested size: 48.30295pt x 44.88953pt.
File: 4.png Graphic file (type png)
<use 4.png>
Package pdftex.def Info: 4.png  used on input line 164.
(pdftex.def)             Requested size: 48.30295pt x 44.88953pt.
File: 4.png Graphic file (type png)
<use 4.png>
Package pdftex.def Info: 4.png  used on input line 165.
(pdftex.def)             Requested size: 48.30295pt x 44.88953pt.
File: 4.png Graphic file (type png)
<use 4.png>
Package pdftex.def Info: 4.png  used on input line 166.
(pdftex.def)             Requested size: 48.30295pt x 44.88953pt.
File: 4.png Graphic file (type png)
<use 4.png>
Package pdftex.def Info: 4.png  used on input line 167.
(pdftex.def)             Requested size: 48.30295pt x 44.88953pt.
File: 4.png Graphic file (type png)
<use 4.png>
Package pdftex.def Info: 4.png  used on input line 168.
(pdftex.def)             Requested size: 48.30295pt x 44.88953pt.
File: 4.png Graphic file (type png)
<use 4.png>
Package pdftex.def Info: 4.png  used on input line 169.
(pdftex.def)             Requested size: 48.30295pt x 44.88953pt.
File: 4.png Graphic file (type png)
<use 4.png>
Package pdftex.def Info: 4.png  used on input line 170.
(pdftex.def)             Requested size: 48.30295pt x 44.88953pt.
File: 4.png Graphic file (type png)
<use 4.png>
Package pdftex.def Info: 4.png  used on input line 171.
(pdftex.def)             Requested size: 48.30295pt x 44.88953pt.
File: 4.png Graphic file (type png)
<use 4.png>
Package pdftex.def Info: 4.png  used on input line 172.
(pdftex.def)             Requested size: 48.30295pt x 44.88953pt.
File: 4.png Graphic file (type png)
<use 4.png>
Package pdftex.def Info: 4.png  used on input line 173.
(pdftex.def)             Requested size: 48.30295pt x 44.88953pt.
File: 4.png Graphic file (type png)
<use 4.png>
Package pdftex.def Info: 4.png  used on input line 174.
(pdftex.def)             Requested size: 48.30295pt x 44.88953pt.
File: 4.png Graphic file (type png)
<use 4.png>
Package pdftex.def Info: 4.png  used on input line 175.
(pdftex.def)             Requested size: 48.30295pt x 44.88953pt.
File: 4.png Graphic file (type png)
<use 4.png>
Package pdftex.def Info: 4.png  used on input line 176.
(pdftex.def)             Requested size: 48.30295pt x 44.88953pt.
File: 4.png Graphic file (type png)
<use 4.png>
Package pdftex.def Info: 4.png  used on input line 177.
(pdftex.def)             Requested size: 48.30295pt x 44.88953pt.

Underfull \hbox (badness 10000) in paragraph at lines 137--178

 []

[2 <./3.png> <./4.png>]
<5.png, id=87, 188.95593pt x 132.495pt>
File: 5.png Graphic file (type png)
<use 5.png>
Package pdftex.def Info: 5.png  used on input line 192.
(pdftex.def)             Requested size: 60.375pt x 42.33456pt.
File: 5.png Graphic file (type png)
<use 5.png>
Package pdftex.def Info: 5.png  used on input line 197.
(pdftex.def)             Requested size: 48.30295pt x 33.86967pt.
File: 5.png Graphic file (type png)
<use 5.png>
Package pdftex.def Info: 5.png  used on input line 198.
(pdftex.def)             Requested size: 48.30295pt x 33.86967pt.
File: 5.png Graphic file (type png)
<use 5.png>
Package pdftex.def Info: 5.png  used on input line 199.
(pdftex.def)             Requested size: 48.30295pt x 33.86967pt.
File: 5.png Graphic file (type png)
<use 5.png>
Package pdftex.def Info: 5.png  used on input line 200.
(pdftex.def)             Requested size: 48.30295pt x 33.86967pt.
File: 5.png Graphic file (type png)
<use 5.png>
Package pdftex.def Info: 5.png  used on input line 201.
(pdftex.def)             Requested size: 48.30295pt x 33.86967pt.
File: 5.png Graphic file (type png)
<use 5.png>
Package pdftex.def Info: 5.png  used on input line 202.
(pdftex.def)             Requested size: 48.30295pt x 33.86967pt.
File: 5.png Graphic file (type png)
<use 5.png>
Package pdftex.def Info: 5.png  used on input line 203.
(pdftex.def)             Requested size: 48.30295pt x 33.86967pt.
File: 5.png Graphic file (type png)
<use 5.png>
Package pdftex.def Info: 5.png  used on input line 204.
(pdftex.def)             Requested size: 48.30295pt x 33.86967pt.
File: 5.png Graphic file (type png)
<use 5.png>
Package pdftex.def Info: 5.png  used on input line 205.
(pdftex.def)             Requested size: 48.30295pt x 33.86967pt.
File: 5.png Graphic file (type png)
<use 5.png>
Package pdftex.def Info: 5.png  used on input line 206.
(pdftex.def)             Requested size: 48.30295pt x 33.86967pt.
File: 5.png Graphic file (type png)
<use 5.png>
Package pdftex.def Info: 5.png  used on input line 207.
(pdftex.def)             Requested size: 48.30295pt x 33.86967pt.
File: 5.png Graphic file (type png)
<use 5.png>
Package pdftex.def Info: 5.png  used on input line 208.
(pdftex.def)             Requested size: 48.30295pt x 33.86967pt.
File: 5.png Graphic file (type png)
<use 5.png>
Package pdftex.def Info: 5.png  used on input line 209.
(pdftex.def)             Requested size: 48.30295pt x 33.86967pt.
File: 5.png Graphic file (type png)
<use 5.png>
Package pdftex.def Info: 5.png  used on input line 210.
(pdftex.def)             Requested size: 48.30295pt x 33.86967pt.
File: 5.png Graphic file (type png)
<use 5.png>
Package pdftex.def Info: 5.png  used on input line 211.
(pdftex.def)             Requested size: 48.30295pt x 33.86967pt.
File: 5.png Graphic file (type png)
<use 5.png>
Package pdftex.def Info: 5.png  used on input line 212.
(pdftex.def)             Requested size: 48.30295pt x 33.86967pt.
File: 5.png Graphic file (type png)
<use 5.png>
Package pdftex.def Info: 5.png  used on input line 213.
(pdftex.def)             Requested size: 48.30295pt x 33.86967pt.
File: 5.png Graphic file (type png)
<use 5.png>
Package pdftex.def Info: 5.png  used on input line 214.
(pdftex.def)             Requested size: 48.30295pt x 33.86967pt.
File: 5.png Graphic file (type png)
<use 5.png>
Package pdftex.def Info: 5.png  used on input line 215.
(pdftex.def)             Requested size: 48.30295pt x 33.86967pt.
File: 5.png Graphic file (type png)
<use 5.png>
Package pdftex.def Info: 5.png  used on input line 216.
(pdftex.def)             Requested size: 48.30295pt x 33.86967pt.
File: 5.png Graphic file (type png)
<use 5.png>
Package pdftex.def Info: 5.png  used on input line 217.
(pdftex.def)             Requested size: 48.30295pt x 33.86967pt.
File: 5.png Graphic file (type png)
<use 5.png>
Package pdftex.def Info: 5.png  used on input line 218.
(pdftex.def)             Requested size: 48.30295pt x 33.86967pt.
File: 5.png Graphic file (type png)
<use 5.png>
Package pdftex.def Info: 5.png  used on input line 219.
(pdftex.def)             Requested size: 48.30295pt x 33.86967pt.
File: 5.png Graphic file (type png)
<use 5.png>
Package pdftex.def Info: 5.png  used on input line 220.
(pdftex.def)             Requested size: 48.30295pt x 33.86967pt.
File: 5.png Graphic file (type png)
<use 5.png>
Package pdftex.def Info: 5.png  used on input line 221.
(pdftex.def)             Requested size: 48.30295pt x 33.86967pt.
File: 5.png Graphic file (type png)
<use 5.png>
Package pdftex.def Info: 5.png  used on input line 222.
(pdftex.def)             Requested size: 48.30295pt x 33.86967pt.
File: 5.png Graphic file (type png)
<use 5.png>
Package pdftex.def Info: 5.png  used on input line 223.
(pdftex.def)             Requested size: 48.30295pt x 33.86967pt.
File: 5.png Graphic file (type png)
<use 5.png>
Package pdftex.def Info: 5.png  used on input line 224.
(pdftex.def)             Requested size: 48.30295pt x 33.86967pt.
File: 5.png Graphic file (type png)
<use 5.png>
Package pdftex.def Info: 5.png  used on input line 225.
(pdftex.def)             Requested size: 48.30295pt x 33.86967pt.
File: 5.png Graphic file (type png)
<use 5.png>
Package pdftex.def Info: 5.png  used on input line 226.
(pdftex.def)             Requested size: 48.30295pt x 33.86967pt.
File: 5.png Graphic file (type png)
<use 5.png>
Package pdftex.def Info: 5.png  used on input line 227.
(pdftex.def)             Requested size: 48.30295pt x 33.86967pt.
File: 5.png Graphic file (type png)
<use 5.png>
Package pdftex.def Info: 5.png  used on input line 228.
(pdftex.def)             Requested size: 48.30295pt x 33.86967pt.
File: 5.png Graphic file (type png)
<use 5.png>
Package pdftex.def Info: 5.png  used on input line 229.
(pdftex.def)             Requested size: 48.30295pt x 33.86967pt.
File: 5.png Graphic file (type png)
<use 5.png>
Package pdftex.def Info: 5.png  used on input line 230.
(pdftex.def)             Requested size: 48.30295pt x 33.86967pt.
File: 5.png Graphic file (type png)
<use 5.png>
Package pdftex.def Info: 5.png  used on input line 231.
(pdftex.def)             Requested size: 48.30295pt x 33.86967pt.
File: 5.png Graphic file (type png)
<use 5.png>
Package pdftex.def Info: 5.png  used on input line 232.
(pdftex.def)             Requested size: 48.30295pt x 33.86967pt.
File: 5.png Graphic file (type png)
<use 5.png>
Package pdftex.def Info: 5.png  used on input line 233.
(pdftex.def)             Requested size: 48.30295pt x 33.86967pt.
File: 5.png Graphic file (type png)
<use 5.png>
Package pdftex.def Info: 5.png  used on input line 234.
(pdftex.def)             Requested size: 48.30295pt x 33.86967pt.
File: 5.png Graphic file (type png)
<use 5.png>
Package pdftex.def Info: 5.png  used on input line 235.
(pdftex.def)             Requested size: 48.30295pt x 33.86967pt.
File: 5.png Graphic file (type png)
<use 5.png>
Package pdftex.def Info: 5.png  used on input line 236.
(pdftex.def)             Requested size: 48.30295pt x 33.86967pt.
File: 5.png Graphic file (type png)
<use 5.png>
Package pdftex.def Info: 5.png  used on input line 237.
(pdftex.def)             Requested size: 48.30295pt x 33.86967pt.
File: 5.png Graphic file (type png)
<use 5.png>
Package pdftex.def Info: 5.png  used on input line 238.
(pdftex.def)             Requested size: 48.30295pt x 33.86967pt.
File: 5.png Graphic file (type png)
<use 5.png>
Package pdftex.def Info: 5.png  used on input line 239.
(pdftex.def)             Requested size: 48.30295pt x 33.86967pt.
File: 5.png Graphic file (type png)
<use 5.png>
Package pdftex.def Info: 5.png  used on input line 240.
(pdftex.def)             Requested size: 48.30295pt x 33.86967pt.
File: 5.png Graphic file (type png)
<use 5.png>
Package pdftex.def Info: 5.png  used on input line 241.
(pdftex.def)             Requested size: 48.30295pt x 33.86967pt.
File: 5.png Graphic file (type png)
<use 5.png>
Package pdftex.def Info: 5.png  used on input line 242.
(pdftex.def)             Requested size: 48.30295pt x 33.86967pt.
File: 5.png Graphic file (type png)
<use 5.png>
Package pdftex.def Info: 5.png  used on input line 243.
(pdftex.def)             Requested size: 48.30295pt x 33.86967pt.
File: 5.png Graphic file (type png)
<use 5.png>
Package pdftex.def Info: 5.png  used on input line 244.
(pdftex.def)             Requested size: 48.30295pt x 33.86967pt.
File: 5.png Graphic file (type png)
<use 5.png>
Package pdftex.def Info: 5.png  used on input line 245.
(pdftex.def)             Requested size: 48.30295pt x 33.86967pt.
File: 5.png Graphic file (type png)
<use 5.png>
Package pdftex.def Info: 5.png  used on input line 246.
(pdftex.def)             Requested size: 48.30295pt x 33.86967pt.
File: 5.png Graphic file (type png)
<use 5.png>
Package pdftex.def Info: 5.png  used on input line 247.
(pdftex.def)             Requested size: 48.30295pt x 33.86967pt.
File: 5.png Graphic file (type png)
<use 5.png>
Package pdftex.def Info: 5.png  used on input line 248.
(pdftex.def)             Requested size: 48.30295pt x 33.86967pt.
File: 5.png Graphic file (type png)
<use 5.png>
Package pdftex.def Info: 5.png  used on input line 249.
(pdftex.def)             Requested size: 48.30295pt x 33.86967pt.
File: 5.png Graphic file (type png)
<use 5.png>
Package pdftex.def Info: 5.png  used on input line 250.
(pdftex.def)             Requested size: 48.30295pt x 33.86967pt.
File: 5.png Graphic file (type png)
<use 5.png>
Package pdftex.def Info: 5.png  used on input line 251.
(pdftex.def)             Requested size: 48.30295pt x 33.86967pt.
File: 5.png Graphic file (type png)
<use 5.png>
Package pdftex.def Info: 5.png  used on input line 252.
(pdftex.def)             Requested size: 48.30295pt x 33.86967pt.
File: 5.png Graphic file (type png)
<use 5.png>
Package pdftex.def Info: 5.png  used on input line 253.
(pdftex.def)             Requested size: 48.30295pt x 33.86967pt.
File: 5.png Graphic file (type png)
<use 5.png>
Package pdftex.def Info: 5.png  used on input line 254.
(pdftex.def)             Requested size: 48.30295pt x 33.86967pt.
File: 5.png Graphic file (type png)
<use 5.png>
Package pdftex.def Info: 5.png  used on input line 255.
(pdftex.def)             Requested size: 48.30295pt x 33.86967pt.
File: 5.png Graphic file (type png)
<use 5.png>
Package pdftex.def Info: 5.png  used on input line 256.
(pdftex.def)             Requested size: 48.30295pt x 33.86967pt.
File: 5.png Graphic file (type png)
<use 5.png>
Package pdftex.def Info: 5.png  used on input line 257.
(pdftex.def)             Requested size: 48.30295pt x 33.86967pt.
File: 5.png Graphic file (type png)
<use 5.png>
Package pdftex.def Info: 5.png  used on input line 258.
(pdftex.def)             Requested size: 48.30295pt x 33.86967pt.
File: 5.png Graphic file (type png)
<use 5.png>
Package pdftex.def Info: 5.png  used on input line 259.
(pdftex.def)             Requested size: 48.30295pt x 33.86967pt.
File: 5.png Graphic file (type png)
<use 5.png>
Package pdftex.def Info: 5.png  used on input line 260.
(pdftex.def)             Requested size: 48.30295pt x 33.86967pt.
File: 5.png Graphic file (type png)
<use 5.png>
Package pdftex.def Info: 5.png  used on input line 261.
(pdftex.def)             Requested size: 48.30295pt x 33.86967pt.
File: 5.png Graphic file (type png)
<use 5.png>
Package pdftex.def Info: 5.png  used on input line 262.
(pdftex.def)             Requested size: 48.30295pt x 33.86967pt.
File: 5.png Graphic file (type png)
<use 5.png>
Package pdftex.def Info: 5.png  used on input line 263.
(pdftex.def)             Requested size: 48.30295pt x 33.86967pt.
File: 5.png Graphic file (type png)
<use 5.png>
Package pdftex.def Info: 5.png  used on input line 264.
(pdftex.def)             Requested size: 48.30295pt x 33.86967pt.
File: 5.png Graphic file (type png)
<use 5.png>
Package pdftex.def Info: 5.png  used on input line 265.
(pdftex.def)             Requested size: 48.30295pt x 33.86967pt.
File: 5.png Graphic file (type png)
<use 5.png>
Package pdftex.def Info: 5.png  used on input line 266.
(pdftex.def)             Requested size: 48.30295pt x 33.86967pt.
File: 5.png Graphic file (type png)
<use 5.png>
Package pdftex.def Info: 5.png  used on input line 267.
(pdftex.def)             Requested size: 48.30295pt x 33.86967pt.
File: 5.png Graphic file (type png)
<use 5.png>
Package pdftex.def Info: 5.png  used on input line 268.
(pdftex.def)             Requested size: 48.30295pt x 33.86967pt.
File: 5.png Graphic file (type png)
<use 5.png>
Package pdftex.def Info: 5.png  used on input line 269.
(pdftex.def)             Requested size: 48.30295pt x 33.86967pt.
File: 5.png Graphic file (type png)
<use 5.png>
Package pdftex.def Info: 5.png  used on input line 270.
(pdftex.def)             Requested size: 48.30295pt x 33.86967pt.
File: 5.png Graphic file (type png)
<use 5.png>
Package pdftex.def Info: 5.png  used on input line 271.
(pdftex.def)             Requested size: 48.30295pt x 33.86967pt.
File: 5.png Graphic file (type png)
<use 5.png>
Package pdftex.def Info: 5.png  used on input line 272.
(pdftex.def)             Requested size: 48.30295pt x 33.86967pt.
File: 5.png Graphic file (type png)
<use 5.png>
Package pdftex.def Info: 5.png  used on input line 273.
(pdftex.def)             Requested size: 48.30295pt x 33.86967pt.
File: 5.png Graphic file (type png)
<use 5.png>
Package pdftex.def Info: 5.png  used on input line 274.
(pdftex.def)             Requested size: 48.30295pt x 33.86967pt.
File: 5.png Graphic file (type png)
<use 5.png>
Package pdftex.def Info: 5.png  used on input line 275.
(pdftex.def)             Requested size: 48.30295pt x 33.86967pt.
File: 5.png Graphic file (type png)
<use 5.png>
Package pdftex.def Info: 5.png  used on input line 276.
(pdftex.def)             Requested size: 48.30295pt x 33.86967pt.
<6.png, id=88, 187.45032pt x 126.4725pt>
File: 6.png Graphic file (type png)
<use 6.png>
Package pdftex.def Info: 6.png  used on input line 290.
(pdftex.def)             Requested size: 60.375pt x 40.73447pt.
<7.png, id=94, 97.11281pt x 65.49469pt>
File: 7.png Graphic file (type png)
<use 7.png>
Package pdftex.def Info: 7.png  used on input line 304.
(pdftex.def)             Requested size: 60.375pt x 40.7192pt.
<8.png, id=96, 93.34875pt x 119.69719pt>
File: 8.png Graphic file (type png)
<use 8.png>
Package pdftex.def Info: 8.png  used on input line 318.
(pdftex.def)             Requested size: 60.375pt x 77.41685pt.
File: 1.png Graphic file (type png)
<use 1.png>
Package pdftex.def Info: 1.png  used on input line 335.
(pdftex.def)             Requested size: 60.375pt x 32.34433pt.
 [3 <./5.png> <./6.png> <./7.png> <./8.png>]
File: 1.png Graphic file (type png)
<use 1.png>
Package pdftex.def Info: 1.png  used on input line 347.
(pdftex.def)             Requested size: 60.375pt x 32.34433pt.
File: 1.png Graphic file (type png)
<use 1.png>
Package pdftex.def Info: 1.png  used on input line 351.
(pdftex.def)             Requested size: 96.59853pt x 51.75032pt.
File: 1.png Graphic file (type png)
<use 1.png>
Package pdftex.def Info: 1.png  used on input line 352.
(pdftex.def)             Requested size: 96.59853pt x 51.75032pt.
File: 1.png Graphic file (type png)
<use 1.png>
Package pdftex.def Info: 1.png  used on input line 353.
(pdftex.def)             Requested size: 96.59853pt x 51.75032pt.
File: 1.png Graphic file (type png)
<use 1.png>
Package pdftex.def Info: 1.png  used on input line 354.
(pdftex.def)             Requested size: 96.59853pt x 51.75032pt.
File: 1.png Graphic file (type png)
<use 1.png>
Package pdftex.def Info: 1.png  used on input line 355.
(pdftex.def)             Requested size: 96.59853pt x 51.75032pt.
File: 1.png Graphic file (type png)
<use 1.png>
Package pdftex.def Info: 1.png  used on input line 356.
(pdftex.def)             Requested size: 96.59853pt x 51.75032pt.
File: 1.png Graphic file (type png)
<use 1.png>
Package pdftex.def Info: 1.png  used on input line 357.
(pdftex.def)             Requested size: 96.59853pt x 51.75032pt.
File: 1.png Graphic file (type png)
<use 1.png>
Package pdftex.def Info: 1.png  used on input line 358.
(pdftex.def)             Requested size: 96.59853pt x 51.75032pt.
File: 1.png Graphic file (type png)
<use 1.png>
Package pdftex.def Info: 1.png  used on input line 359.
(pdftex.def)             Requested size: 96.59853pt x 51.75032pt.
File: 1.png Graphic file (type png)
<use 1.png>
Package pdftex.def Info: 1.png  used on input line 360.
(pdftex.def)             Requested size: 96.59853pt x 51.75032pt.
File: 1.png Graphic file (type png)
<use 1.png>
Package pdftex.def Info: 1.png  used on input line 361.
(pdftex.def)             Requested size: 96.59853pt x 51.75032pt.
File: 1.png Graphic file (type png)
<use 1.png>
Package pdftex.def Info: 1.png  used on input line 362.
(pdftex.def)             Requested size: 96.59853pt x 51.75032pt.
File: 2.png Graphic file (type png)
<use 2.png>
Package pdftex.def Info: 2.png  used on input line 373.
(pdftex.def)             Requested size: 60.375pt x 22.08772pt.
File: 2.png Graphic file (type png)
<use 2.png>
Package pdftex.def Info: 2.png  used on input line 385.
(pdftex.def)             Requested size: 60.375pt x 22.08772pt.
File: 2.png Graphic file (type png)
<use 2.png>
Package pdftex.def Info: 2.png  used on input line 389.
(pdftex.def)             Requested size: 96.59853pt x 35.3414pt.
File: 2.png Graphic file (type png)
<use 2.png>
Package pdftex.def Info: 2.png  used on input line 390.
(pdftex.def)             Requested size: 96.59853pt x 35.3414pt.
File: 2.png Graphic file (type png)
<use 2.png>
Package pdftex.def Info: 2.png  used on input line 391.
(pdftex.def)             Requested size: 96.59853pt x 35.3414pt.
File: 2.png Graphic file (type png)
<use 2.png>
Package pdftex.def Info: 2.png  used on input line 392.
(pdftex.def)             Requested size: 96.59853pt x 35.3414pt.
File: 2.png Graphic file (type png)
<use 2.png>
Package pdftex.def Info: 2.png  used on input line 393.
(pdftex.def)             Requested size: 96.59853pt x 35.3414pt.
File: 2.png Graphic file (type png)
<use 2.png>
Package pdftex.def Info: 2.png  used on input line 394.
(pdftex.def)             Requested size: 96.59853pt x 35.3414pt.
File: 2.png Graphic file (type png)
<use 2.png>
Package pdftex.def Info: 2.png  used on input line 395.
(pdftex.def)             Requested size: 96.59853pt x 35.3414pt.
File: 2.png Graphic file (type png)
<use 2.png>
Package pdftex.def Info: 2.png  used on input line 396.
(pdftex.def)             Requested size: 96.59853pt x 35.3414pt.
File: 2.png Graphic file (type png)
<use 2.png>
Package pdftex.def Info: 2.png  used on input line 397.
(pdftex.def)             Requested size: 96.59853pt x 35.3414pt.
File: 2.png Graphic file (type png)
<use 2.png>
Package pdftex.def Info: 2.png  used on input line 398.
(pdftex.def)             Requested size: 96.59853pt x 35.3414pt.
File: 2.png Graphic file (type png)
<use 2.png>
Package pdftex.def Info: 2.png  used on input line 399.
(pdftex.def)             Requested size: 96.59853pt x 35.3414pt.
File: 2.png Graphic file (type png)
<use 2.png>
Package pdftex.def Info: 2.png  used on input line 400.
(pdftex.def)             Requested size: 96.59853pt x 35.3414pt.
File: 2.png Graphic file (type png)
<use 2.png>
Package pdftex.def Info: 2.png  used on input line 401.
(pdftex.def)             Requested size: 96.59853pt x 35.3414pt.
File: 2.png Graphic file (type png)
<use 2.png>
Package pdftex.def Info: 2.png  used on input line 402.
(pdftex.def)             Requested size: 96.59853pt x 35.3414pt.
File: 2.png Graphic file (type png)
<use 2.png>
Package pdftex.def Info: 2.png  used on input line 403.
(pdftex.def)             Requested size: 96.59853pt x 35.3414pt.
File: 2.png Graphic file (type png)
<use 2.png>
Package pdftex.def Info: 2.png  used on input line 404.
(pdftex.def)             Requested size: 96.59853pt x 35.3414pt.
File: 2.png Graphic file (type png)
<use 2.png>
Package pdftex.def Info: 2.png  used on input line 405.
(pdftex.def)             Requested size: 96.59853pt x 35.3414pt.
File: 2.png Graphic file (type png)
<use 2.png>
Package pdftex.def Info: 2.png  used on input line 406.
(pdftex.def)             Requested size: 96.59853pt x 35.3414pt.
File: 2.png Graphic file (type png)
<use 2.png>
Package pdftex.def Info: 2.png  used on input line 407.
(pdftex.def)             Requested size: 96.59853pt x 35.3414pt.
File: 2.png Graphic file (type png)
<use 2.png>
Package pdftex.def Info: 2.png  used on input line 408.
(pdftex.def)             Requested size: 96.59853pt x 35.3414pt.
File: 2.png Graphic file (type png)
<use 2.png>
Package pdftex.def Info: 2.png  used on input line 409.
(pdftex.def)             Requested size: 96.59853pt x 35.3414pt.
File: 2.png Graphic file (type png)
<use 2.png>
Package pdftex.def Info: 2.png  used on input line 410.
(pdftex.def)             Requested size: 96.59853pt x 35.3414pt.
File: 2.png Graphic file (type png)
<use 2.png>
Package pdftex.def Info: 2.png  used on input line 411.
(pdftex.def)             Requested size: 96.59853pt x 35.3414pt.
File: 2.png Graphic file (type png)
<use 2.png>
Package pdftex.def Info: 2.png  used on input line 412.
(pdftex.def)             Requested size: 96.59853pt x 35.3414pt.
File: 2.png Graphic file (type png)
<use 2.png>
Package pdftex.def Info: 2.png  used on input line 413.
(pdftex.def)             Requested size: 96.59853pt x 35.3414pt.
File: 2.png Graphic file (type png)
<use 2.png>
Package pdftex.def Info: 2.png  used on input line 414.
(pdftex.def)             Requested size: 96.59853pt x 35.3414pt.
File: 2.png Graphic file (type png)
<use 2.png>
Package pdftex.def Info: 2.png  used on input line 415.
(pdftex.def)             Requested size: 96.59853pt x 35.3414pt.
File: 2.png Graphic file (type png)
<use 2.png>
Package pdftex.def Info: 2.png  used on input line 416.
(pdftex.def)             Requested size: 96.59853pt x 35.3414pt.
 [4]
[5] (./0110_haram_color.aux)
Package rerunfilecheck Info: File `0110_haram_color.out' has not changed.
(rerunfilecheck)             Checksum: 961BC339A8891637847914BA7B549F2D;146.
 ) 
Here is how much of TeX's memory you used:
 17816 strings out of 478353
 281599 string characters out of 5852100
 638544 words of memory out of 5000000
 35556 multiletter control sequences out of 15000+600000
 420347 words of font info for 80 fonts, out of 8000000 for 9000
 1141 hyphenation exceptions out of 8191
 105i,12n,107p,479b,485s stack positions out of 5000i,500n,10000p,200000b,80000s
{c:/texlive/2021/texmf-dist/fonts/enc/dvips/cm-super/cm-super-t1.enc}<c:/texl
ive/2021/texmf-dist/fonts/type1/public/amsfonts/cm/cmmi10.pfb><c:/texlive/2021/
texmf-dist/fonts/type1/public/nanumtype1/nanummjbac.pfb><c:/texlive/2021/texmf-
dist/fonts/type1/public/nanumtype1/nanummjbb2.pfb><c:/texlive/2021/texmf-dist/f
onts/type1/public/nanumtype1/nanummjbbb.pfb><c:/texlive/2021/texmf-dist/fonts/t
ype1/public/nanumtype1/nanummjbc2.pfb><c:/texlive/2021/texmf-dist/fonts/type1/p
ublic/nanumtype1/nanummjbc5.pfb><c:/texlive/2021/texmf-dist/fonts/type1/public/
nanumtype1/nanummjbc6.pfb><c:/texlive/2021/texmf-dist/fonts/type1/public/nanumt
ype1/nanummjbc7.pfb><c:/texlive/2021/texmf-dist/fonts/type1/public/nanumtype1/n
anummjbc8.pfb><c:/texlive/2021/texmf-dist/fonts/type1/public/nanumtype1/nanummj
mac.pfb><c:/texlive/2021/texmf-dist/fonts/type1/public/nanumtype1/nanummjmad.pf
b><c:/texlive/2021/texmf-dist/fonts/type1/public/nanumtype1/nanummjmb0.pfb><c:/
texlive/2021/texmf-dist/fonts/type1/public/nanumtype1/nanummjmb1.pfb><c:/texliv
e/2021/texmf-dist/fonts/type1/public/nanumtype1/nanummjmb2.pfb><c:/texlive/2021
/texmf-dist/fonts/type1/public/nanumtype1/nanummjmb3.pfb><c:/texlive/2021/texmf
-dist/fonts/type1/public/nanumtype1/nanummjmb4.pfb><c:/texlive/2021/texmf-dist/
fonts/type1/public/nanumtype1/nanummjmb5.pfb><c:/texlive/2021/texmf-dist/fonts/
type1/public/nanumtype1/nanummjmb7.pfb><c:/texlive/2021/texmf-dist/fonts/type1/
public/nanumtype1/nanummjmb8.pfb><c:/texlive/2021/texmf-dist/fonts/type1/public
/nanumtype1/nanummjmb9.pfb><c:/texlive/2021/texmf-dist/fonts/type1/public/nanum
type1/nanummjmbb.pfb><c:/texlive/2021/texmf-dist/fonts/type1/public/nanumtype1/
nanummjmbc.pfb><c:/texlive/2021/texmf-dist/fonts/type1/public/nanumtype1/nanumm
jmbe.pfb><c:/texlive/2021/texmf-dist/fonts/type1/public/nanumtype1/nanummjmc0.p
fb><c:/texlive/2021/texmf-dist/fonts/type1/public/nanumtype1/nanummjmc1.pfb><c:
/texlive/2021/texmf-dist/fonts/type1/public/nanumtype1/nanummjmc2.pfb><c:/texli
ve/2021/texmf-dist/fonts/type1/public/nanumtype1/nanummjmc5.pfb><c:/texlive/202
1/texmf-dist/fonts/type1/public/nanumtype1/nanummjmc6.pfb><c:/texlive/2021/texm
f-dist/fonts/type1/public/nanumtype1/nanummjmc7.pfb><c:/texlive/2021/texmf-dist
/fonts/type1/public/nanumtype1/nanummjmc8.pfb><c:/texlive/2021/texmf-dist/fonts
/type1/public/nanumtype1/nanummjmc9.pfb><c:/texlive/2021/texmf-dist/fonts/type1
/public/nanumtype1/nanummjmca.pfb><c:/texlive/2021/texmf-dist/fonts/type1/publi
c/nanumtype1/nanummjmce.pfb><c:/texlive/2021/texmf-dist/fonts/type1/public/nanu
mtype1/nanummjmd0.pfb><c:/texlive/2021/texmf-dist/fonts/type1/public/nanumtype1
/nanummjmd1.pfb><c:/texlive/2021/texmf-dist/fonts/type1/public/nanumtype1/nanum
mjmd2.pfb><c:/texlive/2021/texmf-dist/fonts/type1/public/nanumtype1/nanummjmd3.
pfb><c:/texlive/2021/texmf-dist/fonts/type1/public/nanumtype1/nanummjmd5.pfb><c
:/texlive/2021/texmf-dist/fonts/type1/public/cm-super/sfbx1000.pfb><c:/texlive/
2021/texmf-dist/fonts/type1/public/cm-super/sfbx1200.pfb><c:/texlive/2021/texmf
-dist/fonts/type1/public/cm-super/sfrm1000.pfb>
Output written on 0110_haram_color.pdf (5 pages, 1615816 bytes).
PDF statistics:
 295 PDF objects out of 1000 (max. 8388607)
 166 compressed objects within 2 object streams
 16 named destinations out of 1000 (max. 500000)
 173 words of extra memory for PDF output out of 10000 (max. 10000000)

