This is XeTeX, Version 3.1415926-2.4-0.9998 (TeX Live 2012/W32TeX) (format=xelatex 2013.3.9)  2 DEC 2015 16:34
entering extended mode
 restricted \write18 enabled.
 %&-line parsing enabled.
**151202_Seung_Jae_22_6-2_15.tex
(./151202_Seung_Jae_22_6-2_15.tex
LaTeX2e <2011/06/27>
Babel <v3.8m> and hyphenation patterns for english, dumylang, nohyphenation, ge
rman-x-2012-05-30, ngerman-x-2012-05-30, afrikaans, ancientgreek, ibycus, arabi
c, armenian, basque, bulgarian, catalan, pinyin, coptic, croatian, czech, danis
h, dutch, ukenglish, usenglishmax, esperanto, estonian, ethiopic, farsi, finnis
h, french, friulan, galician, german, ngerman, swissgerman, monogreek, greek, h
ungarian, icelandic, assamese, bengali, gujarati, hindi, kannada, malayalam, ma
rathi, oriya, panjabi, tamil, telugu, indonesian, interlingua, irish, italian, 
kurmanji, latin, latvian, lithuanian, mongolian, mongolianlmc, bokmal, nynorsk,
 piedmontese, polish, portuguese, romanian, romansh, russian, sanskrit, serbian
, serbianc, slovak, slovenian, spanish, swedish, turkish, turkmen, ukrainian, u
ppersorbian, welsh, loaded.
(c:/usr/texlive/2012/texmf-dist/tex/latex/kotex/utf/oblivoir/oblivoir.cls
Document Class: oblivoir 2009/03/11

(c:/usr/texlive/2012/texmf-dist/tex/latex/kotex-dev/xoblivoir/oblivoir-xlua.cls
Document Class: oblivoir-xlua 2012/11/22 v0.4.4 article-like class to typeset U
TF-8 korean using memoir.
A variant of oblivoir class for Lua- or XeLaTeX.
(c:/usr/texlive/2012/texmf-dist/tex/latex/xkeyval/xkeyval.sty
Package: xkeyval 2012/10/14 v2.6b package option processing (HA)

(c:/usr/texlive/2012/texmf-dist/tex/generic/xkeyval/xkeyval.tex
\XKV@toks=\toks14
\XKV@tempa@toks=\toks15
\XKV@depth=\count80
File: xkeyval.tex 2012/10/14 v2.6b key=value parser (HA)

(c:/usr/texlive/2012/texmf-dist/tex/generic/xkeyval/keyval.tex)))
\fa@setheight=\skip41
\fa@setwidth=\skip42

(c:/usr/texlive/2012/texmf-dist/tex/latex/memoir/memoir.cls
Document Class: memoir 2011/03/06 v3.6j configurable book, report, article docu
ment class
\onelineskip=\skip43
\lxvchars=\skip44
\xlvchars=\skip45
\@memcnta=\count81
\c@@memmarkcntra=\count82
(c:/usr/texlive/2012/texmf-dist/tex/generic/oberdiek/ifpdf.sty
Package: ifpdf 2011/01/30 v2.3 Provides the ifpdf switch (HO)
Package ifpdf Info: pdfTeX in PDF mode is not detected.
)
(c:/usr/texlive/2012/texmf-dist/tex/latex/ifetex/ifetex.sty
Package: ifetex 2011/12/15 v1.2 ifetex

(c:/usr/texlive/2012/texmf-dist/tex/plain/ifetex/ifetex.tex))
(c:/usr/texlive/2012/texmf-dist/tex/generic/ifxetex/ifxetex.sty
Package: ifxetex 2010/09/12 v0.6 Provides ifxetex conditional
)
(c:/usr/texlive/2012/texmf-dist/tex/generic/oberdiek/ifluatex.sty
Package: ifluatex 2010/03/01 v1.3 Provides the ifluatex switch (HO)
Package ifluatex Info: LuaTeX not detected.
)
\stockheight=\skip46
\stockwidth=\skip47
\trimtop=\skip48
\trimedge=\skip49

(c:/usr/texlive/2012/texmf-dist/tex/latex/etex-pkg/etex.sty
Package: etex 1998/03/26 v2.0 eTeX basic definition package (PEB)
\et@xins=\count83
)
(c:/usr/texlive/2012/texmf-dist/tex/latex/memoir/mem10.clo
File: mem10.clo 2008/01/30 v0.3 memoir class 10pt size option
)
\binding=\skip50
\spinemargin=\skip51
\foremargin=\skip52
\uppermargin=\skip53
\lowermargin=\skip54
\headdrop=\skip55
\normalrulethickness=\skip56
\mem@maxheadheight=\skip57
\mem@maxfootheight=\skip58
\headwidth=\skip59
\c@storedpagenumber=\count84
\memPD=\dimen102
\m@mabparskip=\skip60
\thanksmarkwidth=\skip61
\thanksmarksep=\skip62
\droptitle=\skip63
\c@book=\count85
\c@part=\count86
\c@chapter=\count87
\c@section=\count88
\c@subsection=\count89
\c@subsubsection=\count90
\c@paragraph=\count91
\c@subparagraph=\count92
\beforechapskip=\skip64
\midchapskip=\skip65
\afterchapskip=\skip66
\chapindent=\skip67
\bottomsectionskip=\skip68
\secindent=\skip69
\beforesecskip=\skip70
\aftersecskip=\skip71
\subsecindent=\skip72
\beforesubsecskip=\skip73
\aftersubsecskip=\skip74
\subsubsecindent=\skip75
\beforesubsubsecskip=\skip76
\aftersubsubsecskip=\skip77
\paraindent=\skip78
\beforeparaskip=\skip79
\afterparaskip=\skip80
\subparaindent=\skip81
\beforesubparaskip=\skip82
\aftersubparaskip=\skip83
\pfbreakskip=\skip84
\c@@ppsavesec=\count93
\c@@ppsaveapp=\count94
\ragrparindent=\dimen103
\everylistparindent=\dimen104
\parsepi=\skip85
\topsepi=\skip86
\itemsepi=\skip87
\parsepii=\skip88
\topsepii=\skip89
\topsepiii=\skip90
\itemsepii=\skip91
\itemsepiii=\skip92
\partopsepii=\skip93
\partopsepiii=\skip94
\m@msavetopsep=\skip95
\m@msavepartopsep=\skip96
\@enLab=\toks16
\abstitleskip=\skip97
\absleftindent=\skip98
\abs@leftindent=\dimen105
\absrightindent=\skip99
\absparindent=\skip100
\absparsep=\skip101
\c@vslineno=\count95
\c@poemline=\count96
\c@modulo@vs=\count97
\c@memfvsline=\count98
\vleftskip=\skip102
\vrightskip=\skip103
\stanzaskip=\skip104
\versewidth=\skip105
\vgap=\skip106
\vindent=\skip107
\vleftmargin=\dimen106
\c@verse=\count99
\c@chrsinstr=\count100
\beforepoemtitleskip=\skip108
\afterpoemtitleskip=\skip109
\c@poem=\count101
\beforePoemTitleskip=\skip110
\midPoemTitleskip=\skip111
\afterPoemTitleskip=\skip112
\col@sep=\dimen107
\extrarowheight=\dimen108
\NC@list=\toks17
\extratabsurround=\skip113
\backup@length=\skip114
\TX@col@width=\dimen109
\TX@old@table=\dimen110
\TX@old@col=\dimen111
\TX@target=\dimen112
\TX@delta=\dimen113
\TX@cols=\count102
\TX@ftn=\toks18
\heavyrulewidth=\dimen114
\lightrulewidth=\dimen115
\cmidrulewidth=\dimen116
\belowrulesep=\dimen117
\belowbottomsep=\dimen118
\aboverulesep=\dimen119
\abovetopsep=\dimen120
\cmidrulesep=\dimen121
\cmidrulekern=\dimen122
\defaultaddspace=\dimen123
\@cmidla=\count103
\@cmidlb=\count104
\@aboverulesep=\dimen124
\@belowrulesep=\dimen125
\@thisruleclass=\count105
\@lastruleclass=\count106
\@thisrulewidth=\dimen126
\ctableftskip=\skip115
\ctabrightskip=\skip116
\abovecolumnspenalty=\count107
\@linestogo=\count108
\@cellstogo=\count109
\@cellsincolumn=\count110
\crtok=\toks19
\@mincolumnwidth=\dimen127
\c@newflo@tctr=\count111
\mem@margin@floatbox=\box26
\@contcwidth=\skip117
\@contindw=\skip118
\abovecaptionskip=\skip119
\belowcaptionskip=\skip120
\subfloattopskip=\skip121
\subfloatcapskip=\skip122
\subfloatcaptopadj=\skip123
\subfloatbottomskip=\skip124
\subfloatlabelskip=\skip125
\subfloatcapmargin=\dimen128
\c@@contsubnum=\count112
\m@mscap@capbox=\box27
\m@mscap@fbox=\box28
\sidecapsep=\dimen129
\sidecapwidth=\dimen130
\m@m@tempdima=\dimen131
\m@mscapraise=\dimen132
\sidecapraise=\dimen133
\m@mscapmainwidth=\dimen134
\m@mscaplkern=\dimen135
\beforeepigraphskip=\skip126
\afterepigraphskip=\skip127
\epigraphwidth=\skip128
\epigraphrule=\skip129
LaTeX Info: Redefining \em on input line 7377.
LaTeX Info: Redefining \emph on input line 7385.
\tocentryskip=\skip130
\tocbaseline=\skip131
\cftparskip=\skip132
\cftbeforebookskip=\skip133
\cftbookindent=\dimen136
\cftbooknumwidth=\dimen137
\cftbeforepartskip=\skip134
\cftpartindent=\skip135
\cftpartnumwidth=\skip136
\cftbeforechapterskip=\skip137
\cftchapterindent=\skip138
\cftchapternumwidth=\skip139
\cftbeforesectionskip=\skip140
\cftsectionindent=\skip141
\cftsectionnumwidth=\skip142
\cftbeforesubsectionskip=\skip143
\cftsubsectionindent=\skip144
\cftsubsectionnumwidth=\skip145
\cftbeforesubsubsectionskip=\skip146
\cftsubsubsectionindent=\skip147
\cftsubsubsectionnumwidth=\skip148
\cftbeforeparagraphskip=\skip149
\cftparagraphindent=\skip150
\cftparagraphnumwidth=\skip151
\cftbeforesubparagraphskip=\skip152
\cftsubparagraphindent=\skip153
\cftsubparagraphnumwidth=\skip154
\prechapterprecisshift=\dimen138
\c@maxsecnumdepth=\count113
\bibindent=\dimen139
\bibitemsep=\skip155
\indexcolsep=\skip156
\indexrule=\skip157
\indexmarkstyle=\toks20
\@indexbox=\insert233
\glossarycolsep=\dimen140
\glossaryrule=\dimen141
\sideparvshift=\skip158
\sideins=\insert232
\sidebartopsep=\skip159
\sidebarhsep=\skip160
\sidebarvsep=\skip161
\sidebarwidth=\skip162
\footmarkwidth=\skip163
\footmarksep=\skip164
\footparindent=\skip165
\footinsdim=\skip166
\footinsv@r=\insert231
\@mpfootinsv@r=\insert230
\m@m@k=\count114
\m@m@h=\dimen142
\m@mipn@skip=\skip167
\sidefootins=\insert229
\sidefootadjust=\skip168
\sidefootheight=\skip169
\sidefoothsep=\skip170
\sidefootvsep=\skip171
\sidefootwidth=\skip172
\m@mdownsf=\skip173
\c@sidefootnote=\count115
\sidefootmarkwidth=\skip174
\sidefootmarksep=\skip175
\sidefootparindent=\skip176
\c@pagenote=\count116
\c@pagenoteshadow=\count117
\mem@pn@lastkern=\skip177
\every@verbatim=\toks21
\afterevery@verbatim=\toks22
\verbatim@line=\toks23
\tab@position=\count118
\verbatim@in@stream=\read1
\verbatimindent=\skip178
\verbatim@out=\write3
\bvboxsep=\skip179
\c@memfbvline=\count119
\c@bvlinectr=\count120
\bvnumlength=\skip180
\fb@frw=\dimen143
\fb@frh=\dimen144
\FrameRule=\dimen145
\FrameSep=\dimen146
\c@cp@cntr=\count121
LaTeX Info: Redefining \: on input line 11807.
LaTeX Info: Redefining \! on input line 11809.
\c@ism@mctr=\count122
\c@xsm@mctr=\count123
\c@csm@mctr=\count124
\c@ksm@mctr=\count125
\c@xksm@mctr=\count126
\c@cksm@mctr=\count127
\c@msm@mctr=\count128
\c@xmsm@mctr=\count129
\c@cmsm@mctr=\count130
\c@bsm@mctr=\count131
\c@workm@mctr=\count132
\c@sheetsequence=\count133
\c@lastsheet=\count134
\c@lastpage=\count135
\c@figure=\count136
\c@lofdepth=\count137
\cftbeforefigureskip=\skip181
\cftfigureindent=\skip182
\cftfigurenumwidth=\skip183
\c@table=\count138
\c@lotdepth=\count139
\cftbeforetableskip=\skip184
\cfttableindent=\skip185
\cfttablenumwidth=\skip186
Package abstract [2008/07/23] emulated by memoir.
Package appendix [2008/07/23] emulated by memoir.
Package array [2008/07/23] emulated by memoir.
Package booktabs [2008/07/23] emulated by memoir.
Package ccaption [2008/07/23] emulated by memoir.
Package changepage [2008/07/23] emulated by memoir.
Package chngcntr [2008/07/23] emulated by memoir.
Package chngpage [2008/07/23] emulated by memoir.
Package crop emulated by memoir.
Package dcolumn [2008/07/23] emulated by memoir.
Package delarray [2008/07/23] emulated by memoir.
Package enumerate [2008/07/23] emulated by memoir.
Package epigraph [2008/07/23] emulated by memoir.
Package ifmtarg [2008/07/23] emulated by memoir.
Package index [2008/07/23] emulated by memoir.
Package makeidx [2008/07/23] emulated by memoir.
Package moreverb [2008/07/23] emulated by memoir.
Package mparhack [2008/07/23] emulated by memoir.
Package needspace [2008/07/23] emulated by memoir.
Package newfile [2008/07/23] emulated by memoir.
Package nextpage [2008/07/23] emulated by memoir.
Package pagenote [2008/07/23] emulated by memoir.
Package parskip [2008/07/23] emulated by memoir.
Package patchcmd [2008/07/23] emulated by memoir.
Package setspace [2008/07/23] emulated by memoir.
Package shortvrb [2008/07/23] emulated by memoir.
Package showidx [2008/07/23] emulated by memoir.
Package tabularx [2008/07/23] emulated by memoir.
Package titleref [2008/07/23] emulated by memoir.
Package titling [2008/07/23] emulated by memoir.
Package tocbibind [2008/07/23] emulated by memoir.
Package tocloft [2008/07/23] emulated by memoir.
Package tocvsec2 [2008/07/23] emulated by memoir.
Package verbatim [2008/07/23] emulated by memoir.
Package verse [2008/07/23] emulated by memoir.

(c:/usr/texlive/2012/texmf-dist/tex/latex/memoir/mempatch.sty
Package: mempatch 2009/07/24 v6.0f Patches for memoir class v1.6180339
))
(c:/usr/texlive/2012/texmf-dist/tex/latex/kotex-dev/xoblivoir/memhangul-x.sty
Package: memhangul-x 2012/12/02UCS Hangul Package for memoir class

A variant of memhangul-ucs for luaTeX or XeTeX
(c:/usr/texlive/2012/texmf-dist/tex/latex/kotex-dev/xoblivoir/xetexko-var.sty
Package: xetexko-var 2011/09/15 v0.11w Korean Typesetting under XeTeX

(c:/usr/texlive/2012/texmf-dist/tex/xelatex/kotex-dev/xetexko/xetexko-space.sty
Package: xetexko-space 2012/12/06 v1.99.2 Korean spacings and fonts under XeTeX

\XKcjkclosing=\XeTeXintercharclass4
\XKcjkcolon=\XeTeXintercharclass5
\XKcjkfullstop=\XeTeXintercharclass6
\XKcjkliaison=\XeTeXintercharclass7
\XKcjkextrastop=\XeTeXintercharclass8
\XKcjksymbol=\XeTeXintercharclass9
\XKhangulsyllable=\XeTeXintercharclass10
\XKhangulchosong=\XeTeXintercharclass11
\XKhanguljungjong=\XeTeXintercharclass12
\XKlatinopening=\XeTeXintercharclass13
\XKlatinclosing=\XeTeXintercharclass14
\XKopeningquote=\XeTeXintercharclass15
\XKclosingquote=\XeTeXintercharclass16
\XKlatinfullstop=\XeTeXintercharclass17
\XKlatinquestion=\XeTeXintercharclass18
\XKlatinexclamation=\XeTeXintercharclass19
\XKlatinhyphen=\XeTeXintercharclass20
\XKlatincomma=\XeTeXintercharclass21
\XKlatincolon=\XeTeXintercharclass22
\XKlatinnumber=\XeTeXintercharclass23
) (c:/usr/texlive/2012/texmf-dist/tex/latex/kotex-dev/xoblivoir/xob-dotemph.sty

(c:/usr/texlive/2012/texmf-dist/tex/xelatex/kotex-dev/xetexko/xetexko-dotemph.s
ty
Package: xetexko-dotemph 2011/03/14 v1.2 dot-emphasis under xetexko
))
(c:/usr/texlive/2012/texmf-dist/tex/xelatex/kotex-dev/xetexko/xetexko-josa.sty
Package: xetexko-josa 2010/02/10 v1.8.4 Korean auto-josa under XeTeX
\@josa=\count140
)
(c:/usr/texlive/2012/texmf-dist/tex/xelatex/kotex-dev/xetexko/xetexko-hyper.sty
Package: xetexko-hyper 2011/03/14 v1.8 xetexko supports hyperref outline
)
(c:/usr/texlive/2012/texmf-dist/tex/xelatex/kotex-dev/xetexko/xetexko-vertical.
sty
Package: xetexko-vertical 2012/12/13 v1.92 vertical environment for xetexko
)
(c:/usr/texlive/2012/texmf-dist/tex/latex/kotex-dev/xoblivoir/xetexko-xobfont.s
ty
Package: xetexko-xobfont 2009/10/12 v0.75 Korean font definition in conjunction
 with xetexko-space, a variant

(c:/usr/texlive/2012/texmf-dist/tex/xelatex/kotex-dev/xetexko/xetexko-font.sty
Package: xetexko-font 2012/09/14 v1.98 Korean font definition with xetex-ko

(c:/usr/texlive/2012/texmf-dist/tex/latex/xltxtra/xltxtra.sty
Package: xltxtra 2010/09/20 v0.5e Improvements for the "XeLaTeX" format

(c:/usr/texlive/2012/texmf-dist/tex/latex/fontspec/fontspec.sty
Package: fontspec 2013/02/25 v2.3 Font selection for XeLaTeX and LuaLaTeX

(c:/usr/texlive/2012/texmf-dist/tex/latex/l3kernel/expl3.sty
(c:/usr/texlive/2012/texmf-dist/tex/latex/l3kernel/l3names.sty
(c:/usr/texlive/2012/texmf-dist/tex/latex/l3kernel/l3bootstrap.sty
Package: l3bootstrap 2012/07/16 v3991 L3 Experimental bootstrap code
)
Package: l3names 2012/12/07 v4346 L3 Namespace for primitives
)
Package: expl3 2012/12/21 v4390 L3 Experimental code bundle wrapper

(c:/usr/texlive/2012/texmf-dist/tex/latex/l3kernel/l3basics.sty
Package: l3basics 2012/11/24 v4339 L3 Basic definitions
)
(c:/usr/texlive/2012/texmf-dist/tex/latex/l3kernel/l3expan.sty
Package: l3expan 2012/08/28 v4149 L3 Argument expansion
)
(c:/usr/texlive/2012/texmf-dist/tex/latex/l3kernel/l3tl.sty
Package: l3tl 2012/11/24 v4339 L3 Token lists
)
(c:/usr/texlive/2012/texmf-dist/tex/latex/l3kernel/l3seq.sty
Package: l3seq 2012/11/24 v4339 L3 Sequences and stacks
)
(c:/usr/texlive/2012/texmf-dist/tex/latex/l3kernel/l3int.sty
Package: l3int 2012/09/26 v4237 L3 Integers
\c_max_int=\count141
\l_tmpa_int=\count142
\l_tmpb_int=\count143
\g_tmpa_int=\count144
\g_tmpb_int=\count145
\l_tmpc_int=\count146
)
(c:/usr/texlive/2012/texmf-dist/tex/latex/l3kernel/l3quark.sty
Package: l3quark 2012/11/04 v4268 L3 Quarks
)
(c:/usr/texlive/2012/texmf-dist/tex/latex/l3kernel/l3prg.sty
Package: l3prg 2012/11/24 v4339 L3 Control structures
\g__prg_map_int=\count147
)
(c:/usr/texlive/2012/texmf-dist/tex/latex/l3kernel/l3clist.sty
Package: l3clist 2012/11/24 v4339 L3 Comma separated lists
)
(c:/usr/texlive/2012/texmf-dist/tex/latex/l3kernel/l3token.sty
Package: l3token 2012/12/20 v4384 L3 Experimental token manipulation
)
(c:/usr/texlive/2012/texmf-dist/tex/latex/l3kernel/l3prop.sty
Package: l3prop 2012/09/09 v4212 L3 Property lists
)
(c:/usr/texlive/2012/texmf-dist/tex/latex/l3kernel/l3msg.sty
Package: l3msg 2012/09/09 v4212 L3 Messages
)
(c:/usr/texlive/2012/texmf-dist/tex/latex/l3kernel/l3file.sty
Package: l3file 2012/12/20 v4377 L3 File and I/O operations
\l__ior_stream_int=\count148
\l_iow_line_count_int=\count149
\l__iow_target_count_int=\count150
\l__iow_current_line_int=\count151
\l__iow_current_word_int=\count152
\l__iow_current_indentation_int=\count153
)
(c:/usr/texlive/2012/texmf-dist/tex/latex/l3kernel/l3skip.sty
Package: l3skip 2012/11/04 v4260 L3 Dimensions and skips
\c_zero_dim=\dimen147
\c_max_dim=\dimen148
\l_tmpa_dim=\dimen149
\l_tmpb_dim=\dimen150
\g_tmpa_dim=\dimen151
\g_tmpb_dim=\dimen152
\c_zero_skip=\skip187
\c_max_skip=\skip188
\l_tmpa_skip=\skip189
\l_tmpb_skip=\skip190
\g_tmpa_skip=\skip191
\g_tmpb_skip=\skip192
\c_zero_muskip=\muskip10
\c_max_muskip=\muskip11
\l_tmpa_muskip=\muskip12
\l_tmpb_muskip=\muskip13
\g_tmpa_muskip=\muskip14
\g_tmpb_muskip=\muskip15
)
(c:/usr/texlive/2012/texmf-dist/tex/latex/l3kernel/l3keys.sty
Package: l3keys 2012/11/02 v4256 L3 Experimental key-value interfaces
\g__keyval_level_int=\count154
\l_keys_choice_int=\count155
)
(c:/usr/texlive/2012/texmf-dist/tex/latex/l3kernel/l3fp.sty
Package: l3fp 2012/11/10 v4305 L3 Floating points
\c__fp_leading_shift_int=\count156
\c__fp_middle_shift_int=\count157
\c__fp_trailing_shift_int=\count158
\c__fp_big_leading_shift_int=\count159
\c__fp_big_middle_shift_int=\count160
\c__fp_big_trailing_shift_int=\count161
\c__fp_Bigg_leading_shift_int=\count162
\c__fp_Bigg_middle_shift_int=\count163
\c__fp_Bigg_trailing_shift_int=\count164
)
(c:/usr/texlive/2012/texmf-dist/tex/latex/l3kernel/l3box.sty
Package: l3box 2012/12/08 v4347 L3 Experimental boxes
\c_empty_box=\box29
\l_tmpa_box=\box30
\l_tmpb_box=\box31
\g_tmpa_box=\box32
\g_tmpb_box=\box33
)
(c:/usr/texlive/2012/texmf-dist/tex/latex/l3kernel/l3coffins.sty
Package: l3coffins 2012/09/09 v4212 L3 Coffin code layer
\l__coffin_internal_box=\box34
\l__coffin_internal_dim=\dimen153
\l__coffin_offset_x_dim=\dimen154
\l__coffin_offset_y_dim=\dimen155
\l__coffin_x_dim=\dimen156
\l__coffin_y_dim=\dimen157
\l__coffin_x_prime_dim=\dimen158
\l__coffin_y_prime_dim=\dimen159
\c_empty_coffin=\box35
\l__coffin_aligned_coffin=\box36
\l__coffin_aligned_internal_coffin=\box37
\l_tmpa_coffin=\box38
\l_tmpb_coffin=\box39
\l__coffin_display_coffin=\box40
\l__coffin_display_coord_coffin=\box41
\l__coffin_display_pole_coffin=\box42
\l__coffin_display_offset_dim=\dimen160
\l__coffin_display_x_dim=\dimen161
\l__coffin_display_y_dim=\dimen162
)
(c:/usr/texlive/2012/texmf-dist/tex/latex/l3kernel/l3color.sty
Package: l3color 2012/08/29 v4156 L3 Experimental color support
)
(c:/usr/texlive/2012/texmf-dist/tex/latex/l3kernel/l3luatex.sty
Package: l3luatex 2012/08/03 v4049 L3 Experimental LuaTeX-specific functions
\g__cctab_allocate_int=\count165
\g__cctab_stack_int=\count166
)
(c:/usr/texlive/2012/texmf-dist/tex/latex/l3kernel/l3candidates.sty
Package: l3candidates 2012/12/20 v4383 L3 Experimental additions to l3kernel
\l__box_top_dim=\dimen163
\l__box_bottom_dim=\dimen164
\l__box_left_dim=\dimen165
\l__box_right_dim=\dimen166
\l__box_top_new_dim=\dimen167
\l__box_bottom_new_dim=\dimen168
\l__box_left_new_dim=\dimen169
\l__box_right_new_dim=\dimen170
\l__box_internal_box=\box43
\l__coffin_bounding_shift_dim=\dimen171
\l__coffin_left_corner_dim=\dimen172
\l__coffin_right_corner_dim=\dimen173
\l__coffin_bottom_corner_dim=\dimen174
\l__coffin_top_corner_dim=\dimen175
\l__coffin_scaled_total_height_dim=\dimen176
\l__coffin_scaled_width_dim=\dimen177
))
(c:/usr/texlive/2012/texmf-dist/tex/latex/l3packages/xparse/xparse.sty
Package: xparse 2012/12/21 v4390 L3 Experimental document command parser
\l__xparse_current_arg_int=\count167
\l__xparse_m_args_int=\count168
\l__xparse_mandatory_args_int=\count169
\l__xparse_processor_int=\count170
\l__xparse_v_nesting_int=\count171
)
\l_fontspec_script_int=\count172
\l_fontspec_language_int=\count173
\l_fontspec_strnum_int=\count174
\l_fontspec_tmpa_dim=\dimen178
\l_fontspec_tmpb_dim=\dimen179
\l_fontspec_tmpc_dim=\dimen180
Variant \tl_gset:cV already defined; not changing it on line 69

(c:/usr/texlive/2012/texmf-dist/tex/latex/fontspec/fontspec-patches.sty
Package: fontspec-patches 2013/02/25 v2.3 Font selection for XeLaTeX and LuaLaT
eX

(c:/usr/texlive/2012/texmf-dist/tex/latex/base/fixltx2e.sty
Package: fixltx2e 2006/09/13 v1.1m fixes to LaTeX
LaTeX Info: Redefining \em on input line 420.
LaTeX Info: Redefining \textsubscript on input line 424.
)
LaTeX Info: Redefining \em on input line 22.
LaTeX Info: Redefining \emph on input line 30.
LaTeX Info: Redefining \- on input line 33.

*************************************************
* LaTeX warning: "xparse/redefine-command"
* 
* Redefining document command \oldstylenums with arg. spec. 'm' on line 128.
*************************************************
.................................................
. LaTeX info: "xparse/define-command"
. 
. Defining document command \liningnums with arg. spec. 'm' on line 132.
.................................................
) (c:/usr/texlive/2012/texmf-dist/tex/latex/fontspec/fontspec-xetex.sty
Package: fontspec-xetex 2013/02/25 v2.3 Font selection for XeLaTeX and LuaLaTeX


(c:/usr/texlive/2012/texmf-dist/tex/latex/base/fontenc.sty
Package: fontenc 2005/09/27 v1.99g Standard LaTeX package

(c:/usr/texlive/2012/texmf-dist/tex/latex/euenc/eu1enc.def
File: eu1enc.def 2010/05/27 v0.1h Experimental Unicode font encodings
)
LaTeX Font Info:    Try loading font information for EU1+lmr on input line 100.


(c:/usr/texlive/2012/texmf-dist/tex/latex/euenc/eu1lmr.fd
File: eu1lmr.fd 2009/10/30 v1.6 Font defs for Latin Modern
))
(c:/usr/texlive/2012/texmf-dist/tex/xelatex/xunicode/xunicode.sty
File: xunicode.sty 2011/09/09 v0.981 provides access to latin accents and many 
other characters in Unicode lower plane

(c:/usr/texlive/2012/texmf-dist/tex/latex/tipa/t3enc.def
File: t3enc.def 2001/12/31 T3 encoding
LaTeX Font Info:    Try loading font information for EU1+lmss on input line 357
.

(c:/usr/texlive/2012/texmf-dist/tex/latex/euenc/eu1lmss.fd
File: eu1lmss.fd 2009/10/30 v1.6 Font defs for Latin Modern
))
\tipaTiiicode=\count175
\tipasavetokens=\toks24
\tipachecktokens=\toks25

(c:/usr/texlive/2012/texmf-dist/tex/latex/graphics/graphicx.sty
Package: graphicx 1999/02/16 v1.0f Enhanced LaTeX Graphics (DPC,SPQR)

(c:/usr/texlive/2012/texmf-dist/tex/latex/graphics/graphics.sty
Package: graphics 2009/02/05 v1.0o Standard LaTeX Graphics (DPC,SPQR)

(c:/usr/texlive/2012/texmf-dist/tex/latex/graphics/trig.sty
Package: trig 1999/03/16 v1.09 sin cos tan (DPC)
)
(c:/usr/texlive/2012/texmf-dist/tex/latex/latexconfig/graphics.cfg
File: graphics.cfg 2010/04/23 v1.9 graphics configuration of TeX Live
)
Package graphics Info: Driver file: xetex.def on input line 91.

(c:/usr/texlive/2012/texmf-dist/tex/xelatex/xetex-def/xetex.def
File: xetex.def 2013/02/04 v0.95 LaTeX color/graphics driver for XeTeX (RRM/JK)

))
\Gin@req@height=\dimen181
\Gin@req@width=\dimen182
))
.................................................
. LaTeX info: "xparse/define-command"
. 
. Defining document command \fontspec with arg. spec. 'O{}m' on line 41.
.................................................
.................................................
. LaTeX info: "xparse/define-command"
. 
. Defining document command \setmainfont with arg. spec. 'O{}m' on line 46.
.................................................
.................................................
. LaTeX info: "xparse/define-command"
. 
. Defining document command \setsansfont with arg. spec. 'O{}m' on line 51.
.................................................
.................................................
. LaTeX info: "xparse/define-command"
. 
. Defining document command \setmonofont with arg. spec. 'O{}m' on line 56.
.................................................
.................................................
. LaTeX info: "xparse/define-command"
. 
. Defining document command \setmathrm with arg. spec. 'O{}m' on line 65.
.................................................
.................................................
. LaTeX info: "xparse/define-command"
. 
. Defining document command \setboldmathrm with arg. spec. 'O{}m' on line 69.
.................................................
.................................................
. LaTeX info: "xparse/define-command"
. 
. Defining document command \setmathsf with arg. spec. 'O{}m' on line 73.
.................................................
.................................................
. LaTeX info: "xparse/define-command"
. 
. Defining document command \setmathtt with arg. spec. 'O{}m' on line 77.
.................................................
.................................................
. LaTeX info: "xparse/define-command"
. 
. Defining document command \newfontfamily with arg. spec. 'mO{}m' on line 96.
.................................................
.................................................
. LaTeX info: "xparse/define-command"
. 
. Defining document command \newfontface with arg. spec. 'mO{}m' on line 100.
.................................................
.................................................
. LaTeX info: "xparse/define-command"
. 
. Defining document command \defaultfontfeatures with arg. spec. 'om' on line
. 108.
.................................................
.................................................
. LaTeX info: "xparse/define-command"
. 
. Defining document command \addfontfeatures with arg. spec. 'm' on line 144.
.................................................
.................................................
. LaTeX info: "xparse/define-command"
. 
. Defining document command \newfontfeature with arg. spec. 'mm' on line 156.
.................................................
.................................................
. LaTeX info: "xparse/define-command"
. 
. Defining document command \newAATfeature with arg. spec. 'mmmm' on line 164.
.................................................
.................................................
. LaTeX info: "xparse/define-command"
. 
. Defining document command \newICUfeature with arg. spec. 'mmm' on line 172.
.................................................
.................................................
. LaTeX info: "xparse/define-command"
. 
. Defining document command \aliasfontfeature with arg. spec. 'mm' on line
. 201.
.................................................
.................................................
. LaTeX info: "xparse/define-command"
. 
. Defining document command \aliasfontfeatureoption with arg. spec. 'mmm' on
. line 203.
.................................................
.................................................
. LaTeX info: "xparse/define-command"
. 
. Defining document command \newfontscript with arg. spec. 'mm' on line 208.
.................................................
.................................................
. LaTeX info: "xparse/define-command"
. 
. Defining document command \newfontlanguage with arg. spec. 'mm' on line 235.
.................................................
.................................................
. LaTeX info: "xparse/define-command"
. 
. Defining document command \DeclareFontsExtensions with arg. spec. 'm' on
. line 256.
.................................................
Variant \prop_gput:cnV already defined; not changing it on line 582
Variant \prop_gput:cnx already defined; not changing it on line 583
\l_fontspec_tmp_int=\count176
LaTeX Info: Redefining \itshape on input line 2091.
LaTeX Info: Redefining \slshape on input line 2096.
LaTeX Info: Redefining \scshape on input line 2101.
LaTeX Info: Redefining \upshape on input line 2106.

(c:/usr/texlive/2012/texmf-dist/tex/latex/fontspec/fontspec.cfg)))
(c:/usr/texlive/2012/texmf-dist/tex/latex/realscripts/realscripts.sty
Package: realscripts 2013/02/27 v0.3b Access OpenType subscripts and superscrip
ts
.................................................
. LaTeX info: "xparse/define-command"
. 
. Defining document command \fakesubscript with arg. spec. 'm' on line 19.
.................................................
.................................................
. LaTeX info: "xparse/define-command"
. 
. Defining document command \fakesuperscript with arg. spec. 'm' on line 22.
.................................................

*************************************************
* LaTeX warning: "xparse/redefine-command"
* 
* Redefining document command \textsubscript with arg. spec. 's' on line 25.
*************************************************
*************************************************
* LaTeX warning: "xparse/redefine-command"
* 
* Redefining document command \textsuperscript with arg. spec. 's' on line 28.
*************************************************
.................................................
. LaTeX info: "xparse/define-command"
. 
. Defining document command \realsubscript with arg. spec. 'm' on line 45.
.................................................
.................................................
. LaTeX info: "xparse/define-command"
. 
. Defining document command \realsuperscript with arg. spec. 'm' on line 60.
.................................................
.................................................
. LaTeX info: "xparse/define-command"
. 
. Defining document command \textsubsuperscript with arg. spec. 'sO{l}mm' on
. line 137.
.................................................
.................................................
. LaTeX info: "xparse/define-command"
. 
. Defining document command \textsupersubscript with arg. spec. 'sO{l}mm' on
. line 140.
.................................................
\subsupersep=\dimen183
) (c:/usr/texlive/2012/texmf-dist/tex/latex/metalogo/metalogo.sty
Package: metalogo 2010/05/29 v0.12 Extended TeX logo macros
\xl@everylogo=\toks26
\xl@@everylogo=\toks27
LaTeX Info: Redefining \TeX on input line 193.
LaTeX Info: Redefining \LaTeX on input line 202.
LaTeX Info: Redefining \LaTeXe on input line 219.
)
\xxt@tempbox=\box44
)
\XK@font@options=\toks28
\g__ior_internal_ior=\read2
.................................................
. fontspec info: "no-scripts"
. 
. Font UnBatang does not contain any OpenType `Script' information.
.................................................
\g_fontspec_family_UnBatang_int=\count177
.................................................
. fontspec info: "defining-font"
. 
. Font family 'UnBatang(0)' created for font 'UnBatang' with options [
. ExternalLocation, Mapping=tex-text, BoldFont=UnBatangBold,
. ItalicFont=UnBatang, ItalicFeatures={FakeSlant=0.17}, SlantedFont=UnBatang,
. SlantedFeatures={FakeSlant=0.17}, BoldItalicFont=UnBatangBold,
. BoldItalicFeatures={FakeSlant=0.17}, BoldSlantedFont=UnBatangBold,
. BoldSlantedFeatures={FakeSlant=0.17}].
. 
. This font family consists of the following shapes:
. 
. * 'normal' with NFSS spec.:
. <->"[UnBatang]/ICU:mapping=tex-text;"
. 
. * 'bold' with NFSS spec.:
. <->"[UnBatangBold]/ICU:mapping=tex-text;"
. 
. * 'italic' with NFSS spec.:
. <->"[UnBatang]/ICU:mapping=tex-text;slant=0.17;"
. 
. * 'sl/,FakeSlant=0.17' with NFSS spec.:
. <->"[UnBatang]/ICU:mapping=tex-text;slant=0.17;"
. 
. * 'bold italic' with NFSS spec.:
. <->"[UnBatangBold]/ICU:mapping=tex-text;slant=0.17;"
. 
. * 'sl/,FakeSlant=0.17' with NFSS spec.:
. <->"[UnBatangBold]/ICU:mapping=tex-text;slant=0.17;"
.................................................
.................................................
. fontspec info: "no-scripts"
. 
. Font UnDotum does not contain any OpenType `Script' information.
.................................................
\g_fontspec_family_UnDotum_int=\count178
.................................................
. fontspec info: "defining-font"
. 
. Font family 'UnDotum(0)' created for font 'UnDotum' with options [
. ExternalLocation, Mapping=tex-text, BoldFont=UnDotumBold,
. ItalicFont=UnDotum, ItalicFeatures={FakeSlant=0.17}, SlantedFont=UnDotum,
. SlantedFeatures={FakeSlant=0.17}, BoldItalicFont=UnDotumBold,
. BoldItalicFeatures={FakeSlant=0.17}, BoldSlantedFont=UnDotumBold,
. BoldSlantedFeatures={FakeSlant=0.17}].
. 
. This font family consists of the following shapes:
. 
. * 'normal' with NFSS spec.:
. <->"[UnDotum]/ICU:mapping=tex-text;"
. 
. * 'bold' with NFSS spec.:
. <->"[UnDotumBold]/ICU:mapping=tex-text;"
. 
. * 'italic' with NFSS spec.:
. <->"[UnDotum]/ICU:mapping=tex-text;slant=0.17;"
. 
. * 'sl/,FakeSlant=0.17' with NFSS spec.:
. <->"[UnDotum]/ICU:mapping=tex-text;slant=0.17;"
. 
. * 'bold italic' with NFSS spec.:
. <->"[UnDotumBold]/ICU:mapping=tex-text;slant=0.17;"
. 
. * 'sl/,FakeSlant=0.17' with NFSS spec.:
. <->"[UnDotumBold]/ICU:mapping=tex-text;slant=0.17;"
.................................................
.................................................
. fontspec info: "no-scripts"
. 
. Font UnTaza does not contain any OpenType `Script' information.
.................................................
\g_fontspec_family_UnTaza_int=\count179
.................................................
. fontspec info: "defining-font"
. 
. Font family 'UnTaza(0)' created for font 'UnTaza' with options [
. ExternalLocation, Scale=1.05, BoldFont=UnTaza, BoldFeatures={FakeBold=2},
. ItalicFont=UnTaza, ItalicFeatures={FakeSlant=0.17}, SlantedFont=UnTaza,
. SlantedFeatures={FakeSlant=0.17}, BoldItalicFont=UnTaza,
. BoldItalicFeatures={FakeBold=2,FakeSlant=0.17}, BoldSlantedFont=UnTaza,
. BoldSlantedFeatures={FakeBold=2,FakeSlant=0.17}, ].
. 
. This font family consists of the following shapes:
. 
. * 'normal' with NFSS spec.:
. <->s*[1.05]"[UnTaza]/ICU:"
. 
. * 'bold' with NFSS spec.:
. <->s*[1.05]"[UnTaza]/ICU:embolden=2;"
. 
. * 'italic' with NFSS spec.:
. <->s*[1.05]"[UnTaza]/ICU:slant=0.17;"
. 
. * 'sl/,FakeSlant=0.17' with NFSS spec.:
. <->s*[1.05]"[UnTaza]/ICU:slant=0.17;"
. 
. * 'bold italic' with NFSS spec.:
. <->s*[1.05]"[UnTaza]/ICU:embolden=2;slant=0.17;"
. 
. * 'sl/,FakeBold=2,FakeSlant=0.17' with NFSS spec.:
. <->s*[1.05]"[UnTaza]/ICU:embolden=2;slant=0.17;"
.................................................
)
(c:/usr/texlive/2012/texmf-dist/tex/latex/oberdiek/twoopt.sty
Package: twoopt 2008/08/11 v1.5 Definitions with two optional arguments (HO)
)
.................................................
. fontspec info: "no-scripts"
. 
. Font UnBatang does not contain any OpenType `Script' information.
.................................................
.................................................
. fontspec info: "defining-font"
. 
. Font family 'UnBatang(1)' created for font 'UnBatang' with options
. [ExternalLocation,BoldFont=UnBatangBold,ItalicFont=UnBatang,ItalicFeatures={}
,BoldItalicFont=UnBatang,BoldItalicFeatures={},,,].
. 
. This font family consists of the following shapes:
. 
. * 'normal' with NFSS spec.:
. <->"[UnBatang]/ICU:"
. 
. * 'bold' with NFSS spec.:
. <->"[UnBatangBold]/ICU:"
. 
. * 'italic' with NFSS spec.:
. <->"[UnBatang]/ICU:"
. 
. * 'bold italic' with NFSS spec.:
. <->"[UnBatang]/ICU:"
.................................................
LaTeX Info: Redefining \kormainfont on input line 1026.
.................................................
. fontspec info: "no-scripts"
. 
. Font UnDotum does not contain any OpenType `Script' information.
.................................................
.................................................
. fontspec info: "defining-font"
. 
. Font family 'UnDotum(1)' created for font 'UnDotum' with options
. [ExternalLocation,BoldFont=UnDotumBold,ItalicFont=UnDotum,ItalicFeatures={},B
oldItalicFont=UnDotum,BoldItalicFeatures={},,,].
. 
. This font family consists of the following shapes:
. 
. * 'normal' with NFSS spec.:
. <->"[UnDotum]/ICU:"
. 
. * 'bold' with NFSS spec.:
. <->"[UnDotumBold]/ICU:"
. 
. * 'italic' with NFSS spec.:
. <->"[UnDotum]/ICU:"
. 
. * 'bold italic' with NFSS spec.:
. <->"[UnDotum]/ICU:"
.................................................
LaTeX Info: Redefining \korsansfont on input line 1027.
.................................................
. fontspec info: "no-scripts"
. 
. Font UnTaza does not contain any OpenType `Script' information.
.................................................
.................................................
. fontspec info: "defining-font"
. 
. Font family 'UnTaza(1)' created for font 'UnTaza' with options
. [ExternalLocation,BoldFont=UnTaza,BoldFeatures={RawFeature={embolden=2}},Ital
icFont=UnTaza,ItalicFeatures={},BoldItalicFont=UnTaza,BoldItalicFeatures={RawFe
ature={embolden=2}},Scale=1.05].
. 
. This font family consists of the following shapes:
. 
. * 'normal' with NFSS spec.:
. <->s*[1.05]"[UnTaza]/ICU:"
. 
. * 'bold' with NFSS spec.:
. <->s*[1.05]"[UnTaza]/ICU:embolden=2;"
. 
. * 'italic' with NFSS spec.:
. <->s*[1.05]"[UnTaza]/ICU:"
. 
. * 'bold italic' with NFSS spec.:
. <->s*[1.05]"[UnTaza]/ICU:embolden=2;"
.................................................
LaTeX Info: Redefining \kormonofont on input line 1028.
)
(c:/usr/texlive/2012/texmf-dist/tex/latex/kotex/utf/kolabels-utf.tex))
\memh@hu=\dimen184
\t@nch@ars=\skip193
\pghgheadwidth=\dimen185
\c@APPchapter=\count180
\c@APPsection=\count181
\c@APPsubsection=\count182

(c:/usr/texlive/2012/texmf-dist/tex/latex/kotex/utf/oblivoir/memhangul/memucs-s
etspace.sty
Package: memucs-setspace 2007/09/21 6.7-memucs8 Contributed and Supported LaTeX
2e package

Package: `memucs-setspace', a modified version of `setspace', 6.7-memucs8 <2007
/09/21>
)
\togetheightoffont=\box45
\htoffnt=\skip194
\divnoteskip=\skip195

(c:/usr/texlive/2012/texmf-dist/tex/latex/kotex/utf/oblivoir/memhangul/memhangu
l-patch.sty
memhangul-ucs patch for memoir 1.618, 2006/04/27
))
\ob@hu=\dimen186
\tmp@XXbox=\box46
\tmp@XXdim=\dimen187
 (c:/usr/texlive/2012/texmf-dist/tex/latex/hyperref/hyperref.sty
Package: hyperref 2012/11/06 v6.83m Hypertext links for LaTeX

(c:/usr/texlive/2012/texmf-dist/tex/generic/oberdiek/hobsub-hyperref.sty
Package: hobsub-hyperref 2012/05/28 v1.13 Bundle oberdiek, subset hyperref (HO)


(c:/usr/texlive/2012/texmf-dist/tex/generic/oberdiek/hobsub-generic.sty
Package: hobsub-generic 2012/05/28 v1.13 Bundle oberdiek, subset generic (HO)
Package: hobsub 2012/05/28 v1.13 Construct package bundles (HO)
Package: infwarerr 2010/04/08 v1.3 Providing info/warning/error messages (HO)
Package: ltxcmds 2011/11/09 v1.22 LaTeX kernel commands for general use (HO)
Package hobsub Info: Skipping package `ifluatex' (already loaded).
Package: ifvtex 2010/03/01 v1.5 Detect VTeX and its facilities (HO)
Package ifvtex Info: VTeX not detected.
Package: intcalc 2007/09/27 v1.1 Expandable calculations with integers (HO)
Package hobsub Info: Skipping package `ifpdf' (already loaded).
Package: etexcmds 2011/02/16 v1.5 Avoid name clashes with e-TeX commands (HO)
Package etexcmds Info: Could not find \expanded.
(etexcmds)             That can mean that you are not using pdfTeX 1.50 or
(etexcmds)             that some package has redefined \expanded.
(etexcmds)             In the latter case, load this package earlier.
Package: kvsetkeys 2012/04/25 v1.16 Key value parser (HO)
Package: kvdefinekeys 2011/04/07 v1.3 Define keys (HO)
Package: pdftexcmds 2011/11/29 v0.20 Utility functions of pdfTeX for LuaTeX (HO
)
Package pdftexcmds Info: LuaTeX not detected.
Package pdftexcmds Info: pdfTeX >= 1.30 not detected.
Package pdftexcmds Info: \pdf@primitive is available.
Package pdftexcmds Info: \pdf@ifprimitive is available.
Package pdftexcmds Info: \pdfdraftmode not found.
Package: pdfescape 2011/11/25 v1.13 Implements pdfTeX's escape features (HO)
Package: bigintcalc 2012/04/08 v1.3 Expandable calculations on big integers (HO
)
Package: bitset 2011/01/30 v1.1 Handle bit-vector datatype (HO)
Package: uniquecounter 2011/01/30 v1.2 Provide unlimited unique counter (HO)
)
Package hobsub Info: Skipping package `hobsub' (already loaded).
Package: letltxmacro 2010/09/02 v1.4 Let assignment for LaTeX macros (HO)
Package: hopatch 2012/05/28 v1.2 Wrapper for package hooks (HO)
Package: xcolor-patch 2011/01/30 xcolor patch
Package: atveryend 2011/06/30 v1.8 Hooks at the very end of document (HO)
Package atveryend Info: \enddocument detected (standard20110627).
Package: atbegshi 2011/10/05 v1.16 At begin shipout hook (HO)
Package: refcount 2011/10/16 v3.4 Data extraction from label references (HO)
Package: hycolor 2011/01/30 v1.7 Color options for hyperref/bookmark (HO)
)
(c:/usr/texlive/2012/texmf-dist/tex/latex/oberdiek/auxhook.sty
Package: auxhook 2011/03/04 v1.3 Hooks for auxiliary files (HO)
)
(c:/usr/texlive/2012/texmf-dist/tex/latex/oberdiek/kvoptions.sty
Package: kvoptions 2011/06/30 v3.11 Key value format for package options (HO)
)
\@linkdim=\dimen188
\Hy@linkcounter=\count183
\Hy@pagecounter=\count184

(c:/usr/texlive/2012/texmf-dist/tex/latex/hyperref/pd1enc.def
File: pd1enc.def 2012/11/06 v6.83m Hyperref: PDFDocEncoding definition (HO)
)
\Hy@SavedSpaceFactor=\count185

(c:/usr/texlive/2012/texmf-dist/tex/latex/latexconfig/hyperref.cfg
File: hyperref.cfg 2002/06/06 v1.2 hyperref configuration of TeXLive
)
Package hyperref Info: Hyper figures OFF on input line 4443.
Package hyperref Info: Link nesting OFF on input line 4448.
Package hyperref Info: Hyper index ON on input line 4451.
Package hyperref Info: Plain pages OFF on input line 4458.
Package hyperref Info: Backreferencing OFF on input line 4463.
Package hyperref Info: Implicit mode ON; LaTeX internals redefined.
Package hyperref Info: Bookmarks ON on input line 4688.
\c@Hy@tempcnt=\count186

(c:/usr/texlive/2012/texmf-dist/tex/latex/url/url.sty
\Urlmuskip=\muskip16
Package: url 2006/04/12  ver 3.3  Verb mode for urls, etc.
)
LaTeX Info: Redefining \url on input line 5041.
\XeTeXLinkMargin=\dimen189
\Fld@menulength=\count187
\Field@Width=\dimen190
\Fld@charsize=\dimen191
Package hyperref Info: Hyper figures OFF on input line 6295.
Package hyperref Info: Link nesting OFF on input line 6300.
Package hyperref Info: Hyper index ON on input line 6303.
Package hyperref Info: backreferencing OFF on input line 6310.
Package hyperref Info: Link coloring OFF on input line 6315.
Package hyperref Info: Link coloring with OCG OFF on input line 6320.
Package hyperref Info: PDF/A mode OFF on input line 6325.
LaTeX Info: Redefining \ref on input line 6365.
LaTeX Info: Redefining \pageref on input line 6369.
\Hy@abspage=\count188
\c@Item=\count189
\c@Hfootnote=\count190
)
(c:/usr/texlive/2012/texmf-dist/tex/latex/memoir/memhfixc.sty
Package: memhfixc 2010/08/17 v1.15 nameref/hyperref package fixes for memoir cl
ass
\c@memhycontfloat=\count191
)

Package hyperref Message: Driver (autodetected): hxetex.

(c:/usr/texlive/2012/texmf-dist/tex/latex/hyperref/hxetex.def
File: hxetex.def 2012/11/06 v6.83m Hyperref driver for XeTeX

(c:/usr/texlive/2012/texmf-dist/tex/latex/hyperref/puenc.def
File: puenc.def 2012/11/06 v6.83m Hyperref: PDF Unicode definition (HO)
)
(c:/usr/texlive/2012/texmf-dist/tex/generic/oberdiek/stringenc.sty
Package: stringenc 2011/12/02 v1.10 Convert strings between diff. encodings (HO
)
)
\pdfm@box=\box47
\c@Hy@AnnotLevel=\count192
\HyField@AnnotCount=\count193
\Fld@listcount=\count194
\c@bookmark@seq@number=\count195

(c:/usr/texlive/2012/texmf-dist/tex/latex/oberdiek/rerunfilecheck.sty
Package: rerunfilecheck 2011/04/15 v1.7 Rerun checks for auxiliary files (HO)
Package rerunfilecheck Info: Feature \pdfmdfivesum is not available
(rerunfilecheck)             (e.g. pdfTeX or LuaTeX with package `pdftexcmds').

(rerunfilecheck)             Therefore file contents cannot be checked efficien
tly
(rerunfilecheck)             and the loading of the package is aborted.
)
\Hy@SectionHShift=\skip196
)
Normal \skip register pool exhausted, switching to extended pool.
\@ensp=\skip256

(c:/usr/texlive/2012/texmf-dist/tex/latex/kotex/utf/oblivoir/ob-toclof.sty)
(c:/usr/texlive/2012/texmf-dist/tex/latex/kotex/utf/oblivoir/ob-koreanappendix.
sty))) (c:/usr/texlive/2012/texmf-dist/tex/latex/amsmath/amsmath.sty
Package: amsmath 2000/07/18 v2.13 AMS math features
\@mathmargin=\skip257

For additional information on amsmath, use the `?' option.
(c:/usr/texlive/2012/texmf-dist/tex/latex/amsmath/amstext.sty
Package: amstext 2000/06/29 v2.01

(c:/usr/texlive/2012/texmf-dist/tex/latex/amsmath/amsgen.sty
File: amsgen.sty 1999/11/30 v2.0
\@emptytoks=\toks29
\ex@=\dimen192
))
(c:/usr/texlive/2012/texmf-dist/tex/latex/amsmath/amsbsy.sty
Package: amsbsy 1999/11/29 v1.2d
\pmbraise@=\dimen193
)
(c:/usr/texlive/2012/texmf-dist/tex/latex/amsmath/amsopn.sty
Package: amsopn 1999/12/14 v2.01 operator names
)
\inf@bad=\count196
LaTeX Info: Redefining \frac on input line 211.
Normal \count register pool exhausted, switching to extended pool.
\uproot@=\count277
\leftroot@=\count278
LaTeX Info: Redefining \overline on input line 307.
\classnum@=\count279
\DOTSCASE@=\count280
LaTeX Info: Redefining \ldots on input line 379.
LaTeX Info: Redefining \dots on input line 382.
LaTeX Info: Redefining \cdots on input line 467.
\Mathstrutbox@=\box48
\strutbox@=\box49
\big@size=\dimen194
LaTeX Font Info:    Redeclaring font encoding OML on input line 567.
LaTeX Font Info:    Redeclaring font encoding OMS on input line 568.
\macc@depth=\count281
\c@MaxMatrixCols=\count282
\dotsspace@=\muskip17
\c@parentequation=\count283
\dspbrk@lvl=\count284
\tag@help=\toks30
\row@=\count285
\column@=\count286
\maxfields@=\count287
\andhelp@=\toks31
\eqnshift@=\dimen195
\alignsep@=\dimen196
Normal \dimen register pool exhausted, switching to extended pool.
\tagshift@=\dimen256
\tagwidth@=\dimen257
\totwidth@=\dimen258
\lineht@=\dimen259
\@envbody=\toks32
\multlinegap=\skip258
\multlinetaggap=\skip259
\mathdisplay@stack=\toks33
LaTeX Info: Redefining \[ on input line 2666.
LaTeX Info: Redefining \] on input line 2667.
)
(c:/usr/texlive/2012/texmf-dist/tex/latex/amsfonts/amssymb.sty
Package: amssymb 2013/01/14 v3.01 AMS font symbols

(c:/usr/texlive/2012/texmf-dist/tex/latex/amsfonts/amsfonts.sty
Package: amsfonts 2013/01/14 v3.01 Basic AMSFonts support
\symAMSa=\mathgroup4
\symAMSb=\mathgroup5
LaTeX Font Info:    Overwriting math alphabet `\mathfrak' in version `bold'
(Font)                  U/euf/m/n --> U/euf/b/n on input line 106.
))
(c:/usr/texlive/2012/texmf-dist/tex/latex/amscls/amsthm.sty
Package: amsthm 2004/08/06 v2.20
\thm@style=\toks34
\thm@bodyfont=\toks35
\thm@headfont=\toks36
\thm@notefont=\toks37
\thm@headpunct=\toks38
\thm@preskip=\skip260
\thm@postskip=\skip261
\thm@headsep=\skip262
\dth@everypar=\toks39
)
(c:/usr/texlive/2012/texmf-dist/tex/latex/kotex/kotex.sty
Package: kotex 2012/10/27 v0.1.1 Korean TeX (ko.TeX)

(c:/usr/texlive/2012/texmf-dist/tex/latex/kotex/kotex.cfg)
(c:/usr/texlive/2012/texmf-dist/tex/latex/kotex/utf/dhucs.sty
Package: dhucs 2012/11/08 v5.3.2 typesetting UTF-8 Korean documents

(c:/usr/texlive/2012/texmf-dist/tex/xelatex/kotex-dev/xetexko/xetexko.sty
Package: xetexko 2009/12/03 v1.0 Korean typesetting under XeTeX
)))
(c:/usr/texlive/2012/texmf-dist/tex/latex/mdframed/mdframed.sty
Package: mdframed 2012/09/21\ 1.6d: mdframed

(c:/usr/texlive/2012/texmf-dist/tex/latex/etoolbox/etoolbox.sty
Package: etoolbox 2011/01/03 v2.1 e-TeX tools for LaTeX
\etb@tempcnta=\count288
)
(c:/usr/texlive/2012/texmf-dist/tex/latex/oberdiek/zref-abspage.sty
Package: zref-abspage 2012/04/04 v2.24 Module abspage for zref (HO)

(c:/usr/texlive/2012/texmf-dist/tex/latex/oberdiek/zref-base.sty
Package: zref-base 2012/04/04 v2.24 Module base for zref (HO)
Package zref Info: New property list: main on input line 759.
Package zref Info: New property: default on input line 760.
Package zref Info: New property: page on input line 761.
)
\c@abspage=\count289
Package zref Info: New property: abspage on input line 62.
)
(c:/usr/texlive/2012/texmf-dist/tex/latex/graphics/color.sty
Package: color 2005/11/14 v1.0j Standard LaTeX Color (DPC)

(c:/usr/texlive/2012/texmf-dist/tex/latex/latexconfig/color.cfg
File: color.cfg 2007/01/18 v1.5 color configuration of teTeX/TeXLive
)
Package color Info: Driver file: xetex.def on input line 130.
)
\mdf@templength=\skip263
\c@mdf@globalstyle@cnt=\count290
\mdf@skipabove@length=\skip264
\mdf@skipbelow@length=\skip265
\mdf@leftmargin@length=\skip266
\mdf@rightmargin@length=\skip267
\mdf@innerleftmargin@length=\skip268
\mdf@innerrightmargin@length=\skip269
\mdf@innertopmargin@length=\skip270
\mdf@innerbottommargin@length=\skip271
\mdf@splittopskip@length=\skip272
\mdf@splitbottomskip@length=\skip273
\mdf@outermargin@length=\skip274
\mdf@innermargin@length=\skip275
\mdf@linewidth@length=\skip276
\mdf@innerlinewidth@length=\skip277
\mdf@middlelinewidth@length=\skip278
\mdf@outerlinewidth@length=\skip279
\mdf@roundcorner@length=\skip280
\mdf@footenotedistance@length=\skip281
\mdf@userdefinedwidth@length=\skip282
\mdf@frametitleaboveskip@length=\skip283
\mdf@frametitlebelowskip@length=\skip284
\mdf@frametitlerulewidth@length=\skip285
\mdf@frametitleleftmargin@length=\skip286
\mdf@frametitlerightmargin@length=\skip287
\mdf@shadowsize@length=\skip288
\mdf@extratopheight@length=\skip289
\mdf@subtitleabovelinewidth@length=\skip290
\mdf@subtitlebelowlinewidth@length=\skip291
\mdf@subtitleaboveskip@length=\skip292
\mdf@subtitlebelowskip@length=\skip293
\mdf@subtitleinneraboveskip@length=\skip294
\mdf@subtitleinnerbelowskip@length=\skip295
\mdf@subsubtitleabovelinewidth@length=\skip296
\mdf@subsubtitlebelowlinewidth@length=\skip297
\mdf@subsubtitleaboveskip@length=\skip298
\mdf@subsubtitlebelowskip@length=\skip299
\mdf@subsubtitleinneraboveskip@length=\skip300
\mdf@subsubtitleinnerbelowskip@length=\skip301
\mdf@frametitlebox=\box50
\mdf@footnotebox=\box51
\mdf@splitbox@one=\box52
\mdf@splitbox@two=\box53
\mdf@splitbox@save=\box54
\mdfsplitboxwidth=\skip302
\mdfsplitboxtotalwidth=\skip303
\mdfsplitboxheight=\skip304
\mdfsplitboxdepth=\skip305
\mdfsplitboxtotalheight=\skip306
\mdfframetitleboxwidth=\skip307
\mdfframetitleboxtotalwidth=\skip308
\mdfframetitleboxheight=\skip309
\mdfframetitleboxdepth=\skip310
\mdfframetitleboxtotalheight=\skip311
\mdffootnoteboxwidth=\skip312
\mdffootnoteboxtotalwidth=\skip313
\mdffootnoteboxheight=\skip314
\mdffootnoteboxdepth=\skip315
\mdffootnoteboxtotalheight=\skip316
\mdftotallinewidth=\skip317
\mdfboundingboxwidth=\skip318
\mdfboundingboxtotalwidth=\skip319
\mdfboundingboxheight=\skip320
\mdfboundingboxdepth=\skip321
\mdfboundingboxtotalheight=\skip322
\mdf@freevspace@length=\skip323
\mdf@horizontalwidthofbox@length=\skip324
\mdf@verticalmarginwhole@length=\skip325


****** mdframed patching \endmdf@trivlist

****** -- success******

.................................................
. LaTeX info: "xparse/define-command"
. 
. Defining document command \newmdtheoremenv with arg. spec. 'O{} m o m o ' on
. line 546.
.................................................
.................................................
. LaTeX info: "xparse/define-command"
. 
. Defining document command \mdtheorem with arg. spec. ' O{} m o m o ' on line
. 637.
.................................................
(c:/usr/texlive/2012/texmf-dist/tex/latex/mdframed/md-frame-0.mdf
File: md-frame-0.mdf 2012/09/21\ 1.6d: md-frame-0
)
\c@mdf@zref@counter=\count291
Package zref Info: New property: mdf@pagevalue on input line 830.
\mdf@horizontalspaceofbox=\skip326
)
(c:/usr/texlive/2012/texmf-dist/tex/latex/paralist/paralist.sty
Package: paralist 2002/03/18 v2.3b Extended list environments (BS)
\pltopsep=\skip327
\plpartopsep=\skip328
\plitemsep=\skip329
\plparsep=\skip330
\pl@lab=\toks40
)
(./kswrapfig.sty
Package: kswrapfig 2012/02/03
 (c:/usr/texlive/2012/texmf-dist/tex/latex/environ/environ.sty
Package: environ 2008/06/18 v0.2 A new way to define environments
) Option `picins' Version 3.0 Sep. 1992, TH Darmstadt/HRZ
\@BILD=\box55
\@TEXT=\box56
\d@breite=\dimen260
\d@hoehe=\dimen261
\d@xoff=\dimen262
\d@yoff=\dimen263
\d@shad=\dimen264
\d@dash=\dimen265
\d@boxl=\dimen266
\d@pichskip=\dimen267
\d@tmp=\dimen268
\d@tmpa=\dimen269
\d@bskip=\dimen270
\hsiz@=\dimen271
\p@getot@l=\dimen272
\c@breite=\count292
\c@hoehe=\count293
\c@xoff=\count294
\c@yoff=\count295
\c@pos=\count296
\c@shad=\count297
\c@dash=\count298
\c@boxl=\count299
\c@zeilen=\count300
\@changemode=\count301
\c@piccaption=\count302
\c@piccaptionpos=\count303
\c@picpos=\count304
\c@whole=\count305
\c@half=\count306
\c@tmp=\count307
\c@tmpa=\count308
\c@tmpb=\count309
\c@tmpc=\count310
\c@tmpd=\count311
\d@leftskip=\skip331
\ptoti=\dimen273
\ptotii=\dimen274
\env@box=\box57
\d@envdp=\dimen275
\c@hsize=\count312
\c@envdp=\count313
\d@envb=\dimen276

(c:/usr/texlive/2012/texmf-dist/tex/latex/tools/calc.sty
Package: calc 2007/08/22 v4.3 Infix arithmetic (KKT,FJ)
\calc@Acount=\count314
\calc@Bcount=\count315
\calc@Adimen=\dimen277
\calc@Bdimen=\dimen278
\calc@Askip=\skip332
\calc@Bskip=\skip333
LaTeX Info: Redefining \setlength on input line 76.
LaTeX Info: Redefining \addtolength on input line 77.
\calc@Ccount=\count316
\calc@Cskip=\skip334
)
(c:/usr/texlive/2012/texmf-dist/tex/latex/keycommand/keycommand.sty
Package: keycommand 2010/04/27 v3.1415 - key-value interface for commands and e
nvironments in LaTeX
)
(c:/usr/texlive/2012/texmf-dist/tex/latex/xifthen/xifthen.sty
Package: xifthen 2009/04/17 v1.3 Extended ifthen features

(c:/usr/texlive/2012/texmf-dist/tex/latex/base/ifthen.sty
Package: ifthen 2001/05/26 v1.1c Standard LaTeX ifthen package (DPC)
))
\tmpfigbox=\box58
\tmptxtbox=\box59
\figboxvlen=\skip335
\txtboxvlen=\skip336
\figboxsep=\skip337
\figboxleftindent=\skip338
\xtmplen=\skip339
\ytmplen=\skip340
\TFleftmargin=\skip341
\TF@Sep=\dimen279
\TF@CaptionSepLen=\skip342

(c:/usr/texlive/2012/texmf-dist/tex/latex/picinpar/picinpar.sty
Pictures in Paragraphs. Version 1.2a, July 13, 1993
\br=\count317
\bl=\count318
\na=\count319
\nb=\count320
\tcdsav=\count321
\tcl=\count322
\tcd=\count323
\tcn=\count324
\cumtcl=\count325
\cumpartcl=\count326
\lftside=\dimen280
\rtside=\dimen281
\hpic=\dimen282
\vpic=\dimen283
\strutilg=\dimen284
\picwd=\dimen285
\topheight=\dimen286
\ilg=\dimen287
\lpic=\dimen288
\lwindowsep=\dimen289
\rwindowsep=\dimen290
\cumpar=\dimen291
\twa=\toks41
\la=\toks42
\ra=\toks43
\ha=\toks44
\pictoc=\toks45
\rawtext=\box60
\holder=\box61
\windowbox=\box62
\wartext=\box63
\finaltext=\box64
\aslice=\box65
\bslice=\box66
\wbox=\box67
\wstrutbox=\box68
\picbox=\box69
\waslice=\box70
\wbslice=\box71
\fslice=\box72
)
\TFA@CaptionSep=\skip343
)
\c@num=\count327
 (./151202_Seung_Jae_22_6-2_15.aux)
\openout1 = `151202_Seung_Jae_22_6-2_15.aux'.

LaTeX Font Info:    Checking defaults for OML/cmm/m/it on input line 13.
LaTeX Font Info:    ... okay on input line 13.
LaTeX Font Info:    Checking defaults for T1/cmr/m/n on input line 13.
LaTeX Font Info:    ... okay on input line 13.
LaTeX Font Info:    Checking defaults for OT1/cmr/m/n on input line 13.
LaTeX Font Info:    ... okay on input line 13.
LaTeX Font Info:    Checking defaults for OMS/cmsy/m/n on input line 13.
LaTeX Font Info:    ... okay on input line 13.
LaTeX Font Info:    Checking defaults for OMX/cmex/m/n on input line 13.
LaTeX Font Info:    ... okay on input line 13.
LaTeX Font Info:    Checking defaults for U/cmr/m/n on input line 13.
LaTeX Font Info:    ... okay on input line 13.
LaTeX Font Info:    Checking defaults for EU1/lmr/m/n on input line 13.
LaTeX Font Info:    ... okay on input line 13.
LaTeX Font Info:    Checking defaults for T3/cmr/m/n on input line 13.
LaTeX Font Info:    Try loading font information for T3+cmr on input line 13.

(c:/usr/texlive/2012/texmf-dist/tex/latex/tipa/t3cmr.fd
File: t3cmr.fd 2001/12/31 TIPA font definitions
)
LaTeX Font Info:    ... okay on input line 13.
LaTeX Font Info:    Checking defaults for PD1/pdf/m/n on input line 13.
LaTeX Font Info:    ... okay on input line 13.
LaTeX Font Info:    Checking defaults for PU/pdf/m/n on input line 13.
LaTeX Font Info:    ... okay on input line 13.
.................................................
. fontspec info: "setup-math"
. 
. Adjusting the maths setup (use [no-math] to avoid this).
.................................................
\symlegacymaths=\mathgroup6
LaTeX Font Info:    Overwriting symbol font `legacymaths' in version `bold'
(Font)                  OT1/cmr/m/n --> OT1/cmr/bx/n on input line 13.
LaTeX Font Info:    Redeclaring math accent \acute on input line 13.
LaTeX Font Info:    Redeclaring math accent \grave on input line 13.
LaTeX Font Info:    Redeclaring math accent \ddot on input line 13.
LaTeX Font Info:    Redeclaring math accent \tilde on input line 13.
LaTeX Font Info:    Redeclaring math accent \bar on input line 13.
LaTeX Font Info:    Redeclaring math accent \breve on input line 13.
LaTeX Font Info:    Redeclaring math accent \check on input line 13.
LaTeX Font Info:    Redeclaring math accent \hat on input line 13.
LaTeX Font Info:    Redeclaring math accent \dot on input line 13.
LaTeX Font Info:    Redeclaring math accent \mathring on input line 13.
LaTeX Font Info:    Redeclaring math symbol \Gamma on input line 13.
LaTeX Font Info:    Redeclaring math symbol \Delta on input line 13.
LaTeX Font Info:    Redeclaring math symbol \Theta on input line 13.
LaTeX Font Info:    Redeclaring math symbol \Lambda on input line 13.
LaTeX Font Info:    Redeclaring math symbol \Xi on input line 13.
LaTeX Font Info:    Redeclaring math symbol \Pi on input line 13.
LaTeX Font Info:    Redeclaring math symbol \Sigma on input line 13.
LaTeX Font Info:    Redeclaring math symbol \Upsilon on input line 13.
LaTeX Font Info:    Redeclaring math symbol \Phi on input line 13.
LaTeX Font Info:    Redeclaring math symbol \Psi on input line 13.
LaTeX Font Info:    Redeclaring math symbol \Omega on input line 13.
LaTeX Font Info:    Redeclaring math symbol \mathdollar on input line 13.
LaTeX Font Info:    Redeclaring symbol font `operators' on input line 13.
LaTeX Font Info:    Encoding `OT1' has changed to `EU1' for symbol font
(Font)              `operators' in the math version `normal' on input line 13.
LaTeX Font Info:    Overwriting symbol font `operators' in version `normal'
(Font)                  OT1/cmr/m/n --> EU1/lmr/m/n on input line 13.
LaTeX Font Info:    Encoding `OT1' has changed to `EU1' for symbol font
(Font)              `operators' in the math version `bold' on input line 13.
LaTeX Font Info:    Overwriting symbol font `operators' in version `bold'
(Font)                  OT1/cmr/bx/n --> EU1/lmr/m/n on input line 13.
LaTeX Font Info:    Overwriting symbol font `operators' in version `normal'
(Font)                  EU1/lmr/m/n --> EU1/lmr/m/n on input line 13.
LaTeX Font Info:    Overwriting math alphabet `\mathrm' in version `normal'
(Font)                  EU1/lmr/m/n --> EU1/lmr/m/n on input line 13.
LaTeX Font Info:    Overwriting math alphabet `\mathit' in version `normal'
(Font)                  OT1/cmr/m/it --> EU1/lmr/m/it on input line 13.
LaTeX Font Info:    Overwriting math alphabet `\mathbf' in version `normal'
(Font)                  OT1/cmr/bx/n --> EU1/lmr/bx/n on input line 13.
LaTeX Font Info:    Overwriting math alphabet `\mathsf' in version `normal'
(Font)                  OT1/cmss/m/n --> EU1/lmss/m/n on input line 13.
LaTeX Font Info:    Overwriting math alphabet `\mathtt' in version `normal'
(Font)                  OT1/cmtt/m/n --> EU1/lmtt/m/n on input line 13.
LaTeX Font Info:    Overwriting symbol font `operators' in version `bold'
(Font)                  EU1/lmr/m/n --> EU1/lmr/bx/n on input line 13.
LaTeX Font Info:    Overwriting math alphabet `\mathrm' in version `bold'
(Font)                  EU1/lmr/m/n --> EU1/lmr/bx/n on input line 13.
LaTeX Font Info:    Overwriting math alphabet `\mathit' in version `bold'
(Font)                  OT1/cmr/bx/it --> EU1/lmr/bx/it on input line 13.
LaTeX Font Info:    Overwriting math alphabet `\mathsf' in version `bold'
(Font)                  OT1/cmss/bx/n --> EU1/lmss/bx/n on input line 13.
LaTeX Font Info:    Overwriting math alphabet `\mathtt' in version `bold'
(Font)                  OT1/cmtt/m/n --> EU1/lmtt/bx/n on input line 13.
\symmathhangul=\mathgroup7
LaTeX Font Info:    Overwriting symbol font `mathhangul' in version `bold'
(Font)                  EU1/UnBatang(1)/m/n --> EU1/UnBatang(1)/bx/n on input l
ine 13.
\AtBeginShipoutBox=\box73
Package hyperref Info: Link coloring OFF on input line 13.

(c:/usr/texlive/2012/texmf-dist/tex/latex/hyperref/nameref.sty
Package: nameref 2012/10/27 v2.43 Cross-referencing by name of section

(c:/usr/texlive/2012/texmf-dist/tex/generic/oberdiek/gettitlestring.sty
Package: gettitlestring 2010/12/03 v1.4 Cleanup title references (HO)
)
\c@section@level=\count328
)
Redoing nameref's sectioning
Redoing nameref's label
LaTeX Info: Redefining \nameref on input line 13.
LaTeX Info: Redefining \ref on input line 13.
LaTeX Info: Redefining \pageref on input line 13.
LaTeX Info: Redefining \nameref on input line 13.
(./151202_Seung_Jae_22_6-2_15.out) (./151202_Seung_Jae_22_6-2_15.out)
\@outlinefile=\write4
\openout4 = `151202_Seung_Jae_22_6-2_15.out'.

LaTeX Font Info:    Try loading font information for U+msa on input line 21.

(c:/usr/texlive/2012/texmf-dist/tex/latex/amsfonts/umsa.fd
File: umsa.fd 2013/01/14 v3.01 AMS symbols A
)
LaTeX Font Info:    Try loading font information for U+msb on input line 21.

(c:/usr/texlive/2012/texmf-dist/tex/latex/amsfonts/umsb.fd
File: umsb.fd 2013/01/14 v3.01 AMS symbols B
)
(c:/usr/texlive/2012/texmf-dist/tex/generic/oberdiek/se-ascii-print.def
File: se-ascii-print.def 2011/12/02 v1.10 stringenc: Printable ASCII characters

)
[1

] [2] [3]
Package atveryend Info: Empty hook `BeforeClearDocument' on input line 71.
Package atveryend Info: Empty hook `AfterLastShipout' on input line 71.
 (./151202_Seung_Jae_22_6-2_15.aux)
Package atveryend Info: Empty hook `AtVeryEndDocument' on input line 71.
Package atveryend Info: Empty hook `AtEndAfterFileList' on input line 71.
Package atveryend Info: Empty hook `AtVeryVeryEnd' on input line 71.
 ) 
Here is how much of TeX's memory you used:
 28524 strings out of 493994
 525673 string characters out of 3145044
 585999 words of memory out of 3000000
 31429 multiletter control sequences out of 15000+200000
 9131 words of font info for 57 fonts, out of 3000000 for 9000
 1144 hyphenation exceptions out of 8191
 106i,11n,49p,945b,521s stack positions out of 5000i,500n,10000p,200000b,50000s

Output written on 151202_Seung_Jae_22_6-2_15.pdf (3 pages).
