\BOOKMARK [1][-]{section*.1}{차 례}{}% 1
\BOOKMARK [2][-]{subsection.0.0.1}{09-예제2}{section*.1}% 2
\BOOKMARK [2][-]{subsection.0.0.2}{09-유제3}{section*.1}% 3
\BOOKMARK [2][-]{subsection.0.0.3}{09-유제4}{section*.1}% 4
\BOOKMARK [2][-]{subsection.0.0.4}{09-예제3}{section*.1}% 5
\BOOKMARK [2][-]{subsection.0.0.5}{09-예제4}{section*.1}% 6
\BOOKMARK [2][-]{subsection.0.0.6}{09-유제8}{section*.1}% 7
\BOOKMARK [2][-]{subsection.0.0.7}{09-기초3}{section*.1}% 8
\BOOKMARK [2][-]{subsection.0.0.8}{09-기초3-1}{section*.1}% 9
\BOOKMARK [2][-]{subsection.0.0.9}{09-기초3-2}{section*.1}% 10
\BOOKMARK [2][-]{subsection.0.0.10}{09-기본1}{section*.1}% 11
\BOOKMARK [2][-]{subsection.0.0.11}{09-기본2}{section*.1}% 12
\BOOKMARK [2][-]{subsection.0.0.12}{09-기본3}{section*.1}% 13
\BOOKMARK [2][-]{subsection.0.0.13}{09-기본5}{section*.1}% 14
\BOOKMARK [2][-]{subsection.0.0.14}{09-기본6}{section*.1}% 15
\BOOKMARK [2][-]{subsection.0.0.15}{09-기본7}{section*.1}% 16
\BOOKMARK [2][-]{subsection.0.0.16}{09-기본8}{section*.1}% 17
\BOOKMARK [2][-]{subsection.0.0.17}{09-실력1}{section*.1}% 18
\BOOKMARK [2][-]{subsection.0.0.18}{09-실력2}{section*.1}% 19
\BOOKMARK [2][-]{subsection.0.0.19}{09-실력3}{section*.1}% 20
\BOOKMARK [2][-]{subsection.0.0.20}{09-실력5}{section*.1}% 21
\BOOKMARK [2][-]{subsection.0.0.21}{09-기출}{section*.1}% 22
