This is XeTeX, Version 3.1415926-2.3-0.9997.5 (Web2C 2011) (format=xelatex 2011.10.26)  5 DEC 2014 13:21
entering extended mode
 restricted \write18 enabled.
 %&-line parsing enabled.
**141205_Miri_02_Solutions.tex
(./141205_Miri_02_Solutions.tex
LaTeX2e <2011/06/27>
Babel <v3.8m> and hyphenation patterns for english, dumylang, nohyphenation, ge
rman-x-2011-07-01, ngerman-x-2011-07-01, basque, catalan, czech, dutch, ukengli
sh, usenglishmax, french, galician, german, ngerman, swissgerman, italian, poli
sh, portuguese, slovak, spanish, loaded.
(c:/usr/TnXTeXLive/2011/texmf/tex/latex/base/article.cls
Document Class: article 2007/10/19 v1.4h Standard LaTeX document class
(c:/usr/TnXTeXLive/2011/texmf/tex/latex/base/size10.clo
File: size10.clo 2007/10/19 v1.4h Standard LaTeX file (size option)
)
\c@part=\count80
\c@section=\count81
\c@subsection=\count82
\c@subsubsection=\count83
\c@paragraph=\count84
\c@subparagraph=\count85
\c@figure=\count86
\c@table=\count87
\abovecaptionskip=\skip41
\belowcaptionskip=\skip42
\bibindent=\dimen102
)
(c:/usr/TnXTeXLive/2011/texmf/tex/latex/amsmath/amsmath.sty
Package: amsmath 2000/07/18 v2.13 AMS math features
\@mathmargin=\skip43

For additional information on amsmath, use the `?' option.
(c:/usr/TnXTeXLive/2011/texmf/tex/latex/amsmath/amstext.sty
Package: amstext 2000/06/29 v2.01

(c:/usr/TnXTeXLive/2011/texmf/tex/latex/amsmath/amsgen.sty
File: amsgen.sty 1999/11/30 v2.0
\@emptytoks=\toks14
\ex@=\dimen103
))
(c:/usr/TnXTeXLive/2011/texmf/tex/latex/amsmath/amsbsy.sty
Package: amsbsy 1999/11/29 v1.2d
\pmbraise@=\dimen104
)
(c:/usr/TnXTeXLive/2011/texmf/tex/latex/amsmath/amsopn.sty
Package: amsopn 1999/12/14 v2.01 operator names
)
\inf@bad=\count88
LaTeX Info: Redefining \frac on input line 211.
\uproot@=\count89
\leftroot@=\count90
LaTeX Info: Redefining \overline on input line 307.
\classnum@=\count91
\DOTSCASE@=\count92
LaTeX Info: Redefining \ldots on input line 379.
LaTeX Info: Redefining \dots on input line 382.
LaTeX Info: Redefining \cdots on input line 467.
\Mathstrutbox@=\box26
\strutbox@=\box27
\big@size=\dimen105
LaTeX Font Info:    Redeclaring font encoding OML on input line 567.
LaTeX Font Info:    Redeclaring font encoding OMS on input line 568.
\macc@depth=\count93
\c@MaxMatrixCols=\count94
\dotsspace@=\muskip10
\c@parentequation=\count95
\dspbrk@lvl=\count96
\tag@help=\toks15
\row@=\count97
\column@=\count98
\maxfields@=\count99
\andhelp@=\toks16
\eqnshift@=\dimen106
\alignsep@=\dimen107
\tagshift@=\dimen108
\tagwidth@=\dimen109
\totwidth@=\dimen110
\lineht@=\dimen111
\@envbody=\toks17
\multlinegap=\skip44
\multlinetaggap=\skip45
\mathdisplay@stack=\toks18
LaTeX Info: Redefining \[ on input line 2666.
LaTeX Info: Redefining \] on input line 2667.
)
(c:/usr/TnXTeXLive/2011/texmf/tex/latex/kotex/kotex.sty
Package: kotex 2007/07/15 v0.1.0 Korean TeX (ko.TeX), TnXTeX-variant

(c:/usr/TnXTeXLive/2011/texmf/tex/latex/kotex/kotex.cfg)
(c:/usr/TnXTeXLive/2011/texmf/tex/xelatex/kotex-dev/xetexko/xetexko.sty
Package: xetexko 2009/12/03 v1.0 Korean typesetting under XeTeX

(c:/usr/TnXTeXLive/2011/texmf/tex/xelatex/kotex-dev/xetexko/xetexko-space.sty
Package: xetexko-space 2011/08/18 v1.98 Korean spacings and fonts under XeTeX
\XKcjkclosing=\XeTeXintercharclass4
\XKcjkcolon=\XeTeXintercharclass5
\XKcjkfullstop=\XeTeXintercharclass6
\XKcjkliaison=\XeTeXintercharclass7
\XKcjkextrastop=\XeTeXintercharclass8
\XKcjksymbol=\XeTeXintercharclass9
\XKhangulsyllable=\XeTeXintercharclass10
\XKhangulchosong=\XeTeXintercharclass11
\XKhanguljungjong=\XeTeXintercharclass12
\XKlatinopening=\XeTeXintercharclass13
\XKlatinclosing=\XeTeXintercharclass14
\XKopeningquote=\XeTeXintercharclass15
\XKclosingquote=\XeTeXintercharclass16
\XKlatinfullstop=\XeTeXintercharclass17
\XKlatinquestion=\XeTeXintercharclass18
\XKlatinexclamation=\XeTeXintercharclass19
\XKlatinhyphen=\XeTeXintercharclass20
\XKlatincomma=\XeTeXintercharclass21
\XKlatincolon=\XeTeXintercharclass22
\XKlatinnumber=\XeTeXintercharclass23
)
(c:/usr/TnXTeXLive/2011/texmf/tex/xelatex/kotex-dev/xetexko/xetexko-dotemph.sty
Package: xetexko-dotemph 2011/03/14 v1.2 dot-emphasis under xetexko
) (c:/usr/TnXTeXLive/2011/texmf/tex/xelatex/kotex-dev/xetexko/xetexko-josa.sty
Package: xetexko-josa 2010/02/10 v1.8.4 Korean auto-josa under XeTeX
\@josa=\count100
) (c:/usr/TnXTeXLive/2011/texmf/tex/xelatex/kotex-dev/xetexko/xetexko-hyper.sty
Package: xetexko-hyper 2011/03/14 v1.8 xetexko supports hyperref outline
) (c:/usr/TnXTeXLive/2011/texmf/tex/xelatex/kotex-dev/xetexko/xetexko-font.sty
Package: xetexko-font 2011/09/17 v1.95 Korean font definition with xetex-ko

(c:/usr/TnXTeXLive/2011/texmf/tex/latex/xltxtra/xltxtra.sty
Package: xltxtra 2010/09/20 v0.5e Improvements for the "XeLaTeX" format

(c:/usr/TnXTeXLive/2011/texmf/tex/generic/oberdiek/ifluatex.sty
Package: ifluatex 2010/03/01 v1.3 Provides the ifluatex switch (HO)
Package ifluatex Info: LuaTeX not detected.
)
(c:/usr/TnXTeXLive/2011/texmf/tex/generic/ifxetex/ifxetex.sty
Package: ifxetex 2010/09/12 v0.6 Provides ifxetex conditional
)
(c:/usr/TnXTeXLive/2011/texmf/tex/latex/fontspec/fontspec.sty
Package: fontspec 2011/09/18 v2.2a Advanced font selection for XeLaTeX/LuaLaTeX


(c:/usr/TnXTeXLive/2011/texmf/tex/latex/l3kernel/expl3.sty
(c:/usr/TnXTeXLive/2011/texmf/tex/latex/l3kernel/l3names.sty
(c:/usr/TnXTeXLive/2011/texmf/tex/latex/l3kernel/l3bootstrap.sty
Package: l3bootstrap 2011/12/29 v3110 L3 Experimental bootstrap code
)
Package: l3names 2011/12/30 v3113 L3 Experimental namespace for primitives
)
(c:/usr/TnXTeXLive/2011/texmf/tex/latex/etex-pkg/etex.sty
Package: etex 1998/03/26 v2.0 eTeX basic definition package (PEB)
\et@xins=\count101
)
Package: expl3 2012/02/08 v3343 L3 Experimental code bundle wrapper

(c:/usr/TnXTeXLive/2011/texmf/tex/latex/graphics/color.sty
Package: color 2005/11/14 v1.0j Standard LaTeX Color (DPC)

(c:/usr/TnXTeXLive/2011/texmf/tex/latex/latexconfig/color.cfg
File: color.cfg 2007/01/18 v1.5 color configuration of teTeX/TeXLive
)
Package color Info: Driver file: xetex.def on input line 130.

(c:/usr/TnXTeXLive/2011/texmf/tex/xelatex/xetex-def/xetex.def
File: xetex.def 2009/11/22 v0.94 LaTeX color/graphics driver for XeTeX (RRM/JK)

))
(c:/usr/TnXTeXLive/2011/texmf/tex/latex/graphics/graphics.sty
Package: graphics 2009/02/05 v1.0o Standard LaTeX Graphics (DPC,SPQR)

(c:/usr/TnXTeXLive/2011/texmf/tex/latex/graphics/trig.sty
Package: trig 1999/03/16 v1.09 sin cos tan (DPC)
)
(c:/usr/TnXTeXLive/2011/texmf/tex/latex/latexconfig/graphics.cfg
File: graphics.cfg 2010/04/23 v1.9 graphics configuration of TeX Live
)
Package graphics Info: Driver file: xetex.def on input line 91.
)
(c:/usr/TnXTeXLive/2011/texmf/tex/latex/l3kernel/l3basics.sty
Package: l3basics 2012/02/06 v3317 L3 Experimental basic definitions
)
(c:/usr/TnXTeXLive/2011/texmf/tex/latex/l3kernel/l3expan.sty
Package: l3expan 2012/01/15 v3196 L3 Experimental argument expansion
)
(c:/usr/TnXTeXLive/2011/texmf/tex/latex/l3kernel/l3tl.sty
Package: l3tl 2012/02/06 v3316 L3 Experimental token lists
)
(c:/usr/TnXTeXLive/2011/texmf/tex/latex/l3kernel/l3seq.sty
Package: l3seq 2012/01/09 v3158 L3 Experimental sequences and stacks
)
(c:/usr/TnXTeXLive/2011/texmf/tex/latex/l3kernel/l3int.sty
Package: l3int 2012/02/06 v3315 L3 Experimental integers
\c_max_int=\count102
\l_tmpa_int=\count103
\l_tmpb_int=\count104
\l_tmpc_int=\count105
\g_tmpa_int=\count106
\g_tmpb_int=\count107
)
(c:/usr/TnXTeXLive/2011/texmf/tex/latex/l3kernel/l3quark.sty
Package: l3quark 2012/01/08 v3148 L3 Experimental quarks
)
(c:/usr/TnXTeXLive/2011/texmf/tex/latex/l3kernel/l3prg.sty
Package: l3prg 2012/02/08 v3338 L3 Experimental control structures
\g_prg_map_int=\count108
)
(c:/usr/TnXTeXLive/2011/texmf/tex/latex/l3kernel/l3clist.sty
Package: l3clist 2012/01/09 v3157 L3 Experimental comma separated lists
)
(c:/usr/TnXTeXLive/2011/texmf/tex/latex/l3kernel/l3token.sty
Package: l3token 2012/02/06 v3316 L3 Experimental token manipulation
)
(c:/usr/TnXTeXLive/2011/texmf/tex/latex/l3kernel/l3prop.sty
Package: l3prop 2012/01/09 v3158 L3 Experimental property lists
)
(c:/usr/TnXTeXLive/2011/texmf/tex/latex/l3kernel/l3msg.sty
Package: l3msg 2012/02/06 v3316 L3 Experimental messages
)
(c:/usr/TnXTeXLive/2011/texmf/tex/latex/l3kernel/l3io.sty
Package: l3io 2012/01/28 v3245 L3 Experimental input-output operations
\l_iow_stream_int=\count109
\l_iow_line_length_int=\count110
\l_iow_target_length_int=\count111
\l_iow_current_line_int=\count112
\l_iow_current_word_int=\count113
\l_iow_current_indentation_int=\count114
)
(c:/usr/TnXTeXLive/2011/texmf/tex/latex/l3kernel/l3file.sty
Package: l3file 2012/01/31 v3287 L3 Experimental file operations
)
(c:/usr/TnXTeXLive/2011/texmf/tex/latex/l3kernel/l3skip.sty
Package: l3skip 2012/02/06 v3313 L3 Experimental dimensions and skips
\l_tmpa_dim=\dimen112
\l_tmpb_dim=\dimen113
\l_tmpc_dim=\dimen114
\g_tmpa_dim=\dimen115
\g_tmpb_dim=\dimen116
\l_tmpa_skip=\skip46
\l_tmpb_skip=\skip47
\l_tmpc_skip=\skip48
\g_tmpa_skip=\skip49
\g_tmpb_skip=\skip50
)
(c:/usr/TnXTeXLive/2011/texmf/tex/latex/l3kernel/l3keys.sty
Package: l3keys 2011/12/22 v3086 L3 Experimental key-value interfaces
\g_keyval_level_int=\count115
\l_keys_choice_int=\count116
)
(c:/usr/TnXTeXLive/2011/texmf/tex/latex/l3kernel/l3fp.sty
Package: l3fp 2012/02/06 v3315 L3 Experimental floating-point operations
\c_one_hundred_million=\count117
\c_five_hundred_million=\count118
\c_one_thousand_million=\count119
\c_fp_pi_by_four_decimal_int=\count120
\c_fp_pi_by_four_extended_int=\count121
\c_fp_pi_decimal_int=\count122
\c_fp_pi_extended_int=\count123
\c_fp_two_pi_decimal_int=\count124
\c_fp_two_pi_extended_int=\count125
\l_fp_count_int=\count126
\l_fp_div_offset_int=\count127
\l_fp_exp_integer_int=\count128
\l_fp_exp_decimal_int=\count129
\l_fp_exp_extended_int=\count130
\l_fp_exp_exponent_int=\count131
\l_fp_input_a_sign_int=\count132
\l_fp_input_a_integer_int=\count133
\l_fp_input_a_decimal_int=\count134
\l_fp_input_a_exponent_int=\count135
\l_fp_input_b_sign_int=\count136
\l_fp_input_b_integer_int=\count137
\l_fp_input_b_decimal_int=\count138
\l_fp_input_b_exponent_int=\count139
\l_fp_input_a_extended_int=\count140
\l_fp_input_b_extended_int=\count141
\l_fp_mul_a_i_int=\count142
\l_fp_mul_a_ii_int=\count143
\l_fp_mul_a_iii_int=\count144
\l_fp_mul_a_iv_int=\count145
\l_fp_mul_a_v_int=\count146
\l_fp_mul_a_vi_int=\count147
\l_fp_mul_b_i_int=\count148
\l_fp_mul_b_ii_int=\count149
\l_fp_mul_b_iii_int=\count150
\l_fp_mul_b_iv_int=\count151
\l_fp_mul_b_v_int=\count152
\l_fp_mul_b_vi_int=\count153
\l_fp_mul_output_int=\count154
\l_fp_output_sign_int=\count155
\l_fp_output_integer_int=\count156
\l_fp_output_decimal_int=\count157
\l_fp_output_exponent_int=\count158
\l_fp_output_extended_int=\count159
\l_fp_round_position_int=\count160
\l_fp_round_target_int=\count161
\l_fp_split_sign_int=\count162
\l_fp_internal_int=\count163
\l_fp_trig_octant_int=\count164
\l_fp_trig_sign_int=\count165
\l_fp_trig_decimal_int=\count166
\l_fp_trig_extended_int=\count167
\l_fp_internal_dim=\dimen117
\l_fp_internal_skip=\skip51
)
(c:/usr/TnXTeXLive/2011/texmf/tex/latex/l3kernel/l3box.sty
Package: l3box 2012/01/09 v3158 L3 Experimental boxes
\l_tmpb_box=\box28
\l_box_top_dim=\dimen118
\l_box_bottom_dim=\dimen119
\l_box_left_dim=\dimen120
\l_box_right_dim=\dimen121
\l_box_top_new_dim=\dimen122
\l_box_bottom_new_dim=\dimen123
\l_box_left_new_dim=\dimen124
\l_box_right_new_dim=\dimen125
\l_box_internal_box=\box29
)
(c:/usr/TnXTeXLive/2011/texmf/tex/latex/l3kernel/l3coffins.sty
Package: l3coffins 2012/01/08 v3155 L3 Experimental coffin code layer
\l_coffin_internal_box=\box30
\l_coffin_internal_dim=\dimen126
\l_coffin_offset_x_dim=\dimen127
\l_coffin_offset_y_dim=\dimen128
\l_coffin_x_dim=\dimen129
\l_coffin_y_dim=\dimen130
\l_coffin_x_prime_dim=\dimen131
\l_coffin_y_prime_dim=\dimen132
\l_coffin_Depth_dim=\dimen133
\l_coffin_Height_dim=\dimen134
\l_coffin_TotalHeight_dim=\dimen135
\l_coffin_Width_dim=\dimen136
\c_empty_coffin=\box31
\l_coffin_aligned_coffin=\box32
\l_coffin_aligned_internal_coffin=\box33
\l_coffin_bounding_shift_dim=\dimen137
\l_coffin_left_corner_dim=\dimen138
\l_coffin_right_corner_dim=\dimen139
\l_coffin_bottom_corner_dim=\dimen140
\l_coffin_top_corner_dim=\dimen141
\l_coffin_scaled_total_height_dim=\dimen142
\l_coffin_scaled_width_dim=\dimen143
\l_coffin_display_coffin=\box34
\l_coffin_display_coord_coffin=\box35
\l_coffin_display_pole_coffin=\box36
\l_coffin_display_offset_dim=\dimen144
\l_coffin_display_x_dim=\dimen145
\l_coffin_display_y_dim=\dimen146
)
(c:/usr/TnXTeXLive/2011/texmf/tex/latex/l3kernel/l3color.sty
Package: l3color 2011/09/07 v2776 L3 Experimental colour support
)
(c:/usr/TnXTeXLive/2011/texmf/tex/latex/l3kernel/l3luatex.sty
Package: l3luatex 2012/01/09 v3158 L3 Experimental LuaTeX-specific functions
\g_cctab_allocate_int=\count168
\g_cctab_stack_int=\count169
))
(c:/usr/TnXTeXLive/2011/texmf/tex/latex/l3packages/xparse/xparse.sty
Package: xparse 2012/02/08 v3342 L3 Experimental document command parser
\l_xparse_current_arg_int=\count170
\l_xparse_m_args_int=\count171
\l_xparse_mandatory_args_int=\count172
\l_xparse_processor_int=\count173
\l_xparse_v_nesting_int=\count174
)
\l_fontspec_script_int=\count175
\l_fontspec_language_int=\count176
\l_fontspec_strnum_int=\count177
\l_fontspec_tmpa_dim=\dimen147
\l_fontspec_tmpb_dim=\dimen148
\l_fontspec_tmpc_dim=\dimen149
Variant \tl_gset:cV already defined; not changing it on line 66

(c:/usr/TnXTeXLive/2011/texmf/tex/latex/fontspec/fontspec-patches.sty
Package: fontspec-patches 2011/09/18 v2.2a Advanced font selection for XeLaTeX/
LuaLaTeX

(c:/usr/TnXTeXLive/2011/texmf/tex/latex/base/fixltx2e.sty
Package: fixltx2e 2006/09/13 v1.1m fixes to LaTeX
LaTeX Info: Redefining \em on input line 420.
LaTeX Info: The control sequence `\[' is already robust on input line 471.
LaTeX Info: The control sequence `\]' is already robust on input line 472.
)
LaTeX Info: Redefining \em on input line 22.
LaTeX Info: Redefining \emph on input line 29.
LaTeX Info: Redefining \- on input line 32.

*************************************************
* LaTeX warning: "xparse/redefine-command"
* 
* Redefining document command \oldstylenums with arg. spec. 'm' on line 107.
*************************************************
.................................................
. LaTeX info: "xparse/define-command"
. 
. Defining document command \liningnums with arg. spec. 'm' on line 111.
.................................................
) (c:/usr/TnXTeXLive/2011/texmf/tex/latex/fontspec/fontspec-xetex.sty
Package: fontspec-xetex 2011/09/18 v2.2a Advanced font selection for XeLaTeX/Lu
aLaTeX

(c:/usr/TnXTeXLive/2011/texmf/tex/latex/base/fontenc.sty
Package: fontenc 2005/09/27 v1.99g Standard LaTeX package

(c:/usr/TnXTeXLive/2011/texmf/tex/latex/euenc/eu1enc.def
File: eu1enc.def 2010/05/27 v0.1h Experimental Unicode font encodings
)
LaTeX Font Info:    Try loading font information for EU1+lmr on input line 100.


(c:/usr/TnXTeXLive/2011/texmf/tex/latex/euenc/eu1lmr.fd
File: eu1lmr.fd 2009/10/30 v1.6 Font defs for Latin Modern
))
(c:/usr/TnXTeXLive/2011/texmf/tex/xelatex/xunicode/xunicode.sty
File: xunicode.sty 2011/09/09 v0.981 provides access to latin accents and many 
other characters in Unicode lower plane

(c:/usr/TnXTeXLive/2011/texmf/tex/latex/tipa/t3enc.def
File: t3enc.def 2001/12/31 T3 encoding
LaTeX Font Info:    Try loading font information for EU1+lmss on input line 357
.

(c:/usr/TnXTeXLive/2011/texmf/tex/latex/euenc/eu1lmss.fd
File: eu1lmss.fd 2009/10/30 v1.6 Font defs for Latin Modern
))
\tipaTiiicode=\count178
\tipasavetokens=\toks19
\tipachecktokens=\toks20

(c:/usr/TnXTeXLive/2011/texmf/tex/latex/graphics/graphicx.sty
Package: graphicx 1999/02/16 v1.0f Enhanced LaTeX Graphics (DPC,SPQR)

(c:/usr/TnXTeXLive/2011/texmf/tex/latex/graphics/keyval.sty
Package: keyval 1999/03/16 v1.13 key=value parser (DPC)
\KV@toks@=\toks21
)
\Gin@req@height=\dimen150
\Gin@req@width=\dimen151
))
.................................................
. LaTeX info: "xparse/define-command"
. 
. Defining document command \fontspec with arg. spec. 'O{}m' on line 39.
.................................................
.................................................
. LaTeX info: "xparse/define-command"
. 
. Defining document command \setmainfont with arg. spec. 'O{}m' on line 43.
.................................................
.................................................
. LaTeX info: "xparse/define-command"
. 
. Defining document command \setsansfont with arg. spec. 'O{}m' on line 47.
.................................................
.................................................
. LaTeX info: "xparse/define-command"
. 
. Defining document command \setmonofont with arg. spec. 'O{}m' on line 51.
.................................................
.................................................
. LaTeX info: "xparse/define-command"
. 
. Defining document command \setmathrm with arg. spec. 'O{}m' on line 59.
.................................................
.................................................
. LaTeX info: "xparse/define-command"
. 
. Defining document command \setboldmathrm with arg. spec. 'O{}m' on line 62.
.................................................
.................................................
. LaTeX info: "xparse/define-command"
. 
. Defining document command \setmathsf with arg. spec. 'O{}m' on line 65.
.................................................
.................................................
. LaTeX info: "xparse/define-command"
. 
. Defining document command \setmathtt with arg. spec. 'O{}m' on line 68.
.................................................
.................................................
. LaTeX info: "xparse/define-command"
. 
. Defining document command \newfontfamily with arg. spec. 'mO{}m' on line 84.
.................................................
.................................................
. LaTeX info: "xparse/define-command"
. 
. Defining document command \newfontface with arg. spec. 'mO{}m' on line 87.
.................................................
.................................................
. LaTeX info: "xparse/define-command"
. 
. Defining document command \defaultfontfeatures with arg. spec. 'm' on line
. 91.
.................................................
.................................................
. LaTeX info: "xparse/define-command"
. 
. Defining document command \addfontfeatures with arg. spec. 'm' on line 107.
.................................................
.................................................
. LaTeX info: "xparse/define-command"
. 
. Defining document command \newfontfeature with arg. spec. 'mm' on line 118.
.................................................
.................................................
. LaTeX info: "xparse/define-command"
. 
. Defining document command \newAATfeature with arg. spec. 'mmmm' on line 125.
.................................................
.................................................
. LaTeX info: "xparse/define-command"
. 
. Defining document command \newICUfeature with arg. spec. 'mmm' on line 132.
.................................................
.................................................
. LaTeX info: "xparse/define-command"
. 
. Defining document command \aliasfontfeature with arg. spec. 'mm' on line
. 159.
.................................................
.................................................
. LaTeX info: "xparse/define-command"
. 
. Defining document command \aliasfontfeatureoption with arg. spec. 'mmm' on
. line 164.
.................................................
.................................................
. LaTeX info: "xparse/define-command"
. 
. Defining document command \newfontscript with arg. spec. 'mm' on line 169.
.................................................
.................................................
. LaTeX info: "xparse/define-command"
. 
. Defining document command \newfontlanguage with arg. spec. 'mm' on line 192.
.................................................
.................................................
. LaTeX info: "xparse/define-command"
. 
. Defining document command \DeclareFontsExtensions with arg. spec. 'm' on
. line 211.
.................................................
Variant \prop_gput:cnV already defined; not changing it on line 485
Variant \prop_gput:cnx already defined; not changing it on line 486
Variant \keys_set:nx already defined; not changing it on line 963
\c@fontspec_tmp_int=\count179
LaTeX Info: Redefining \itshape on input line 1881.
LaTeX Info: Redefining \slshape on input line 1885.
LaTeX Info: Redefining \scshape on input line 1889.
LaTeX Info: Redefining \upshape on input line 1893.

(c:/usr/TnXTeXLive/2011/texmf/tex/latex/fontspec/fontspec.cfg)))
(c:/usr/TnXTeXLive/2011/texmf/tex/latex/realscripts/realscripts.sty
Package: realscripts 2010/09/30 v0.3 Access OpenType subscripts and superscript
s
.................................................
. LaTeX info: "xparse/define-command"
. 
. Defining document command \fakesubscript with arg. spec. 'm' on line 19.
.................................................
.................................................
. LaTeX info: "xparse/define-command"
. 
. Defining document command \fakesuperscript with arg. spec. 'm' on line 22.
.................................................

*************************************************
* LaTeX warning: "xparse/redefine-command"
* 
* Redefining document command \textsubscript with arg. spec. 's' on line 25.
*************************************************
*************************************************
* LaTeX warning: "xparse/redefine-command"
* 
* Redefining document command \textsuperscript with arg. spec. 's' on line 28.
*************************************************
.................................................
. LaTeX info: "xparse/define-command"
. 
. Defining document command \realsubscript with arg. spec. 'm' on line 45.
.................................................
.................................................
. LaTeX info: "xparse/define-command"
. 
. Defining document command \realsuperscript with arg. spec. 'm' on line 60.
.................................................
.................................................
. LaTeX info: "xparse/define-command"
. 
. Defining document command \textsubsuperscript with arg. spec. 'sO{l}mm' on
. line 137.
.................................................
.................................................
. LaTeX info: "xparse/define-command"
. 
. Defining document command \textsupersubscript with arg. spec. 'sO{l}mm' on
. line 140.
.................................................
\subsupersep=\dimen152
) (c:/usr/TnXTeXLive/2011/texmf/tex/latex/metalogo/metalogo.sty
Package: metalogo 2010/05/29 v0.12 Extended TeX logo macros
\xl@everylogo=\toks22
\xl@@everylogo=\toks23
LaTeX Info: Redefining \TeX on input line 193.
LaTeX Info: Redefining \LaTeX on input line 202.
LaTeX Info: Redefining \LaTeXe on input line 219.
)
\xxt@tempbox=\box37
)
(c:/usr/TnXTeXLive/2011/texmf/tex/latex/xkeyval/xkeyval.sty
Package: xkeyval 2008/08/13 v2.6a package option processing (HA)

(c:/usr/TnXTeXLive/2011/texmf/tex/generic/xkeyval/xkeyval.tex
\XKV@toks=\toks24
\XKV@tempa@toks=\toks25
\XKV@depth=\count180
File: xkeyval.tex 2008/08/13 v2.6a key=value parser (HA)
))
\XK@font@options=\toks26
.................................................
. fontspec info: "no-scripts"
. 
. Font UnBatang does not contain any OpenType `Script' information.
.................................................
\g_fontspec_family_UnBatang_int=\count181
.................................................
. fontspec info: "defining-font"
. 
. Font family 'UnBatang(0)' created for font 'UnBatang' with options [
. ExternalLocation, Mapping=tex-text, BoldFont=UnBatangBold,
. ItalicFont=UnBatang, ItalicFeatures={FakeSlant=0.17}, SlantedFont=UnBatang,
. SlantedFeatures={FakeSlant=0.17}, BoldItalicFont=UnBatangBold,
. BoldItalicFeatures={FakeSlant=0.17}, BoldSlantedFont=UnBatangBold,
. BoldSlantedFeatures={FakeSlant=0.17}].
. 
. This font family consists of the following shapes:
. 
. * 'normal' with NFSS spec.:
. <->"[UnBatang]/ICU:mapping=tex-text;"
. 
. * 'bold' with NFSS spec.:
. <->"[UnBatangBold]/ICU:mapping=tex-text;"
. 
. * 'italic' with NFSS spec.:
. <->"[UnBatang]/ICU:mapping=tex-text;slant=0.17;"
. 
. * 'sl/,FakeSlant=0.17' with NFSS spec.:
. <->"[UnBatang]/ICU:mapping=tex-text;slant=0.17;"
. 
. * 'bold italic' with NFSS spec.:
. <->"[UnBatangBold]/ICU:mapping=tex-text;slant=0.17;"
. 
. * 'sl/,FakeSlant=0.17' with NFSS spec.:
. <->"[UnBatangBold]/ICU:mapping=tex-text;slant=0.17;"
.................................................
.................................................
. fontspec info: "no-scripts"
. 
. Font UnDotum does not contain any OpenType `Script' information.
.................................................
\g_fontspec_family_UnDotum_int=\count182
.................................................
. fontspec info: "defining-font"
. 
. Font family 'UnDotum(0)' created for font 'UnDotum' with options [
. ExternalLocation, Mapping=tex-text, BoldFont=UnDotumBold,
. ItalicFont=UnDotum, ItalicFeatures={FakeSlant=0.17}, SlantedFont=UnDotum,
. SlantedFeatures={FakeSlant=0.17}, BoldItalicFont=UnDotumBold,
. BoldItalicFeatures={FakeSlant=0.17}, BoldSlantedFont=UnDotumBold,
. BoldSlantedFeatures={FakeSlant=0.17}].
. 
. This font family consists of the following shapes:
. 
. * 'normal' with NFSS spec.:
. <->"[UnDotum]/ICU:mapping=tex-text;"
. 
. * 'bold' with NFSS spec.:
. <->"[UnDotumBold]/ICU:mapping=tex-text;"
. 
. * 'italic' with NFSS spec.:
. <->"[UnDotum]/ICU:mapping=tex-text;slant=0.17;"
. 
. * 'sl/,FakeSlant=0.17' with NFSS spec.:
. <->"[UnDotum]/ICU:mapping=tex-text;slant=0.17;"
. 
. * 'bold italic' with NFSS spec.:
. <->"[UnDotumBold]/ICU:mapping=tex-text;slant=0.17;"
. 
. * 'sl/,FakeSlant=0.17' with NFSS spec.:
. <->"[UnDotumBold]/ICU:mapping=tex-text;slant=0.17;"
.................................................
.................................................
. fontspec info: "no-scripts"
. 
. Font UnTaza does not contain any OpenType `Script' information.
.................................................
\g_fontspec_family_UnTaza_int=\count183
.................................................
. fontspec info: "defining-font"
. 
. Font family 'UnTaza(0)' created for font 'UnTaza' with options [
. ExternalLocation, Scale=1.05, BoldFont=UnTaza, BoldFeatures={FakeBold=2},
. ItalicFont=UnTaza, ItalicFeatures={FakeSlant=0.17}, SlantedFont=UnTaza,
. SlantedFeatures={FakeSlant=0.17}, BoldItalicFont=UnTaza,
. BoldItalicFeatures={FakeBold=2,FakeSlant=0.17}, BoldSlantedFont=UnTaza,
. BoldSlantedFeatures={FakeBold=2,FakeSlant=0.17}, ].
. 
. This font family consists of the following shapes:
. 
. * 'normal' with NFSS spec.:
. <->s*[1.05]"[UnTaza]/ICU:"
. 
. * 'bold' with NFSS spec.:
. <->s*[1.05]"[UnTaza]/ICU:embolden=2;"
. 
. * 'italic' with NFSS spec.:
. <->s*[1.05]"[UnTaza]/ICU:slant=0.17;"
. 
. * 'sl/,FakeSlant=0.17' with NFSS spec.:
. <->s*[1.05]"[UnTaza]/ICU:slant=0.17;"
. 
. * 'bold italic' with NFSS spec.:
. <->s*[1.05]"[UnTaza]/ICU:embolden=2;slant=0.17;"
. 
. * 'sl/,FakeBold=2,FakeSlant=0.17' with NFSS spec.:
. <->s*[1.05]"[UnTaza]/ICU:embolden=2;slant=0.17;"
.................................................
)
(c:/usr/TnXTeXLive/2011/texmf/tex/xelatex/kotex-dev/xetexko/xetexko-vertical.st
y
Package: xetexko-vertical 2010/09/17 v1.9 vertical environment for xetexko
) (c:/usr/TnXTeXLive/2011/texmf/tex/latex/kotex/utf/kolabels-utf.tex)))
(./141205_Miri_02_Solutions.aux)
\openout1 = `141205_Miri_02_Solutions.aux'.

LaTeX Font Info:    Checking defaults for OML/cmm/m/it on input line 3.
LaTeX Font Info:    ... okay on input line 3.
LaTeX Font Info:    Checking defaults for T1/cmr/m/n on input line 3.
LaTeX Font Info:    ... okay on input line 3.
LaTeX Font Info:    Checking defaults for OT1/cmr/m/n on input line 3.
LaTeX Font Info:    ... okay on input line 3.
LaTeX Font Info:    Checking defaults for OMS/cmsy/m/n on input line 3.
LaTeX Font Info:    ... okay on input line 3.
LaTeX Font Info:    Checking defaults for OMX/cmex/m/n on input line 3.
LaTeX Font Info:    ... okay on input line 3.
LaTeX Font Info:    Checking defaults for U/cmr/m/n on input line 3.
LaTeX Font Info:    ... okay on input line 3.
LaTeX Font Info:    Checking defaults for EU1/lmr/m/n on input line 3.
LaTeX Font Info:    ... okay on input line 3.
LaTeX Font Info:    Checking defaults for T3/cmr/m/n on input line 3.
LaTeX Font Info:    Try loading font information for T3+cmr on input line 3.

(c:/usr/TnXTeXLive/2011/texmf/tex/latex/tipa/t3cmr.fd
File: t3cmr.fd 2001/12/31 TIPA font definitions
)
LaTeX Font Info:    ... okay on input line 3.
.................................................
. fontspec info: "setup-math"
. 
. Adjusting the maths setup (use [no-math] to avoid this).
.................................................
\symlegacymaths=\mathgroup4
LaTeX Font Info:    Overwriting symbol font `legacymaths' in version `bold'
(Font)                  OT1/cmr/m/n --> OT1/cmr/bx/n on input line 3.
LaTeX Font Info:    Redeclaring math accent \acute on input line 3.
LaTeX Font Info:    Redeclaring math accent \grave on input line 3.
LaTeX Font Info:    Redeclaring math accent \ddot on input line 3.
LaTeX Font Info:    Redeclaring math accent \tilde on input line 3.
LaTeX Font Info:    Redeclaring math accent \bar on input line 3.
LaTeX Font Info:    Redeclaring math accent \breve on input line 3.
LaTeX Font Info:    Redeclaring math accent \check on input line 3.
LaTeX Font Info:    Redeclaring math accent \hat on input line 3.
LaTeX Font Info:    Redeclaring math accent \dot on input line 3.
LaTeX Font Info:    Redeclaring math accent \mathring on input line 3.
LaTeX Font Info:    Redeclaring math symbol \Gamma on input line 3.
LaTeX Font Info:    Redeclaring math symbol \Delta on input line 3.
LaTeX Font Info:    Redeclaring math symbol \Theta on input line 3.
LaTeX Font Info:    Redeclaring math symbol \Lambda on input line 3.
LaTeX Font Info:    Redeclaring math symbol \Xi on input line 3.
LaTeX Font Info:    Redeclaring math symbol \Pi on input line 3.
LaTeX Font Info:    Redeclaring math symbol \Sigma on input line 3.
LaTeX Font Info:    Redeclaring math symbol \Upsilon on input line 3.
LaTeX Font Info:    Redeclaring math symbol \Phi on input line 3.
LaTeX Font Info:    Redeclaring math symbol \Psi on input line 3.
LaTeX Font Info:    Redeclaring math symbol \Omega on input line 3.
LaTeX Font Info:    Redeclaring math symbol \mathdollar on input line 3.
LaTeX Font Info:    Redeclaring symbol font `operators' on input line 3.
LaTeX Font Info:    Encoding `OT1' has changed to `EU1' for symbol font
(Font)              `operators' in the math version `normal' on input line 3.
LaTeX Font Info:    Overwriting symbol font `operators' in version `normal'
(Font)                  OT1/cmr/m/n --> EU1/lmr/m/n on input line 3.
LaTeX Font Info:    Encoding `OT1' has changed to `EU1' for symbol font
(Font)              `operators' in the math version `bold' on input line 3.
LaTeX Font Info:    Overwriting symbol font `operators' in version `bold'
(Font)                  OT1/cmr/bx/n --> EU1/lmr/m/n on input line 3.
LaTeX Font Info:    Overwriting symbol font `operators' in version `normal'
(Font)                  EU1/lmr/m/n --> EU1/lmr/m/n on input line 3.
LaTeX Font Info:    Overwriting math alphabet `\mathrm' in version `normal'
(Font)                  EU1/lmr/m/n --> EU1/lmr/m/n on input line 3.
LaTeX Font Info:    Overwriting math alphabet `\mathit' in version `normal'
(Font)                  OT1/cmr/m/it --> EU1/lmr/m/it on input line 3.
LaTeX Font Info:    Overwriting math alphabet `\mathbf' in version `normal'
(Font)                  OT1/cmr/bx/n --> EU1/lmr/bx/n on input line 3.
LaTeX Font Info:    Overwriting math alphabet `\mathsf' in version `normal'
(Font)                  OT1/cmss/m/n --> EU1/lmss/m/n on input line 3.
LaTeX Font Info:    Overwriting math alphabet `\mathtt' in version `normal'
(Font)                  OT1/cmtt/m/n --> EU1/lmtt/m/n on input line 3.
LaTeX Font Info:    Overwriting symbol font `operators' in version `bold'
(Font)                  EU1/lmr/m/n --> EU1/lmr/bx/n on input line 3.
LaTeX Font Info:    Overwriting math alphabet `\mathrm' in version `bold'
(Font)                  EU1/lmr/m/n --> EU1/lmr/bx/n on input line 3.
LaTeX Font Info:    Overwriting math alphabet `\mathit' in version `bold'
(Font)                  OT1/cmr/bx/it --> EU1/lmr/bx/it on input line 3.
LaTeX Font Info:    Overwriting math alphabet `\mathsf' in version `bold'
(Font)                  OT1/cmss/bx/n --> EU1/lmss/bx/n on input line 3.
LaTeX Font Info:    Overwriting math alphabet `\mathtt' in version `bold'
(Font)                  OT1/cmtt/m/n --> EU1/lmtt/bx/n on input line 3.
\symmathhangul=\mathgroup5
LaTeX Font Info:    Overwriting symbol font `mathhangul' in version `bold'
(Font)                  EU1/UnBatang(0)/m/n --> EU1/UnBatang(0)/bx/n on input l
ine 3.

Underfull \hbox (badness 10000) in paragraph at lines 4--10

 []

[1

] (./141205_Miri_02_Solutions.aux) ) 
Here is how much of TeX's memory you used:
 14571 strings out of 495437
 312150 string characters out of 3180271
 321683 words of memory out of 3000000
 17596 multiletter control sequences out of 15000+200000
 4214 words of font info for 31 fonts, out of 3000000 for 9000
 134 hyphenation exceptions out of 8191
 71i,5n,40p,691b,160s stack positions out of 5000i,500n,10000p,200000b,50000s

Output written on 141205_Miri_02_Solutions.pdf (1 page).
