\BOOKMARK [1][-]{section*.1}{차 례}{}% 1
\BOOKMARK [2][-]{subsection.0.0.1}{02-실력2}{section*.1}% 2
\BOOKMARK [2][-]{subsection.0.0.2}{03-실력2}{section*.1}% 3
\BOOKMARK [2][-]{subsection.0.0.3}{04-예제1-1}{section*.1}% 4
\BOOKMARK [2][-]{subsection.0.0.4}{04-예제1-2}{section*.1}% 5
\BOOKMARK [2][-]{subsection.0.0.5}{04-예제3-1}{section*.1}% 6
\BOOKMARK [2][-]{subsection.0.0.6}{04-예제3-2}{section*.1}% 7
\BOOKMARK [2][-]{subsection.0.0.7}{04-예제4}{section*.1}% 8
\BOOKMARK [2][-]{subsection.0.0.8}{04-예제8}{section*.1}% 9
\BOOKMARK [2][-]{subsection.0.0.9}{04-기초3}{section*.1}% 10
\BOOKMARK [2][-]{subsection.0.0.10}{04-기초5}{section*.1}% 11
\BOOKMARK [2][-]{subsection.0.0.11}{04-기본1}{section*.1}% 12
\BOOKMARK [2][-]{subsection.0.0.12}{04-기본2}{section*.1}% 13
\BOOKMARK [2][-]{subsection.0.0.13}{04-기본4}{section*.1}% 14
\BOOKMARK [2][-]{subsection.0.0.14}{04-실력1-1}{section*.1}% 15
\BOOKMARK [2][-]{subsection.0.0.15}{04-실력1-2}{section*.1}% 16
\BOOKMARK [2][-]{subsection.0.0.16}{04-실력1-3}{section*.1}% 17
\BOOKMARK [2][-]{subsection.0.0.17}{04-실력1-4}{section*.1}% 18
\BOOKMARK [2][-]{subsection.0.0.18}{04-실력2}{section*.1}% 19
\BOOKMARK [2][-]{subsection.0.0.19}{04-실력3}{section*.1}% 20
\BOOKMARK [2][-]{subsection.0.0.20}{04-기출}{section*.1}% 21
