This is pdfTeX, Version 3.141592653-2.6-1.40.23 (TeX Live 2021/W32TeX) (preloaded format=pdflatex 2021.12.22)  19 OCT 2025 12:18
entering extended mode
 restricted \write18 enabled.
 %&-line parsing enabled.
**15_math_10_function.tex
(./15_math_10_function.tex
LaTeX2e <2021-11-15> patch level 1
L3 programming layer <2021-11-22>
(c:/texlive/2021/texmf-dist/tex/latex/kotex-oblivoir/oblivoir.cls
Document Class: oblivoir 2021/09/21 v3.0.2
(c:/texlive/2021/texmf-dist/tex/latex/xkeyval/xkeyval.sty
Package: xkeyval 2020/11/20 v2.8 package option processing (HA)

(c:/texlive/2021/texmf-dist/tex/generic/xkeyval/xkeyval.tex
(c:/texlive/2021/texmf-dist/tex/generic/xkeyval/xkvutils.tex
\XKV@toks=\toks16
\XKV@tempa@toks=\toks17

(c:/texlive/2021/texmf-dist/tex/generic/xkeyval/keyval.tex))
\XKV@depth=\count183
File: xkeyval.tex 2014/12/03 v2.7a key=value parser (HA)
))
(c:/texlive/2021/texmf-dist/tex/latex/l3packages/xparse/xparse.sty
(c:/texlive/2021/texmf-dist/tex/latex/l3kernel/expl3.sty
Package: expl3 2021-11-22 L3 programming layer (loader) 

(c:/texlive/2021/texmf-dist/tex/latex/l3backend/l3backend-pdftex.def
File: l3backend-pdftex.def 2021-12-14 L3 backend support: PDF output (pdfTeX)
\l__color_backend_stack_int=\count184
\l__pdf_internal_box=\box50
))
Package: xparse 2021-11-12 L3 Experimental document command parser
)
(c:/texlive/2021/texmf-dist/tex/generic/iftex/iftex.sty
Package: iftex 2020/03/06 v1.0d TeX engine tests
)
(c:/texlive/2021/texmf-dist/tex/latex/kotex-oblivoir/oblivoir-utf.cls
Document Class: oblivoir-utf 2020/02/10 v0.8.2 article-like class to typeset UT
F-8 korean using memoir.
\fa@setheight=\skip47
\fa@setwidth=\skip48
(c:/texlive/2021/texmf-dist/tex/latex/memoir/memoir.cls
Document Class: memoir 2021/06/16 v3.7p configurable book, report, article docu
ment class
\onelineskip=\skip49
\lxvchars=\skip50
\xlvchars=\skip51
\@memcnta=\count185
\c@@memmarkcntra=\count186
\stockheight=\skip52
\stockwidth=\skip53
\trimtop=\skip54
\trimedge=\skip55
(c:/texlive/2021/texmf-dist/tex/latex/memoir/mem10.clo
File: mem10.clo 2008/01/30 v0.3 memoir class 10pt size option
)
\binding=\skip56
\spinemargin=\skip57
\foremargin=\skip58
\uppermargin=\skip59
\lowermargin=\skip60
\headdrop=\skip61
\normalrulethickness=\skip62
\mem@maxheadheight=\skip63
\mem@maxfootheight=\skip64
\headwidth=\skip65
\c@storedpagenumber=\count187
\memPD=\dimen138
\m@mabparskip=\skip66
\thanksmarkwidth=\skip67
\thanksmarksep=\skip68
\droptitle=\skip69
\c@book=\count188
\c@part=\count189
\c@chapter=\count190
\c@section=\count191
\c@subsection=\count192
\c@subsubsection=\count193
\c@paragraph=\count194
\c@subparagraph=\count195
\beforechapskip=\skip70
\midchapskip=\skip71
\afterchapskip=\skip72
\chapindent=\skip73
\bottomsectionskip=\skip74
\secindent=\skip75
\beforesecskip=\skip76
\aftersecskip=\skip77
\subsecindent=\skip78
\beforesubsecskip=\skip79
\aftersubsecskip=\skip80
\subsubsecindent=\skip81
\beforesubsubsecskip=\skip82
\aftersubsubsecskip=\skip83
\paraindent=\skip84
\beforeparaskip=\skip85
\afterparaskip=\skip86
\subparaindent=\skip87
\beforesubparaskip=\skip88
\aftersubparaskip=\skip89
\pfbreakskip=\skip90
\c@@ppsavesec=\count196
\c@@ppsaveapp=\count197
\ragrparindent=\dimen139
\everylistparindent=\dimen140
\parsepi=\skip91
\topsepi=\skip92
\itemsepi=\skip93
\parsepii=\skip94
\topsepii=\skip95
\topsepiii=\skip96
\itemsepii=\skip97
\itemsepiii=\skip98
\partopsepii=\skip99
\partopsepiii=\skip100
\m@msavetopsep=\skip101
\m@msavepartopsep=\skip102
\@enLab=\toks18
\abstitleskip=\skip103
\absleftindent=\skip104
\abs@leftindent=\dimen141
\absrightindent=\skip105
\absparindent=\skip106
\absparsep=\skip107
\c@vslineno=\count198
\c@poemline=\count199
\c@modulo@vs=\count266
\c@memfvsline=\count267
\vleftskip=\skip108
\vrightskip=\skip109
\stanzaskip=\skip110
\versewidth=\skip111
\vgap=\skip112
\vindent=\skip113
\vleftmargin=\dimen142
\c@verse=\count268
\c@chrsinstr=\count269
\beforepoemtitleskip=\skip114
\afterpoemtitleskip=\skip115
\c@poem=\count270
\beforePoemTitleskip=\skip116
\midPoemTitleskip=\skip117
\afterPoemTitleskip=\skip118

(c:/texlive/2021/texmf-dist/tex/latex/tools/array.sty
Package: array 2021/10/04 v2.5f Tabular extension package (FMi)
\col@sep=\dimen143
\ar@mcellbox=\box51
\extrarowheight=\dimen144
\NC@list=\toks19
\extratabsurround=\skip119
\backup@length=\skip120
\ar@cellbox=\box52
)
(c:/texlive/2021/texmf-dist/tex/latex/tools/dcolumn.sty
Package: dcolumn 2014/10/28 v1.06 decimal alignment package (DPC)
)
(c:/texlive/2021/texmf-dist/tex/latex/tools/delarray.sty
Package: delarray 2014/10/28 v1.01 array delimiter package (DPC)
)
(c:/texlive/2021/texmf-dist/tex/latex/tools/tabularx.sty
Package: tabularx 2020/01/15 v2.11c `tabularx' package (DPC)
\TX@col@width=\dimen145
\TX@old@table=\dimen146
\TX@old@col=\dimen147
\TX@target=\dimen148
\TX@delta=\dimen149
\TX@cols=\count271
\TX@ftn=\toks20
)
\heavyrulewidth=\dimen150
\lightrulewidth=\dimen151
\cmidrulewidth=\dimen152
\belowrulesep=\dimen153
\belowbottomsep=\dimen154
\aboverulesep=\dimen155
\abovetopsep=\dimen156
\cmidrulesep=\dimen157
\cmidrulekern=\dimen158
\defaultaddspace=\dimen159
\@cmidla=\count272
\@cmidlb=\count273
\@aboverulesep=\dimen160
\@belowrulesep=\dimen161
\@thisruleclass=\count274
\@lastruleclass=\count275
\@thisrulewidth=\dimen162
\ctableftskip=\skip121
\ctabrightskip=\skip122
\abovecolumnspenalty=\count276
\@linestogo=\count277
\@cellstogo=\count278
\@cellsincolumn=\count279
\crtok=\toks21
\@mincolumnwidth=\dimen163
\c@newflo@tctr=\count280
\mem@margin@floatbox=\box53
\@contcwidth=\skip123
\@contindw=\skip124
\abovecaptionskip=\skip125
\belowcaptionskip=\skip126
\subfloattopskip=\skip127
\subfloatcapskip=\skip128
\subfloatcaptopadj=\skip129
\subfloatbottomskip=\skip130
\subfloatlabelskip=\skip131
\subfloatcapmargin=\dimen164
\c@@contsubnum=\count281
\m@mscap@capbox=\box54
\m@mscap@fbox=\box55
\sidecapsep=\dimen165
\sidecapwidth=\dimen166
\m@m@tempdima=\dimen167
\m@mscapraise=\dimen168
\sidecapraise=\dimen169
\m@mscapmainwidth=\dimen170
\m@mscaplkern=\dimen171
\beforeepigraphskip=\skip132
\afterepigraphskip=\skip133
\epigraphwidth=\skip134
\epigraphrule=\skip135
LaTeX Info: Redefining \em on input line 7654.
LaTeX Info: Redefining \emph on input line 7662.
\tocentryskip=\skip136
\tocbaseline=\skip137
\cftparskip=\skip138
\cftbeforebookskip=\skip139
\cftbookindent=\dimen172
\cftbooknumwidth=\dimen173
\cftbeforepartskip=\skip140
\cftpartindent=\skip141
\cftpartnumwidth=\skip142
\cftbeforechapterskip=\skip143
\cftchapterindent=\skip144
\cftchapternumwidth=\skip145
\cftbeforesectionskip=\skip146
\cftsectionindent=\skip147
\cftsectionnumwidth=\skip148
\cftbeforesubsectionskip=\skip149
\cftsubsectionindent=\skip150
\cftsubsectionnumwidth=\skip151
\cftbeforesubsubsectionskip=\skip152
\cftsubsubsectionindent=\skip153
\cftsubsubsectionnumwidth=\skip154
\cftbeforeparagraphskip=\skip155
\cftparagraphindent=\skip156
\cftparagraphnumwidth=\skip157
\cftbeforesubparagraphskip=\skip158
\cftsubparagraphindent=\skip159
\cftsubparagraphnumwidth=\skip160
\prechapterprecisshift=\dimen174
\c@maxsecnumdepth=\count282
\bibindent=\dimen175
\bibitemsep=\skip161
\indexcolsep=\skip162
\indexrule=\skip163
\indexmarkstyle=\toks22
\@indexbox=\insert252
\glossarycolsep=\dimen176
\glossaryrule=\dimen177
\sideparvshift=\skip164
\sideins=\insert251
\sidebartopsep=\skip165
\sidebarhsep=\skip166
\sidebarvsep=\skip167
\sidebarwidth=\skip168
\footmarkwidth=\skip169
\footmarksep=\skip170
\footparindent=\skip171
\footinsdim=\skip172
\footinsv@r=\insert250
\@mpfootinsv@r=\insert249
\m@m@k=\count283
\m@m@h=\dimen178
\m@mipn@skip=\skip173
\sidefootins=\insert248
\sidefootadjust=\skip174
\sidefootheight=\skip175
\sidefoothsep=\skip176
\sidefootvsep=\skip177
\sidefootwidth=\skip178
\m@mdownsf=\skip179
\c@sidefootnote=\count284
\sidefootmarkwidth=\skip180
\sidefootmarksep=\skip181
\sidefootparindent=\skip182
\c@pagenote=\count285
\c@pagenoteshadow=\count286
\mem@pn@lastkern=\skip183
\every@verbatim=\toks23
\afterevery@verbatim=\toks24
\verbatim@line=\toks25
\tab@position=\count287
\verbatim@in@stream=\read2
\verbatimindent=\skip184
\verbatim@out=\write3
\bvboxsep=\skip185
\c@memfbvline=\count288
\c@bvlinectr=\count289
\bvnumlength=\skip186
\fb@frw=\dimen179
\fb@frh=\dimen180
\FrameRule=\dimen181
\FrameSep=\dimen182


LaTeX hooks Warning: Generic hook 'package/before/framed' is deprecated.
(hooks)              Use hook 'package/framed/before' instead.

\c@cp@cntr=\count290
\c@ism@mctr=\count291
\c@xsm@mctr=\count292
\c@csm@mctr=\count293
\c@ksm@mctr=\count294
\c@xksm@mctr=\count295
\c@cksm@mctr=\count296
\c@msm@mctr=\count297
\c@xmsm@mctr=\count298
\c@cmsm@mctr=\count299
\c@bsm@mctr=\count300
\c@workm@mctr=\count301
\c@sheetsequence=\count302
\c@lastsheet=\count303
\c@lastpage=\count304
(c:/texlive/2021/texmf-dist/tex/latex/textcase/textcase.sty
Package: textcase 2019/09/14 v1.00 Text only upper/lower case changing (DPC)
)
\c@figure=\count305
\c@lofdepth=\count306
\cftbeforefigureskip=\skip187
\cftfigureindent=\skip188
\cftfigurenumwidth=\skip189
\c@table=\count307
\c@lotdepth=\count308
\cftbeforetableskip=\skip190
\cfttableindent=\skip191
\cfttablenumwidth=\skip192
Package abstract [2008/07/23] emulated by memoir.
Package appendix [2008/07/23] emulated by memoir.
Package booktabs [2016/05/16] emulated by memoir.
Package ccaption [2008/07/23] emulated by memoir.
Package changepage [2008/07/23] emulated by memoir.
Package chngcntr [2008/07/23] emulated by memoir.
Package chngpage [2008/07/23] emulated by memoir.
Package crop emulated by memoir.
Package enumerate [2008/07/23] emulated by memoir.
Package epigraph [2008/07/23] emulated by memoir.
Package ifmtarg [2008/07/23] emulated by memoir.
Package index [2008/07/23] emulated by memoir.
Package makeidx [2008/07/23] emulated by memoir.
Package moreverb [2008/07/23] emulated by memoir.
Package needspace [2008/07/23] emulated by memoir.
Package newfile [2008/07/23] emulated by memoir.
Package nextpage [2008/07/23] emulated by memoir.
Package pagenote [2008/07/23] emulated by memoir.
Package parskip [2008/07/23] emulated by memoir.
Package patchcmd [2008/07/23] emulated by memoir.
Package setspace [2008/07/23] emulated by memoir.
Package shortvrb [2008/07/23] emulated by memoir.
Package showidx [2008/07/23] emulated by memoir.
Package titleref [2008/07/23] emulated by memoir.
Package titling [2008/07/23] emulated by memoir.
Package tocbibind [2008/07/23] emulated by memoir.
Package tocloft [2008/07/23] emulated by memoir.
Package tocvsec2 [2008/07/23] emulated by memoir.
Package verbatim [2008/07/23] emulated by memoir.
Package verse [2008/07/23] emulated by memoir.


LaTeX hooks Warning: Generic hook 'package/before/float' is deprecated.
(hooks)              Use hook 'package/float/before' instead.

)
(c:/texlive/2021/texmf-dist/tex/latex/kotex-oblivoir/memhangul-ucs/memhangul-uc
s.sty
Package: memhangul-ucs 2014/06/12UCS Hangul Package for memoir class

memhangul-ucs v1.7.7 2014/06/12
(c:/texlive/2021/texmf-dist/tex/latex/kotex-utf/dhucs.sty
Package: dhucs 2012/11/08 v5.3.2 typesetting UTF-8 Korean documents

(c:/texlive/2021/texmf-dist/tex/latex/kotex-utf/kotexutf.sty
Package: kotexutf 2015/07/18 v2.1.1 typesetting UTF-8 Korean documents

(c:/texlive/2021/texmf-dist/tex/latex/base/inputenc.sty
Package: inputenc 2021/02/14 v1.3d Input encoding file
\inpenc@prehook=\toks26
\inpenc@posthook=\toks27
)
(c:/texlive/2021/texmf-dist/tex/plain/kotex-plain/kotexutf-core.tex
\unih@ngulpoint=\count309
\dhucs@emph@raise=\dimen183
)
Now handling font encoding LUC ...
... processing UTF-8 mapping file for font encoding LUC

(c:/texlive/2021/texmf-dist/tex/latex/kotex-utf/lucenc.dfu
File: lucenc.dfu 2007/09/05 UTF-8 support for dhucs
   defining Unicode char U+00B7 (decimal 183)
   defining Unicode char U+2018 (decimal 8216)
   defining Unicode char U+2019 (decimal 8217)
   defining Unicode char U+201C (decimal 8220)
   defining Unicode char U+201D (decimal 8221)
   defining Unicode char U+3001 (decimal 12289)
   defining Unicode char U+3002 (decimal 12290)
   defining Unicode char U+3008 (decimal 12296)
   defining Unicode char U+3009 (decimal 12297)
   defining Unicode char U+300A (decimal 12298)
   defining Unicode char U+300B (decimal 12299)
   defining Unicode char U+300C (decimal 12300)
   defining Unicode char U+300D (decimal 12301)
   defining Unicode char U+300E (decimal 12302)
   defining Unicode char U+300F (decimal 12303)
   defining Unicode char U+3010 (decimal 12304)
   defining Unicode char U+3011 (decimal 12305)
   defining Unicode char U+3014 (decimal 12308)
   defining Unicode char U+3015 (decimal 12309)
   defining Unicode char U+3016 (decimal 12310)
   defining Unicode char U+3017 (decimal 12311)
   defining Unicode char U+3018 (decimal 12312)
   defining Unicode char U+3019 (decimal 12313)
   defining Unicode char U+301A (decimal 12314)
   defining Unicode char U+301B (decimal 12315)
   defining Unicode char U+FF01 (decimal 65281)
   defining Unicode char U+FF08 (decimal 65288)
   defining Unicode char U+FF09 (decimal 65289)
   defining Unicode char U+FF0C (decimal 65292)
   defining Unicode char U+FF0E (decimal 65294)
   defining Unicode char U+FF1A (decimal 65306)
   defining Unicode char U+FF1B (decimal 65307)
   defining Unicode char U+FF1C (decimal 65308)
   defining Unicode char U+FF1D (decimal 65309)
   defining Unicode char U+FF1E (decimal 65310)
   defining Unicode char U+FF1F (decimal 65311)
   defining Unicode char U+FF3B (decimal 65339)
   defining Unicode char U+FF3D (decimal 65341)
   defining Unicode char U+FF5B (decimal 65371)
   defining Unicode char U+FF5D (decimal 65373)
   defining Unicode char U+FF61 (decimal 65377)
   defining Unicode char U+FF62 (decimal 65378)
   defining Unicode char U+FF63 (decimal 65379)
   defining Unicode char U+FF64 (decimal 65380)
   defining Unicode char U+FF65 (decimal 65381)
)
\@josa=\count310
\josatoks=\toks28

(c:/texlive/2021/texmf-dist/tex/latex/cjk-ko/kolabels-utf.sty
Package: kolabels-utf 2015/03/20 v1.5 UTF-8 Hangul item labels
)))
\memh@hu=\dimen184
\t@nch@ars=\skip193
\tmp@XXbox=\box56
\tmp@XXdim=\dimen185

(c:/texlive/2021/texmf-dist/tex/latex/kotex-oblivoir/memhangul-common/memhangul
-common.sty
Package: memhangul-common 2021/03/03
 (c:/texlive/2021/texmf-dist/tex/latex/etoolbox/etoolbox.sty
Package: etoolbox 2020/10/05 v2.5k e-TeX tools for LaTeX (JAW)
\etb@tempcnta=\count311
)
\togetheightoffont=\box57
\htoffnt=\skip194
\divnoteskip=\skip195

(c:/texlive/2021/texmf-dist/tex/latex/kotex-oblivoir/memhangul-common/memhangul
-patch.sty) (c:/texlive/2021/texmf-dist/tex/generic/hologo/hologo.sty
Package: hologo 2021-11-16 v1.15 A logo collection with bookmark support (HO)

(c:/texlive/2021/texmf-dist/tex/generic/ltxcmds/ltxcmds.sty
Package: ltxcmds 2020-05-10 v1.25 LaTeX kernel commands for general use (HO)
)
(c:/texlive/2021/texmf-dist/tex/generic/infwarerr/infwarerr.sty
Package: infwarerr 2019/12/03 v1.5 Providing info/warning/error messages (HO)
)
(c:/texlive/2021/texmf-dist/tex/generic/kvsetkeys/kvsetkeys.sty
Package: kvsetkeys 2019/12/15 v1.18 Key value parser (HO)
)
(c:/texlive/2021/texmf-dist/tex/generic/kvdefinekeys/kvdefinekeys.sty
Package: kvdefinekeys 2019-12-19 v1.6 Define keys (HO)
)
(c:/texlive/2021/texmf-dist/tex/generic/pdftexcmds/pdftexcmds.sty
Package: pdftexcmds 2020-06-27 v0.33 Utility functions of pdfTeX for LuaTeX (HO
)
Package pdftexcmds Info: \pdf@primitive is available.
Package pdftexcmds Info: \pdf@ifprimitive is available.
Package pdftexcmds Info: \pdfdraftmode found.
)
(c:/texlive/2021/texmf-dist/tex/latex/kvoptions/kvoptions.sty
Package: kvoptions 2020-10-07 v3.14 Key value format for package options (HO)
)
Package hologo Info: Using driver `pdftex'.
)
\pghgheadwidth=\dimen186
\c@APPchapter=\count312
\c@APPsection=\count313
\c@APPsubsection=\count314
\memucsadjustwidthtopsep=\dimen187
)
(c:/texlive/2021/texmf-dist/tex/latex/kotex-oblivoir/memhangul-ucs/memucs-inter
word.sty
Package: memucs-interword 2007/09/22
\BASE@FONTsize=\dimen188
\ORIG@spaceskip=\skip196
)
(c:/texlive/2021/texmf-dist/tex/latex/kotex-oblivoir/memhangul-common/memucs-se
tspace.sty
Package: memucs-setspace 2021/03/03 6.7-mu9 Contributed and Supported LaTeX2e p
ackage

Package: `memucs-setspace', a modified version of `setspace', 6.7-mu9 <2021/03/
03>
)
   defining Unicode char U+00BC (decimal 188)
   defining Unicode char U+00BD (decimal 189)
   defining Unicode char U+00BE (decimal 190)
   defining Unicode char U+02D0 (decimal 720)
   defining Unicode char U+2025 (decimal 8229)
   defining Unicode char U+2026 (decimal 8230)
   defining Unicode char U+2015 (decimal 8213)
   defining Unicode char U+2312 (decimal 8978)
\raisedotdim=\dimen189
\dhucs@emph@width=\dimen190
\useremphraisedim=\dimen191
\tmp_user_emph_dim=\dimen192
)
(c:/texlive/2021/texmf-dist/tex/latex/kotex-oblivoir/memhangul-ucs/nanumfontsel
.sty
Package: nanumfontsel 
) (c:/texlive/2021/texmf-dist/tex/generic/pdftex/glyphtounicode.tex)
(c:/texlive/2021/texmf-dist/tex/latex/kotex-utf/contrib/dhucs-cmap.sty
Package: dhucs-cmap 2007/06/16 searchable PDF for dhucs upon pdftex

(c:/texlive/2021/texmf-dist/tex/generic/iftex/ifpdf.sty
Package: ifpdf 2019/10/25 v3.4 ifpdf legacy package. Use iftex instead.
))
\ob@hu=\dimen193

(c:/texlive/2021/texmf-dist/tex/latex/hyperref/hyperref.sty
Package: hyperref 2021-06-07 v7.00m Hypertext links for LaTeX

(c:/texlive/2021/texmf-dist/tex/generic/pdfescape/pdfescape.sty
Package: pdfescape 2019/12/09 v1.15 Implements pdfTeX's escape features (HO)
)
(c:/texlive/2021/texmf-dist/tex/latex/hycolor/hycolor.sty
Package: hycolor 2020-01-27 v1.10 Color options for hyperref/bookmark (HO)
)
(c:/texlive/2021/texmf-dist/tex/latex/letltxmacro/letltxmacro.sty
Package: letltxmacro 2019/12/03 v1.6 Let assignment for LaTeX macros (HO)
)
(c:/texlive/2021/texmf-dist/tex/latex/auxhook/auxhook.sty
Package: auxhook 2019-12-17 v1.6 Hooks for auxiliary files (HO)
)
\@linkdim=\dimen194
\Hy@linkcounter=\count315
\Hy@pagecounter=\count316

(c:/texlive/2021/texmf-dist/tex/latex/hyperref/pd1enc.def
File: pd1enc.def 2021-06-07 v7.00m Hyperref: PDFDocEncoding definition (HO)
Now handling font encoding PD1 ...
... no UTF-8 mapping file for font encoding PD1
)
(c:/texlive/2021/texmf-dist/tex/latex/hyperref/hyperref-langpatches.def
File: hyperref-langpatches.def 2021-06-07 v7.00m Hyperref: patches for babel la
nguages
)
(c:/texlive/2021/texmf-dist/tex/generic/intcalc/intcalc.sty
Package: intcalc 2019/12/15 v1.3 Expandable calculations with integers (HO)
)
(c:/texlive/2021/texmf-dist/tex/generic/etexcmds/etexcmds.sty
Package: etexcmds 2019/12/15 v1.7 Avoid name clashes with e-TeX commands (HO)
)
\Hy@SavedSpaceFactor=\count317

(c:/texlive/2021/texmf-dist/tex/latex/hyperref/puenc.def
File: puenc.def 2021-06-07 v7.00m Hyperref: PDF Unicode definition (HO)
Now handling font encoding PU ...
... no UTF-8 mapping file for font encoding PU
)
Package hyperref Info: Option `unicode' set `true' on input line 4073.
Package hyperref Info: Hyper figures OFF on input line 4192.
Package hyperref Info: Link nesting OFF on input line 4197.
Package hyperref Info: Hyper index ON on input line 4200.
Package hyperref Info: Plain pages OFF on input line 4207.
Package hyperref Info: Backreferencing OFF on input line 4212.
Package hyperref Info: Implicit mode ON; LaTeX internals redefined.
Package hyperref Info: Bookmarks ON on input line 4445.
\c@Hy@tempcnt=\count318

(c:/texlive/2021/texmf-dist/tex/latex/url/url.sty
\Urlmuskip=\muskip16
Package: url 2013/09/16  ver 3.4  Verb mode for urls, etc.
)
LaTeX Info: Redefining \url on input line 4804.
\XeTeXLinkMargin=\dimen195

(c:/texlive/2021/texmf-dist/tex/generic/bitset/bitset.sty
Package: bitset 2019/12/09 v1.3 Handle bit-vector datatype (HO)

(c:/texlive/2021/texmf-dist/tex/generic/bigintcalc/bigintcalc.sty
Package: bigintcalc 2019/12/15 v1.5 Expandable calculations on big integers (HO
)
))
\Fld@menulength=\count319
\Field@Width=\dimen196
\Fld@charsize=\dimen197
Package hyperref Info: Hyper figures OFF on input line 6076.
Package hyperref Info: Link nesting OFF on input line 6081.
Package hyperref Info: Hyper index ON on input line 6084.
Package hyperref Info: backreferencing OFF on input line 6091.
Package hyperref Info: Link coloring OFF on input line 6096.
Package hyperref Info: Link coloring with OCG OFF on input line 6101.
Package hyperref Info: PDF/A mode OFF on input line 6106.
LaTeX Info: Redefining \ref on input line 6146.
LaTeX Info: Redefining \pageref on input line 6150.

(c:/texlive/2021/texmf-dist/tex/latex/base/atbegshi-ltx.sty
Package: atbegshi-ltx 2021/01/10 v1.0c Emulation of the original atbegshi
package with kernel methods
)
\Hy@abspage=\count320
\c@Item=\count321
\c@Hfootnote=\count322
)
(c:/texlive/2021/texmf-dist/tex/latex/memoir/memhfixc.sty
Package: memhfixc 2021/06/16 v1.19 nameref/hyperref package fixes for memoir cl
ass


LaTeX hooks Warning: Generic hook 'package/after/nameref' is deprecated.
(hooks)              Use hook 'package/nameref/after' instead.

\c@memhycontfloat=\count323
\c@Hpagenote=\count324

LaTeX hooks Warning: Generic hook 'package/after/hypcap' is deprecated.
(hooks)              Use hook 'package/hypcap/after' instead.

)
Package hyperref Info: Driver: hpdftex.
 (c:/texlive/2021/texmf-dist/tex/latex/hyperref/hpdftex.def
File: hpdftex.def 2021-06-07 v7.00m Hyperref driver for pdfTeX

(c:/texlive/2021/texmf-dist/tex/latex/base/atveryend-ltx.sty
Package: atveryend-ltx 2020/08/19 v1.0a Emulation of the original atveryend pac
kage
with kernel methods
)
\Fld@listcount=\count325
\c@bookmark@seq@number=\count326

(c:/texlive/2021/texmf-dist/tex/latex/rerunfilecheck/rerunfilecheck.sty
Package: rerunfilecheck 2019/12/05 v1.9 Rerun checks for auxiliary files (HO)

(c:/texlive/2021/texmf-dist/tex/generic/uniquecounter/uniquecounter.sty
Package: uniquecounter 2019/12/15 v1.4 Provide unlimited unique counter (HO)
)
Package uniquecounter Info: New unique counter `rerunfilecheck' on input line 2
86.
)
\Hy@SectionHShift=\skip197
)
\@ensp=\skip198

(c:/texlive/2021/texmf-dist/tex/latex/kotex-oblivoir/memhangul-common/ob-toclof
.sty)
(c:/texlive/2021/texmf-dist/tex/latex/kotex-oblivoir/memhangul-common/ob-korean
appendix.sty))
HANGUL DRIVER: kotex-utf
) (../preamble.tex (c:/texlive/2021/texmf-dist/tex/latex/amsmath/amsmath.sty
Package: amsmath 2021/10/15 v2.17l AMS math features
\@mathmargin=\skip199

For additional information on amsmath, use the `?' option.
(c:/texlive/2021/texmf-dist/tex/latex/amsmath/amstext.sty
Package: amstext 2021/08/26 v2.01 AMS text

(c:/texlive/2021/texmf-dist/tex/latex/amsmath/amsgen.sty
File: amsgen.sty 1999/11/30 v2.0 generic functions
\@emptytoks=\toks29
\ex@=\dimen198
))
(c:/texlive/2021/texmf-dist/tex/latex/amsmath/amsbsy.sty
Package: amsbsy 1999/11/29 v1.2d Bold Symbols
\pmbraise@=\dimen199
)
(c:/texlive/2021/texmf-dist/tex/latex/amsmath/amsopn.sty
Package: amsopn 2021/08/26 v2.02 operator names
)
\inf@bad=\count327
LaTeX Info: Redefining \frac on input line 234.
\uproot@=\count328
\leftroot@=\count329
LaTeX Info: Redefining \overline on input line 399.
\classnum@=\count330
\DOTSCASE@=\count331
LaTeX Info: Redefining \ldots on input line 496.
LaTeX Info: Redefining \dots on input line 499.
LaTeX Info: Redefining \cdots on input line 620.
\Mathstrutbox@=\box58
\strutbox@=\box59
\big@size=\dimen256
LaTeX Font Info:    Redeclaring font encoding OML on input line 743.
LaTeX Font Info:    Redeclaring font encoding OMS on input line 744.
\macc@depth=\count332
\c@MaxMatrixCols=\count333
\dotsspace@=\muskip17
\c@parentequation=\count334
\dspbrk@lvl=\count335
\tag@help=\toks30
\row@=\count336
\column@=\count337
\maxfields@=\count338
\andhelp@=\toks31
\eqnshift@=\dimen257
\alignsep@=\dimen258
\tagshift@=\dimen259
\tagwidth@=\dimen260
\totwidth@=\dimen261
\lineht@=\dimen262
\@envbody=\toks32
\multlinegap=\skip256
\multlinetaggap=\skip257
\mathdisplay@stack=\toks33
LaTeX Info: Redefining \[ on input line 2938.
LaTeX Info: Redefining \] on input line 2939.
)
(c:/texlive/2021/texmf-dist/tex/latex/amsfonts/amssymb.sty
Package: amssymb 2013/01/14 v3.01 AMS font symbols

(c:/texlive/2021/texmf-dist/tex/latex/amsfonts/amsfonts.sty
Package: amsfonts 2013/01/14 v3.01 Basic AMSFonts support
\symAMSa=\mathgroup4
\symAMSb=\mathgroup5
LaTeX Font Info:    Redeclaring math symbol \hbar on input line 98.
LaTeX Font Info:    Overwriting math alphabet `\mathfrak' in version `bold'
(Font)                  U/euf/m/n --> U/euf/b/n on input line 106.
))
(c:/texlive/2021/texmf-dist/tex/latex/amscls/amsthm.sty
Package: amsthm 2020/05/29 v2.20.6
\thm@style=\toks34
\thm@bodyfont=\toks35
\thm@headfont=\toks36
\thm@notefont=\toks37
\thm@headpunct=\toks38
\thm@preskip=\skip258
\thm@postskip=\skip259
\thm@headsep=\skip260
\dth@everypar=\toks39
)
(c:/texlive/2021/texmf-dist/tex/latex/cjk-ko/kotex.sty
Package: kotex 2015/04/19 v1.6 Korean TeX (ko.TeX)

(c:/texlive/2021/texmf-dist/tex/latex/kotex-utf/kotex.cfg))
(c:/texlive/2021/texmf-dist/tex/latex/tabu/tabu.sty
Package: tabu 2019/01/11 v2.9 - flexible LaTeX tabulars (FC+tabu-fixed)

(c:/texlive/2021/texmf-dist/tex/latex/varwidth/varwidth.sty
Package: varwidth 2009/03/30 ver 0.92;  Variable-width minipages
\@vwid@box=\box60
\sift@deathcycles=\count339
\@vwid@loff=\dimen263
\@vwid@roff=\dimen264
)
\c@taburow=\count340
\tabu@nbcols=\count341
\tabu@cnt=\count342
\tabu@Xcol=\count343
\tabu@alloc=\count344
\tabu@nested=\count345
\tabu@target=\dimen265
\tabu@spreadtarget=\dimen266
\tabu@naturalX=\dimen267
\tabucolX=\dimen268
\tabu@Xsum=\dimen269
\extrarowdepth=\dimen270
\abovetabulinesep=\dimen271
\belowtabulinesep=\dimen272
\tabustrutrule=\dimen273
\tabu@thebody=\toks40
\tabu@footnotes=\toks41
\tabu@box=\box61
\tabu@arstrutbox=\box62
\tabu@hleads=\box63
\tabu@vleads=\box64
\tabu@cellskip=\skip261
)
(c:/texlive/2021/texmf-dist/tex/latex/graphics/graphicx.sty
Package: graphicx 2021/09/16 v1.2d Enhanced LaTeX Graphics (DPC,SPQR)

(c:/texlive/2021/texmf-dist/tex/latex/graphics/graphics.sty
Package: graphics 2021/03/04 v1.4d Standard LaTeX Graphics (DPC,SPQR)

(c:/texlive/2021/texmf-dist/tex/latex/graphics/trig.sty
Package: trig 2021/08/11 v1.11 sin cos tan (DPC)
)
(c:/texlive/2021/texmf-dist/tex/latex/graphics-cfg/graphics.cfg
File: graphics.cfg 2016/06/04 v1.11 sample graphics configuration
)
Package graphics Info: Driver file: pdftex.def on input line 107.

(c:/texlive/2021/texmf-dist/tex/latex/graphics-def/pdftex.def
File: pdftex.def 2020/10/05 v1.2a Graphics/color driver for pdftex
))
\Gin@req@height=\dimen274
\Gin@req@width=\dimen275
)
(c:/texlive/2021/texmf-dist/tex/latex/psnfss/pifont.sty
Package: pifont 2020/03/25 PSNFSS-v9.3 Pi font support (SPQR) 
LaTeX Font Info:    Trying to load font information for U+pzd on input line 63.


(c:/texlive/2021/texmf-dist/tex/latex/psnfss/upzd.fd
File: upzd.fd 2001/06/04 font definitions for U/pzd.
)
LaTeX Font Info:    Trying to load font information for U+psy on input line 64.


(c:/texlive/2021/texmf-dist/tex/latex/psnfss/upsy.fd
File: upsy.fd 2001/06/04 font definitions for U/psy.
)) (../kswrapfig.sty

LaTeX Warning: You have requested package `../kswrapfig',
               but the package provides `kswrapfig'.

Package: kswrapfig 2012/02/03
(c:/texlive/2021/texmf-dist/tex/latex/environ/environ.sty
Package: environ 2014/05/04 v0.3 A new way to define environments

(c:/texlive/2021/texmf-dist/tex/latex/trimspaces/trimspaces.sty
Package: trimspaces 2009/09/17 v1.1 Trim spaces around a token list
))
\@BILD=\box65
\@TEXT=\box66
\d@breite=\dimen276
\d@hoehe=\dimen277
\d@xoff=\dimen278
\d@yoff=\dimen279
\d@shad=\dimen280
\d@dash=\dimen281
\d@boxl=\dimen282
\d@pichskip=\dimen283
\d@tmp=\dimen284
\d@tmpa=\dimen285
\d@bskip=\dimen286
\hsiz@=\dimen287
\p@getot@l=\dimen288
\c@breite=\count346
\c@hoehe=\count347
\c@xoff=\count348
\c@yoff=\count349
\c@pos=\count350
\c@shad=\count351
\c@dash=\count352
\c@boxl=\count353
\c@zeilen=\count354
\@changemode=\count355
\c@piccaption=\count356
\c@piccaptionpos=\count357
\c@picpos=\count358
\c@whole=\count359
\c@half=\count360
\c@tmp=\count361
\c@tmpa=\count362
\c@tmpb=\count363
\c@tmpc=\count364
\c@tmpd=\count365
\d@leftskip=\skip262
\ptoti=\dimen289
\ptotii=\dimen290
\env@box=\box67
\d@envdp=\dimen291
\c@hsize=\count366
\c@envdp=\count367
\d@envb=\dimen292

(c:/texlive/2021/texmf-dist/tex/latex/tools/calc.sty
Package: calc 2017/05/25 v4.3 Infix arithmetic (KKT,FJ)
\calc@Acount=\count368
\calc@Bcount=\count369
\calc@Adimen=\dimen293
\calc@Bdimen=\dimen294
\calc@Askip=\skip263
\calc@Bskip=\skip264
LaTeX Info: Redefining \setlength on input line 80.
LaTeX Info: Redefining \addtolength on input line 81.
\calc@Ccount=\count370
\calc@Cskip=\skip265
)
(c:/texlive/2021/texmf-dist/tex/latex/keycommand/keycommand.sty
Package: keycommand 2010/04/27 v3.1415 - key-value interface for commands and e
nvironments in LaTeX

(c:/texlive/2021/texmf-dist/tex/latex/etex-pkg/etex.sty
Package: etex 2016/08/01 v2.7 eTeX basic definition package (PEB,DPC)


Package etex Warning: Extended allocation already in use.
(etex)                etex.sty code will not be used.
(etex)                To force etex package to load, add
(etex)                \RequirePackage{etex}
(etex)                at the start of the document.

)) (c:/texlive/2021/texmf-dist/tex/latex/xifthen/xifthen.sty
Package: xifthen 2015/11/05 v1.4.0 Extended ifthen features

(c:/texlive/2021/texmf-dist/tex/latex/base/ifthen.sty
Package: ifthen 2020/11/24 v1.1c Standard LaTeX ifthen package (DPC)
))
\tmpfigbox=\box68
\tmptxtbox=\box69
\figboxvlen=\skip266
\txtboxvlen=\skip267
\figboxsep=\skip268
\figboxleftindent=\skip269
\xtmplen=\skip270
\ytmplen=\skip271
\TFleftmargin=\skip272
\TF@Sep=\dimen295
\TF@CaptionSepLen=\skip273
\KWF@box=\box70

(c:/texlive/2021/texmf-dist/tex/latex/picinpar/picinpar.sty
Pictures in Paragraphs. Version 1.2a, July 13, 1993
\br=\count371
\bl=\count372
\na=\count373
\nb=\count374
\tcdsav=\count375
\tcl=\count376
\tcd=\count377
\tcn=\count378
\cumtcl=\count379
\cumpartcl=\count380
\lftside=\dimen296
\rtside=\dimen297
\hpic=\dimen298
\vpic=\dimen299
\strutilg=\dimen300
\picwd=\dimen301
\topheight=\dimen302
\ilg=\dimen303
\lpic=\dimen304
\lwindowsep=\dimen305
\rwindowsep=\dimen306
\cumpar=\dimen307
\twa=\toks42
\la=\toks43
\ra=\toks44
\ha=\toks45
\pictoc=\toks46
\rawtext=\box71
\holder=\box72
\windowbox=\box73
\wartext=\box74
\finaltext=\box75
\aslice=\box76
\bslice=\box77
\wbox=\box78
\wstrutbox=\box79
\picbox=\box80
\waslice=\box81
\wbslice=\box82
\fslice=\box83
)
\TFA@CaptionSep=\skip274
\tmptmpfigbox=\box84
) (c:/texlive/2021/texmf-dist/tex/latex/was/gensymb.sty
Package: gensymb 2003/07/02 v1.0 (WaS)
)
(c:/texlive/2021/texmf-dist/tex/latex/mdframed/mdframed.sty
Package: mdframed 2013/07/01 1.9b: mdframed

(c:/texlive/2021/texmf-dist/tex/latex/zref/zref-abspage.sty
Package: zref-abspage 2020-07-03 v2.32 Module abspage for zref (HO)

(c:/texlive/2021/texmf-dist/tex/latex/zref/zref-base.sty
Package: zref-base 2020-07-03 v2.32 Module base for zref (HO)
Package zref Info: New property list: main on input line 764.
Package zref Info: New property: default on input line 765.
Package zref Info: New property: page on input line 766.
)
\c@abspage=\count381
Package zref Info: New property: abspage on input line 66.
)
(c:/texlive/2021/texmf-dist/tex/latex/graphics/color.sty
Package: color 2021/12/07 v1.3c Standard LaTeX Color (DPC)

(c:/texlive/2021/texmf-dist/tex/latex/graphics-cfg/color.cfg
File: color.cfg 2016/01/02 v1.6 sample color configuration
)
Package color Info: Driver file: pdftex.def on input line 149.
)
\mdf@templength=\skip275
\c@mdf@globalstyle@cnt=\count382
\mdf@skipabove@length=\skip276
\mdf@skipbelow@length=\skip277
\mdf@leftmargin@length=\skip278
\mdf@rightmargin@length=\skip279
\mdf@innerleftmargin@length=\skip280
\mdf@innerrightmargin@length=\skip281
\mdf@innertopmargin@length=\skip282
\mdf@innerbottommargin@length=\skip283
\mdf@splittopskip@length=\skip284
\mdf@splitbottomskip@length=\skip285
\mdf@outermargin@length=\skip286
\mdf@innermargin@length=\skip287
\mdf@linewidth@length=\skip288
\mdf@innerlinewidth@length=\skip289
\mdf@middlelinewidth@length=\skip290
\mdf@outerlinewidth@length=\skip291
\mdf@roundcorner@length=\skip292
\mdf@footenotedistance@length=\skip293
\mdf@userdefinedwidth@length=\skip294
\mdf@needspace@length=\skip295
\mdf@frametitleaboveskip@length=\skip296
\mdf@frametitlebelowskip@length=\skip297
\mdf@frametitlerulewidth@length=\skip298
\mdf@frametitleleftmargin@length=\skip299
\mdf@frametitlerightmargin@length=\skip300
\mdf@shadowsize@length=\skip301
\mdf@extratopheight@length=\skip302
\mdf@subtitleabovelinewidth@length=\skip303
\mdf@subtitlebelowlinewidth@length=\skip304
\mdf@subtitleaboveskip@length=\skip305
\mdf@subtitlebelowskip@length=\skip306
\mdf@subtitleinneraboveskip@length=\skip307
\mdf@subtitleinnerbelowskip@length=\skip308
\mdf@subsubtitleabovelinewidth@length=\skip309
\mdf@subsubtitlebelowlinewidth@length=\skip310
\mdf@subsubtitleaboveskip@length=\skip311
\mdf@subsubtitlebelowskip@length=\skip312
\mdf@subsubtitleinneraboveskip@length=\skip313
\mdf@subsubtitleinnerbelowskip@length=\skip314

(c:/texlive/2021/texmf-dist/tex/latex/mdframed/md-frame-0.mdf
File: md-frame-0.mdf 2013/07/01\ 1.9b: md-frame-0
)
\mdf@frametitlebox=\box85
\mdf@footnotebox=\box86
\mdf@splitbox@one=\box87
\mdf@splitbox@two=\box88
\mdf@splitbox@save=\box89
\mdfsplitboxwidth=\skip315
\mdfsplitboxtotalwidth=\skip316
\mdfsplitboxheight=\skip317
\mdfsplitboxdepth=\skip318
\mdfsplitboxtotalheight=\skip319
\mdfframetitleboxwidth=\skip320
\mdfframetitleboxtotalwidth=\skip321
\mdfframetitleboxheight=\skip322
\mdfframetitleboxdepth=\skip323
\mdfframetitleboxtotalheight=\skip324
\mdffootnoteboxwidth=\skip325
\mdffootnoteboxtotalwidth=\skip326
\mdffootnoteboxheight=\skip327
\mdffootnoteboxdepth=\skip328
\mdffootnoteboxtotalheight=\skip329
\mdftotallinewidth=\skip330
\mdfboundingboxwidth=\skip331
\mdfboundingboxtotalwidth=\skip332
\mdfboundingboxheight=\skip333
\mdfboundingboxdepth=\skip334
\mdfboundingboxtotalheight=\skip335
\mdf@freevspace@length=\skip336
\mdf@horizontalwidthofbox@length=\skip337
\mdf@verticalmarginwhole@length=\skip338
\mdf@horizontalspaceofbox=\skip339
\mdfsubtitleheight=\skip340
\mdfsubsubtitleheight=\skip341
\c@mdfcountframes=\count383

****** mdframed patching \endmdf@trivlist

****** -- success******

\mdf@envdepth=\count384
\c@mdf@env@i=\count385
\c@mdf@env@ii=\count386
\c@mdf@zref@counter=\count387
Package zref Info: New property: mdf@pagevalue on input line 895.
)
(c:/texlive/2021/texmf-dist/tex/latex/enumitem/enumitem.sty
Package: enumitem 2019/06/20 v3.9 Customized lists
\enitkv@toks@=\toks47
\labelindent=\skip342
\enit@outerparindent=\dimen308
\enit@toks=\toks48
\enit@inbox=\box90
\enit@count@id=\count388
\enitdp@description=\count389
)
(c:/texlive/2021/texmf-dist/tex/latex/tools/multicol.sty
Package: multicol 2021/10/28 v1.9b multicolumn formatting (FMi)
\c@tracingmulticols=\count390
\mult@box=\box91
\multicol@leftmargin=\dimen309
\c@unbalance=\count391
\c@collectmore=\count392
\doublecol@number=\count393
\multicoltolerance=\count394
\multicolpretolerance=\count395
\full@width=\dimen310
\page@free=\dimen311
\premulticols=\dimen312
\postmulticols=\dimen313
\multicolsep=\skip343
\multicolbaselineskip=\skip344
\partial@page=\box92
\last@line=\box93
\maxbalancingoverflow=\dimen314
\mult@rightbox=\box94
\mult@grightbox=\box95
\mult@firstbox=\box96
\mult@gfirstbox=\box97
\@tempa=\box98
\@tempa=\box99
\@tempa=\box100
\@tempa=\box101
\@tempa=\box102
\@tempa=\box103
\@tempa=\box104
\@tempa=\box105
\@tempa=\box106
\@tempa=\box107
\@tempa=\box108
\@tempa=\box109
\@tempa=\box110
\@tempa=\box111
\@tempa=\box112
\@tempa=\box113
\@tempa=\box114
\@tempa=\box115
\@tempa=\box116
\@tempa=\box117
\@tempa=\box118
\@tempa=\box119
\@tempa=\box120
\@tempa=\box121
\@tempa=\box122
\@tempa=\box123
\@tempa=\box124
\@tempa=\box125
\@tempa=\box126
\@tempa=\box127
\@tempa=\box128
\@tempa=\box129
\@tempa=\box130
\@tempa=\box131
\@tempa=\box132
\@tempa=\box133
\c@minrows=\count396
\c@columnbadness=\count397
\c@finalcolumnbadness=\count398
\last@try=\dimen315
\multicolovershoot=\dimen316
\multicolundershoot=\dimen317
\mult@nat@firstbox=\box134
\colbreak@box=\box135
\mc@col@check@num=\count399
)
\c@num=\count400

(c:/texlive/2021/texmf-dist/tex/latex/tabto-ltx/tabto.sty
Package: tabto 2018/12/28  v 1.4  Another tabbing mechanism
\CurrentLineWidth=\dimen318
\TabPrevPos=\dimen319
))
(./15_math_10_function.aux)
\openout1 = `15_math_10_function.aux'.

LaTeX Font Info:    Checking defaults for OML/cmm/m/it on input line 4.
LaTeX Font Info:    ... okay on input line 4.
LaTeX Font Info:    Checking defaults for OMS/cmsy/m/n on input line 4.
LaTeX Font Info:    ... okay on input line 4.
LaTeX Font Info:    Checking defaults for OT1/cmr/m/n on input line 4.
LaTeX Font Info:    ... okay on input line 4.
LaTeX Font Info:    Checking defaults for T1/cmr/m/n on input line 4.
LaTeX Font Info:    ... okay on input line 4.
LaTeX Font Info:    Checking defaults for TS1/cmr/m/n on input line 4.
LaTeX Font Info:    ... okay on input line 4.
LaTeX Font Info:    Checking defaults for OMX/cmex/m/n on input line 4.
LaTeX Font Info:    ... okay on input line 4.
LaTeX Font Info:    Checking defaults for U/cmr/m/n on input line 4.
LaTeX Font Info:    ... okay on input line 4.
LaTeX Font Info:    Checking defaults for LUC/nanummj/m/n on input line 4.
LaTeX Font Info:    Trying to load font information for LUC+nanummj on input li
ne 4.

(c:/texlive/2021/texmf-dist/tex/latex/nanumtype1/lucnanummj.fd
File: lucnanummj.fd 2013/02/12 v0.1 Nanum Myeongjo font definitions
)
LaTeX Font Info:    ... okay on input line 4.
LaTeX Font Info:    Checking defaults for PD1/pdf/m/n on input line 4.
LaTeX Font Info:    ... okay on input line 4.
LaTeX Font Info:    Checking defaults for PU/pdf/m/n on input line 4.
LaTeX Font Info:    ... okay on input line 4.
   defining Unicode char U+00B7 (decimal 183)

(c:/texlive/2021/texmf-dist/tex/latex/kotex-oblivoir/memhangul-ucs/memucs-gremp
h.sty
Package: memucs-gremph 
LaTeX Info: Redefining \itshape on input line 74.
LaTeX Info: Redefining \slshape on input line 78.
)
Package hyperref Info: Link coloring OFF on input line 4.
 (c:/texlive/2021/texmf-dist/tex/latex/hyperref/nameref.sty
Package: nameref 2021-04-02 v2.47 Cross-referencing by name of section

(c:/texlive/2021/texmf-dist/tex/latex/refcount/refcount.sty
Package: refcount 2019/12/15 v3.6 Data extraction from label references (HO)
)
(c:/texlive/2021/texmf-dist/tex/generic/gettitlestring/gettitlestring.sty
Package: gettitlestring 2019/12/15 v1.6 Cleanup title references (HO)
)
\c@section@level=\count401
)
Redoing nameref's sectioning
Redoing nameref's label
LaTeX Info: Redefining \nameref on input line 4.
LaTeX Info: Redefining \ref on input line 4.
LaTeX Info: Redefining \pageref on input line 4.
LaTeX Info: Redefining \nameref on input line 4.
(./15_math_10_function.out) (./15_math_10_function.out)
\@outlinefile=\write4
\openout4 = `15_math_10_function.out'.


(c:/texlive/2021/texmf-dist/tex/context/base/mkii/supp-pdf.mkii
[Loading MPS to PDF converter (version 2006.09.02).]
\scratchcounter=\count402
\scratchdimen=\dimen320
\scratchbox=\box136
\nofMPsegments=\count403
\nofMParguments=\count404
\everyMPshowfont=\toks49
\MPscratchCnt=\count405
\MPscratchDim=\dimen321
\MPnumerator=\count406
\makeMPintoPDFobject=\count407
\everyMPtoPDFconversion=\toks50
) (c:/texlive/2021/texmf-dist/tex/latex/epstopdf-pkg/epstopdf-base.sty
Package: epstopdf-base 2020-01-24 v2.11 Base part for package epstopdf
Package epstopdf-base Info: Redefining graphics rule for `.eps' on input line 4
85.

(c:/texlive/2021/texmf-dist/tex/latex/latexconfig/epstopdf-sys.cfg
File: epstopdf-sys.cfg 2010/07/13 v1.3 Configuration of (r)epstopdf for TeX Liv
e
))
LaTeX Info: Redefining \celsius on input line 4.
Package gensymb Info: Faking symbols for \degree and \celsius on input line 4.


Package gensymb Warning: Not defining \perthousand.

LaTeX Info: Redefining \ohm on input line 4.
Package gensymb Info: Using \Omega for \ohm on input line 4.

Package gensymb Warning: Not defining \micro.

LaTeX Font Info:    Trying to load font information for U+msa on input line 10.

(c:/texlive/2021/texmf-dist/tex/latex/amsfonts/umsa.fd
File: umsa.fd 2013/01/14 v3.01 AMS symbols A
)
LaTeX Font Info:    Trying to load font information for U+msb on input line 10.


(c:/texlive/2021/texmf-dist/tex/latex/amsfonts/umsb.fd
File: umsb.fd 2013/01/14 v3.01 AMS symbols B
)
(./15_math_10_function.toc) [1

{c:/texlive/2021/texmf-var/fonts/map/pdftex/updmap/pdftex.map}]
Package mdframed Info: mdframed detected package amsthm 
 changed the theorem header of amsthm
(mdframed)              on input line 16.
<function_2.png, id=94, 397.485pt x 261.6174pt>
File: function_2.png Graphic file (type png)
<use function_2.png>
Package pdftex.def Info: function_2.png  used on input line 27.
(pdftex.def)             Requested size: 136.39792pt x 89.77505pt.
 [2 <./function_2.png>]
<function_3.png, id=144, 829.1778pt x 186.9384pt>
File: function_3.png Graphic file (type png)
<use function_3.png>
Package pdftex.def Info: function_3.png  used on input line 55.
(pdftex.def)             Requested size: 306.89792pt x 69.19179pt.
<function_4.png, id=145, 280.8894pt x 317.0244pt>
File: function_4.png Graphic file (type png)
<use function_4.png>
Package pdftex.def Info: function_4.png  used on input line 68.
(pdftex.def)             Requested size: 92.07146pt x 103.91695pt.
 [3 <./function_3.png> <./function_4.png>]
Package mdframed Info: mdframed detected package amsthm 
 changed the theorem header of amsthm
(mdframed)              on input line 103.

Overfull \hbox (18.91536pt too wide) in paragraph at lines 139--148
\LUC/nanummj/bx/n/10/b2 õ \OT1/cmr/bx/n/10 : [] 
 []

[4]
Package mdframed Info: mdframed detected package amsthm 
 changed the theorem header of amsthm
(mdframed)              on input line 164.
 [5]
Package mdframed Info: mdframed detected package amsthm 
 changed the theorem header of amsthm
(mdframed)              on input line 221.
<graph_2-1.png, id=190, 280.8894pt x 317.0244pt>
File: graph_2-1.png Graphic file (type png)
<use graph_2-1.png>
Package pdftex.def Info: graph_2-1.png  used on input line 229.
(pdftex.def)             Requested size: 81.84187pt x 92.37009pt.
<graph_2-2.png, id=192, 199.7061pt x 168.8709pt>
File: graph_2-2.png Graphic file (type png)
<use graph_2-2.png>
Package pdftex.def Info: graph_2-2.png  used on input line 240.
(pdftex.def)             Requested size: 102.30104pt x 86.50436pt.
 [6 <./graph_2-1.png> <./graph_2-2.png>]
Package mdframed Info: mdframed detected package amsthm 
 changed the theorem header of amsthm
(mdframed)              on input line 252.
<graph_4.png, id=207, 299.1978pt x 300.4023pt>
File: graph_4.png Graphic file (type png)
<use graph_4.png>
Package pdftex.def Info: graph_4.png  used on input line 258.
(pdftex.def)             Requested size: 128.07805pt x 128.59749pt.
<graph_5-1.png, id=208, 182.3613pt x 182.8431pt>
File: graph_5-1.png Graphic file (type png)
<use graph_5-1.png>
Package pdftex.def Info: graph_5-1.png  used on input line 266.
(pdftex.def)             Requested size: 75.02042pt x 75.21724pt.
<graph_5-2.png, id=209, 182.3613pt x 182.8431pt>
File: graph_5-2.png Graphic file (type png)
<use graph_5-2.png>
Package pdftex.def Info: graph_5-2.png  used on input line 267.
(pdftex.def)             Requested size: 75.02042pt x 75.21724pt.
<graph_5-3.png, id=210, 182.3613pt x 182.8431pt>
File: graph_5-3.png Graphic file (type png)
<use graph_5-3.png>
Package pdftex.def Info: graph_5-3.png  used on input line 268.
(pdftex.def)             Requested size: 75.02042pt x 75.21724pt.
<graph_5-4.png, id=211, 182.3613pt x 182.8431pt>
File: graph_5-4.png Graphic file (type png)
<use graph_5-4.png>
Package pdftex.def Info: graph_5-4.png  used on input line 269.
(pdftex.def)             Requested size: 75.02042pt x 75.21724pt.
 [7 <./graph_4.png> <./graph_5-1.png> <./graph_5-2.png> <./graph_5-3.png> <./gr
aph_5-4.png>]
<various_0.png, id=224, 1039.2426pt x 233.673pt>
File: various_0.png Graphic file (type png)
<use various_0.png>
Package pdftex.def Info: various_0.png  used on input line 287.
(pdftex.def)             Requested size: 306.89792pt x 69.00424pt.
Package mdframed Info: mdframed detected package amsthm 
 changed the theorem header of amsthm
(mdframed)              on input line 304.
Package mdframed Info: mdframed detected package amsthm 
 changed the theorem header of amsthm
(mdframed)              on input line 320.
 [8 <./various_0.png>]
<various_2.png, id=243, 321.3606pt x 286.1892pt>
File: various_2.png Graphic file (type png)
<use various_2.png>
Package pdftex.def Info: various_2.png  used on input line 330.
(pdftex.def)             Requested size: 102.30104pt x 91.10204pt.
<various_3-1.png, id=244, 760.7622pt x 233.673pt>
File: various_3-1.png Graphic file (type png)
<use various_3-1.png>
Package pdftex.def Info: various_3-1.png  used on input line 341.
(pdftex.def)             Requested size: 306.89792pt x 94.26622pt.
<various_3-2.png, id=245, 761.244pt x 233.673pt>
File: various_3-2.png Graphic file (type png)
<use various_3-2.png>
Package pdftex.def Info: various_3-2.png  used on input line 343.
(pdftex.def)             Requested size: 306.89792pt x 94.20561pt.
 [9 <./various_2.png> <./various_3-1.png> <./various_3-2.png>]
Package mdframed Info: mdframed detected package amsthm 
 changed the theorem header of amsthm
(mdframed)              on input line 355.
<various_4-1.png, id=258, 622.4856pt x 510.2262pt>
File: various_4-1.png Graphic file (type png)
<use various_4-1.png>
Package pdftex.def Info: various_4-1.png  used on input line 361.
(pdftex.def)             Requested size: 224.13902pt x 183.72021pt.
Package mdframed Info: mdframed detected package amsthm 
 changed the theorem header of amsthm
(mdframed)              on input line 375.
 [10 <./various_4-1.png>]
Package mdframed Info: mdframed detected package amsthm 
 changed the theorem header of amsthm
(mdframed)              on input line 392.
<various_4-2.png, id=269, 337.5009pt x 337.5009pt>
File: various_4-2.png Graphic file (type png)
<use various_4-2.png>
Package pdftex.def Info: various_4-2.png  used on input line 396.
(pdftex.def)             Requested size: 96.06097pt x 96.06pt.
<various_4-3.png, id=270, 337.5009pt x 337.5009pt>
File: various_4-3.png Graphic file (type png)
<use various_4-3.png>
Package pdftex.def Info: various_4-3.png  used on input line 397.
(pdftex.def)             Requested size: 96.06097pt x 96.06pt.
Package mdframed Info: mdframed detected package amsthm 
 changed the theorem header of amsthm
(mdframed)              on input line 415.
Package mdframed Info: mdframed inside float 
 mdframed uses option nobreak mdframed on input line 415.
<various_5-1.png, id=271, 283.2984pt x 281.6121pt>
File: various_5-1.png Graphic file (type png)
<use various_5-1.png>
Package pdftex.def Info: various_5-1.png  used on input line 428.
(pdftex.def)             Requested size: 75.02042pt x 74.57098pt.
<various_5-2.png, id=272, 283.2984pt x 281.6121pt>
File: various_5-2.png Graphic file (type png)
<use various_5-2.png>
Package pdftex.def Info: various_5-2.png  used on input line 429.
(pdftex.def)             Requested size: 75.02042pt x 74.57098pt.
<various_5-3.png, id=273, 283.2984pt x 281.6121pt>
File: various_5-3.png Graphic file (type png)
<use various_5-3.png>
Package pdftex.def Info: various_5-3.png  used on input line 430.
(pdftex.def)             Requested size: 75.02042pt x 74.57098pt.
<various_5-4.png, id=274, 283.2984pt x 281.6121pt>
File: various_5-4.png Graphic file (type png)
<use various_5-4.png>
Package pdftex.def Info: various_5-4.png  used on input line 431.
(pdftex.def)             Requested size: 75.02042pt x 74.57098pt.
Package mdframed Info: mdframed detected package amsthm 
 changed the theorem header of amsthm
(mdframed)              on input line 443.
 [11 <./various_4-2.png> <./various_4-3.png> <./various_5-1.png> <./various_5-2
.png> <./various_5-3.png> <./various_5-4.png>]
Package mdframed Info: mdframed detected package amsthm 
 changed the theorem header of amsthm
(mdframed)              on input line 453.
<various_8.png, id=287, 542.5068pt x 208.1376pt>
File: various_8.png Graphic file (type png)
<use various_8.png>
Package pdftex.def Info: various_8.png  used on input line 466.
(pdftex.def)             Requested size: 170.5pt x 65.41441pt.
 [12 <./various_8.png>]
<various_10-1.png, id=302, 220.9053pt x 220.9053pt>
File: various_10-1.png Graphic file (type png)
<use various_10-1.png>
Package pdftex.def Info: various_10-1.png  used on input line 499.
(pdftex.def)             Requested size: 85.25pt x 85.24936pt.
<various_10-2.png, id=303, 221.8689pt x 222.8325pt>
File: various_10-2.png Graphic file (type png)
<use various_10-2.png>
Package pdftex.def Info: various_10-2.png  used on input line 500.
(pdftex.def)             Requested size: 85.25pt x 85.61906pt.
<various_10-3.png, id=304, 154.77824pt x 154.77824pt>
File: various_10-3.png Graphic file (type png)
<use various_10-3.png>
Package pdftex.def Info: various_10-3.png  used on input line 501.
(pdftex.def)             Requested size: 85.25pt x 85.2511pt.
 [13 <./various_10-1.png> <./various_10-2.png> <./various_10-3.png>]
<composition_1-1.png, id=315, 516.4896pt x 256.3176pt>
File: composition_1-1.png Graphic file (type png)
<use composition_1-1.png>
Package pdftex.def Info: composition_1-1.png  used on input line 510.
(pdftex.def)             Requested size: 170.5pt x 84.61244pt.
<composition_1-2.png, id=316, 199.947pt x 255.8358pt>
File: composition_1-2.png Graphic file (type png)
<use composition_1-2.png>
Package pdftex.def Info: composition_1-2.png  used on input line 514.
(pdftex.def)             Requested size: 68.19896pt x 87.26018pt.
Package mdframed Info: mdframed detected package amsthm 
 changed the theorem header of amsthm
(mdframed)              on input line 519.
 [14

 <./composition_1-1.png> <./composition_1-2.png>]
<composition_4.png, id=328, 926.9832pt x 394.1124pt>
File: composition_4.png Graphic file (type png)
<use composition_4.png>
Package pdftex.def Info: composition_4.png  used on input line 543.
(pdftex.def)             Requested size: 272.80104pt x 115.97949pt.
 [15 <./composition_4.png>]
<composition_6-1.png, id=336, 865.7946pt x 256.7994pt>
File: composition_6-1.png Graphic file (type png)
<use composition_6-1.png>
Package pdftex.def Info: composition_6-1.png  used on input line 559.
(pdftex.def)             Requested size: 306.89792pt x 91.02531pt.
<composition_6-2.png, id=337, 864.831pt x 256.3176pt>
File: composition_6-2.png Graphic file (type png)
<use composition_6-2.png>
Package pdftex.def Info: composition_6-2.png  used on input line 565.
(pdftex.def)             Requested size: 306.89792pt x 90.95622pt.
 [16 <./composition_6-1.png> <./composition_6-2.png>]
<composition_7-1.png, id=348, 901.9296pt x 212.9556pt>
File: composition_7-1.png Graphic file (type png)
<use composition_7-1.png>
Package pdftex.def Info: composition_7-1.png  used on input line 602.
(pdftex.def)             Requested size: 306.89792pt x 72.46242pt.
<composition_7-2.png, id=349, 901.9296pt x 214.401pt>
File: composition_7-2.png Graphic file (type png)
<use composition_7-2.png>
Package pdftex.def Info: composition_7-2.png  used on input line 606.
(pdftex.def)             Requested size: 306.89792pt x 72.95425pt.
 [17 <./composition_7-1.png> <./composition_7-2.png>]
<composition_8.png, id=359, 824.8416pt x 264.0264pt>
File: composition_8.png Graphic file (type png)
<use composition_8.png>
Package pdftex.def Info: composition_8.png  used on input line 624.
(pdftex.def)             Requested size: 306.89792pt x 98.23613pt.
 [18 <./composition_8.png>]
Package mdframed Info: mdframed detected package amsthm 
 changed the theorem header of amsthm
(mdframed)              on input line 652.
<composition_10-1.png, id=366, 203.8014pt x 257.2812pt>
File: composition_10-1.png Graphic file (type png)
<use composition_10-1.png>
Package pdftex.def Info: composition_10-1.png  used on input line 672.
(pdftex.def)             Requested size: 68.19896pt x 86.0965pt.
<composition_10-2.png, id=367, 798.3426pt x 257.2812pt>
File: composition_10-2.png Graphic file (type png)
<use composition_10-2.png>
Package pdftex.def Info: composition_10-2.png  used on input line 689.
(pdftex.def)             Requested size: 272.80104pt x 87.91806pt.
 [19 <./composition_10-1.png> <./composition_10-2.png>]
<inverse_1.png, id=381, 576.7146pt x 257.763pt>
File: inverse_1.png Graphic file (type png)
<use inverse_1.png>
Package pdftex.def Info: inverse_1.png  used on input line 703.
(pdftex.def)             Requested size: 204.60208pt x 91.44554pt.
Package mdframed Info: mdframed detected package amsthm 
 changed the theorem header of amsthm
(mdframed)              on input line 717.
 [20 <./inverse_1.png>]
<inverse_3.png, id=390, 576.2328pt x 300.1614pt>
File: inverse_3.png Graphic file (type png)
<use inverse_3.png>
Package pdftex.def Info: inverse_3.png  used on input line 727.
(pdftex.def)             Requested size: 170.5pt x 88.81248pt.
<inverse_4.png, id=391, 833.0322pt x 253.4268pt>
File: inverse_4.png Graphic file (type png)
<use inverse_4.png>
Package pdftex.def Info: inverse_4.png  used on input line 736.
(pdftex.def)             Requested size: 272.80104pt x 82.99304pt.
 [21 <./inverse_3.png> <./inverse_4.png>]
Package mdframed Info: mdframed detected package amsthm 
 changed the theorem header of amsthm
(mdframed)              on input line 746.
 [22]
<inverse_6.png, id=412, 299.9205pt x 299.9205pt>
File: inverse_6.png Graphic file (type png)
<use inverse_6.png>
Package pdftex.def Info: inverse_6.png  used on input line 795.
(pdftex.def)             Requested size: 170.5pt x 170.50339pt.
<xyaxes.png, id=414, 587.5551pt x 583.7007pt>
File: xyaxes.png Graphic file (type png)
<use xyaxes.png>
Package pdftex.def Info: xyaxes.png  used on input line 802.
(pdftex.def)             Requested size: 136.39792pt x 135.50415pt.
File: xyaxes.png Graphic file (type png)
<use xyaxes.png>
Package pdftex.def Info: xyaxes.png  used on input line 803.
(pdftex.def)             Requested size: 136.39792pt x 135.50415pt.
 [23 <./inverse_6.png> <./xyaxes.png>]
<inverse_10.png, id=422, 534.3162pt x 210.5466pt>
File: inverse_10.png Graphic file (type png)
<use inverse_10.png>
Package pdftex.def Info: inverse_10.png  used on input line 812.
(pdftex.def)             Requested size: 170.5pt x 67.18352pt.
<inverse_11.png, id=423, 882.1758pt x 210.5466pt>
File: inverse_11.png Graphic file (type png)
<use inverse_11.png>
Package pdftex.def Info: inverse_11.png  used on input line 825.
(pdftex.def)             Requested size: 272.80104pt x 65.10812pt.
<inverse_12-1.png, id=424, 901.9296pt x 212.9556pt>
File: inverse_12-1.png Graphic file (type png)
<use inverse_12-1.png>
Package pdftex.def Info: inverse_12-1.png  used on input line 838.
(pdftex.def)             Requested size: 272.80104pt x 64.41032pt.
<inverse_12-2.png, id=425, 901.9296pt x 214.401pt>
File: inverse_12-2.png Graphic file (type png)
<use inverse_12-2.png>
Package pdftex.def Info: inverse_12-2.png  used on input line 846.
(pdftex.def)             Requested size: 272.80104pt x 64.8475pt.
 [24 <./inverse_10.png> <./inverse_11.png> <./inverse_12-1.png> <./inverse_12-2
.png>]
Package mdframed Info: mdframed detected package amsthm 
 changed the theorem header of amsthm
(mdframed)              on input line 866.
 [25]
<inverse_15-1.png, id=450, 342.5598pt x 258.2448pt>
File: inverse_15-1.png Graphic file (type png)
<use inverse_15-1.png>
Package pdftex.def Info: inverse_15-1.png  used on input line 892.
(pdftex.def)             Requested size: 136.39792pt x 102.82716pt.
<inverse_15-2.png, id=451, 342.078pt x 258.2448pt>
File: inverse_15-2.png Graphic file (type png)
<use inverse_15-2.png>
Package pdftex.def Info: inverse_15-2.png  used on input line 900.
(pdftex.def)             Requested size: 136.39792pt x 102.97296pt.
 [26 <./inverse_15-1.png> <./inverse_15-2.png>]
Package mdframed Info: mdframed detected package amsthm 
 changed the theorem header of amsthm
(mdframed)              on input line 911.
<inverse_17-1.png, id=459, 864.831pt x 302.0886pt>
File: inverse_17-1.png Graphic file (type png)
<use inverse_17-1.png>
Package pdftex.def Info: inverse_17-1.png  used on input line 930.
(pdftex.def)             Requested size: 306.89792pt x 107.1984pt.
<inverse_17-2.png, id=460, 864.831pt x 302.0886pt>
File: inverse_17-2.png Graphic file (type png)
<use inverse_17-2.png>
Package pdftex.def Info: inverse_17-2.png  used on input line 932.
(pdftex.def)             Requested size: 306.89792pt x 107.1984pt.
 [27 <./inverse_17-1.png> <./inverse_17-2.png>]
<function_4a.png, id=476, 280.8894pt x 317.0244pt>
File: function_4a.png Graphic file (type png)
<use function_4a.png>
Package pdftex.def Info: function_4a.png  used on input line 948.
(pdftex.def)             Requested size: 68.19896pt x 76.97264pt.
<graph_3a.png, id=481, 312.2064pt x 115.3911pt>
File: graph_3a.png Graphic file (type png)
<use graph_3a.png>
Package pdftex.def Info: graph_3a.png  used on input line 985.
(pdftex.def)             Requested size: 155.5pt x 57.47179pt.

Overfull \hbox (6.85281pt too wide) in paragraph at lines 998--998
 []$\OT1/cmr/m/n/10 (1)$| 
 []


Overfull \hbox (6.85281pt too wide) in paragraph at lines 998--998
 []$\OT1/cmr/m/n/10 (2)$| 
 []


Overfull \hbox (6.85281pt too wide) in paragraph at lines 998--998
 []$\OT1/cmr/m/n/10 (3)$| 
 []


Overfull \hbox (6.85281pt too wide) in paragraph at lines 998--998
 []$\OT1/cmr/m/n/10 (4)$| 
 []


Overfull \hbox (6.85281pt too wide) in paragraph at lines 998--998
 []$\OT1/cmr/m/n/10 (5)$| 
 []


Overfull \hbox (6.85281pt too wide) in paragraph at lines 998--998
 []$\OT1/cmr/m/n/10 (6)$| 
 []


Overfull \hbox (4.07501pt too wide) in paragraph at lines 998--998
 []$\OMS/cmsy/m/n/10 ^^M$| 
 []


Overfull \hbox (4.07501pt too wide) in paragraph at lines 998--998
 []$\OMS/cmsy/m/n/10 ^^M$| 
 []


Overfull \hbox (4.07501pt too wide) in paragraph at lines 998--998
 []$\OMS/cmsy/m/n/10 ^^M$| 
 []


Overfull \hbox (4.07501pt too wide) in paragraph at lines 998--998
 []$\OMS/cmsy/m/n/10 ^^M$| 
 []


Overfull \hbox (4.07501pt too wide) in paragraph at lines 998--998
 []$\OMS/cmsy/m/n/10 ^^M$| 
 []


Overfull \hbox (4.07501pt too wide) in paragraph at lines 998--998
 []$\OMS/cmsy/m/n/10 ^^M$| 
 []


Overfull \hbox (4.07501pt too wide) in paragraph at lines 998--998
 []$\OMS/cmsy/m/n/10 ^^M$| 
 []


Overfull \hbox (4.07501pt too wide) in paragraph at lines 998--998
 []$\OMS/cmsy/m/n/10 ^^M$| 
 []


Overfull \hbox (4.07501pt too wide) in paragraph at lines 998--998
 []$\OMS/cmsy/m/n/10 ^^M$| 
 []


Overfull \hbox (4.07501pt too wide) in paragraph at lines 998--998
 []$\OMS/cmsy/m/n/10 ^^M$| 
 []


Overfull \hbox (2.89996pt too wide) in paragraph at lines 992--998
 [] 
 []


Overfull \hbox (2.21115pt too wide) in paragraph at lines 1007--1007
 []$\OT1/cmr/m/n/10 (1)$| 
 []


Overfull \hbox (2.21115pt too wide) in paragraph at lines 1007--1007
 []$\OT1/cmr/m/n/10 (2)$| 
 []


Overfull \hbox (2.21115pt too wide) in paragraph at lines 1007--1007
 []$\OT1/cmr/m/n/10 (3)$| 
 []


Overfull \hbox (2.21115pt too wide) in paragraph at lines 1007--1007
 []$\OT1/cmr/m/n/10 (4)$| 
 []


Overfull \hbox (2.89992pt too wide) in paragraph at lines 1001--1007
 [] 
 []

<composition_4a.png, id=488, 516.4896pt x 954.4458pt>
File: composition_4a.png Graphic file (type png)
<use composition_4a.png>
Package pdftex.def Info: composition_4a.png  used on input line 1029.
(pdftex.def)             Requested size: 139.94905pt x 258.60675pt.
[28 <./function_4a.png> <./graph_3a.png>]
<composition_10a-1.png, id=503, 203.8014pt x 257.2812pt>
File: composition_10a-1.png Graphic file (type png)
<use composition_10a-1.png>
Package pdftex.def Info: composition_10a-1.png  used on input line 1039.
(pdftex.def)             Requested size: 62.19905pt x 78.51971pt.
<composition_10a-2.png, id=504, 203.8014pt x 257.2812pt>
File: composition_10a-2.png Graphic file (type png)
<use composition_10a-2.png>
Package pdftex.def Info: composition_10a-2.png  used on input line 1041.
(pdftex.def)             Requested size: 62.19905pt x 78.51971pt.
<composition_10a-3.png, id=505, 203.8014pt x 257.2812pt>
File: composition_10a-3.png Graphic file (type png)
<use composition_10a-3.png>
Package pdftex.def Info: composition_10a-3.png  used on input line 1043.
(pdftex.def)             Requested size: 62.19905pt x 78.51971pt.
<inverse_3a.png, id=507, 201.8742pt x 297.7524pt>
File: inverse_3a.png Graphic file (type png)
<use inverse_3a.png>
Package pdftex.def Info: inverse_3a.png  used on input line 1049.
(pdftex.def)             Requested size: 62.19905pt x 91.7389pt.
 [29 <./composition_4a.png> <./composition_10a-1.png> <./composition_10a-2.png>
 <./composition_10a-3.png> <./inverse_3a.png>]
<inverse_9a-1.png, id=526, 321.6015pt x 299.9205pt>
File: inverse_9a-1.png Graphic file (type png)
<use inverse_9a-1.png>
Package pdftex.def Info: inverse_9a-1.png  used on input line 1073.
(pdftex.def)             Requested size: 108.84952pt x 101.5094pt.
<inverse_9a-2.png, id=527, 303.7749pt x 283.2984pt>
File: inverse_9a-2.png Graphic file (type png)
<use inverse_9a-2.png>
Package pdftex.def Info: inverse_9a-2.png  used on input line 1075.
(pdftex.def)             Requested size: 108.84952pt x 101.51183pt.
 [30 <./inverse_9a-1.png> <./inverse_9a-2.png>] [31]
<summary_1.png, id=542, 207.6558pt x 140.6856pt>
File: summary_1.png Graphic file (type png)
<use summary_1.png>
Package pdftex.def Info: summary_1.png  used on input line 1109.
(pdftex.def)             Requested size: 68.19896pt x 46.20528pt.

Missing character: There is no õ in font cmr7!
Missing character: There is no í in font cmr7!
Missing character: There is no í in font cmr7!
Missing character: There is no õ in font cmr7!
Missing character: There is no í in font cmr7!
Missing character: There is no í in font cmr7!
<summary_2.png, id=543, 826.7688pt x 140.2038pt>
File: summary_2.png Graphic file (type png)
<use summary_2.png>
Package pdftex.def Info: summary_2.png  used on input line 1132.
(pdftex.def)             Requested size: 272.80104pt x 46.26097pt.
<summary_3.png, id=544, 558.4062pt x 146.949pt>
File: summary_3.png Graphic file (type png)
<use summary_3.png>
Package pdftex.def Info: summary_3.png  used on input line 1137.
(pdftex.def)             Requested size: 204.60208pt x 53.84334pt.
[32 <./summary_1.png> <./summary_2.png> <./summary_3.png>]
\tf@toc=\write5
\openout5 = `15_math_10_function.toc'.


(./15_math_10_function.aux)
Package rerunfilecheck Info: File `15_math_10_function.out' has not changed.
(rerunfilecheck)             Checksum: FC1171BA0C113433E4681DB9C442A90A;589.
 ) 
Here is how much of TeX's memory you used:
 19301 strings out of 478353
 310481 string characters out of 5852100
 658755 words of memory out of 5000000
 36738 multiletter control sequences out of 15000+600000
 457869 words of font info for 217 fonts, out of 8000000 for 9000
 1141 hyphenation exceptions out of 8191
 105i,18n,107p,485b,711s stack positions out of 5000i,500n,10000p,200000b,80000s
{c:/texlive/2021/texmf-dist/fonts/enc/dvips/cm-super/cm-super-ts1.enc}<c:/tex
live/2021/texmf-dist/fonts/type1/public/amsfonts/cm/cmbx10.pfb><c:/texlive/2021
/texmf-dist/fonts/type1/public/amsfonts/cm/cmbx12.pfb><c:/texlive/2021/texmf-di
st/fonts/type1/public/amsfonts/cm/cmmi10.pfb><c:/texlive/2021/texmf-dist/fonts/
type1/public/amsfonts/cm/cmmi6.pfb><c:/texlive/2021/texmf-dist/fonts/type1/publ
ic/amsfonts/cm/cmmi7.pfb><c:/texlive/2021/texmf-dist/fonts/type1/public/amsfont
s/cm/cmmi8.pfb><c:/texlive/2021/texmf-dist/fonts/type1/public/amsfonts/cm/cmr10
.pfb><c:/texlive/2021/texmf-dist/fonts/type1/public/amsfonts/cm/cmr12.pfb><c:/t
exlive/2021/texmf-dist/fonts/type1/public/amsfonts/cm/cmr5.pfb><c:/texlive/2021
/texmf-dist/fonts/type1/public/amsfonts/cm/cmr6.pfb><c:/texlive/2021/texmf-dist
/fonts/type1/public/amsfonts/cm/cmr7.pfb><c:/texlive/2021/texmf-dist/fonts/type
1/public/amsfonts/cm/cmr8.pfb><c:/texlive/2021/texmf-dist/fonts/type1/public/am
sfonts/cm/cmsy10.pfb><c:/texlive/2021/texmf-dist/fonts/type1/public/amsfonts/cm
/cmsy7.pfb><c:/texlive/2021/texmf-dist/fonts/type1/public/amsfonts/cm/cmsy8.pfb
><c:/texlive/2021/texmf-dist/fonts/type1/public/amsfonts/symbols/msam10.pfb><c:
/texlive/2021/texmf-dist/fonts/type1/public/amsfonts/symbols/msbm10.pfb><c:/tex
live/2021/texmf-dist/fonts/type1/public/nanumtype1/nanummjbac.pfb><c:/texlive/2
021/texmf-dist/fonts/type1/public/nanumtype1/nanummjbad.pfb><c:/texlive/2021/te
xmf-dist/fonts/type1/public/nanumtype1/nanummjbb2.pfb><c:/texlive/2021/texmf-di
st/fonts/type1/public/nanumtype1/nanummjbb7.pfb><c:/texlive/2021/texmf-dist/fon
ts/type1/public/nanumtype1/nanummjbb8.pfb><c:/texlive/2021/texmf-dist/fonts/typ
e1/public/nanumtype1/nanummjbb9.pfb><c:/texlive/2021/texmf-dist/fonts/type1/pub
lic/nanumtype1/nanummjbbb.pfb><c:/texlive/2021/texmf-dist/fonts/type1/public/na
numtype1/nanummjbbc.pfb><c:/texlive/2021/texmf-dist/fonts/type1/public/nanumtyp
e1/nanummjbc1.pfb><c:/texlive/2021/texmf-dist/fonts/type1/public/nanumtype1/nan
ummjbc2.pfb><c:/texlive/2021/texmf-dist/fonts/type1/public/nanumtype1/nanummjbc
5.pfb><c:/texlive/2021/texmf-dist/fonts/type1/public/nanumtype1/nanummjbc6.pfb>
<c:/texlive/2021/texmf-dist/fonts/type1/public/nanumtype1/nanummjbc7.pfb><c:/te
xlive/2021/texmf-dist/fonts/type1/public/nanumtype1/nanummjbc8.pfb><c:/texlive/
2021/texmf-dist/fonts/type1/public/nanumtype1/nanummjbc9.pfb><c:/texlive/2021/t
exmf-dist/fonts/type1/public/nanumtype1/nanummjbcc.pfb><c:/texlive/2021/texmf-d
ist/fonts/type1/public/nanumtype1/nanummjbd5.pfb><c:/texlive/2021/texmf-dist/fo
nts/type1/public/nanumtype1/nanummjmac.pfb><c:/texlive/2021/texmf-dist/fonts/ty
pe1/public/nanumtype1/nanummjmad.pfb><c:/texlive/2021/texmf-dist/fonts/type1/pu
blic/nanumtype1/nanummjmae.pfb><c:/texlive/2021/texmf-dist/fonts/type1/public/n
anumtype1/nanummjmb0.pfb><c:/texlive/2021/texmf-dist/fonts/type1/public/nanumty
pe1/nanummjmb1.pfb><c:/texlive/2021/texmf-dist/fonts/type1/public/nanumtype1/na
nummjmb2.pfb><c:/texlive/2021/texmf-dist/fonts/type1/public/nanumtype1/nanummjm
b3.pfb><c:/texlive/2021/texmf-dist/fonts/type1/public/nanumtype1/nanummjmb4.pfb
><c:/texlive/2021/texmf-dist/fonts/type1/public/nanumtype1/nanummjmb5.pfb><c:/t
exlive/2021/texmf-dist/fonts/type1/public/nanumtype1/nanummjmb6.pfb><c:/texlive
/2021/texmf-dist/fonts/type1/public/nanumtype1/nanummjmb7.pfb><c:/texlive/2021/
texmf-dist/fonts/type1/public/nanumtype1/nanummjmb8.pfb><c:/texlive/2021/texmf-
dist/fonts/type1/public/nanumtype1/nanummjmb9.pfb><c:/texlive/2021/texmf-dist/f
onts/type1/public/nanumtype1/nanummjmba.pfb><c:/texlive/2021/texmf-dist/fonts/t
ype1/public/nanumtype1/nanummjmbb.pfb><c:/texlive/2021/texmf-dist/fonts/type1/p
ublic/nanumtype1/nanummjmbc.pfb><c:/texlive/2021/texmf-dist/fonts/type1/public/
nanumtype1/nanummjmbd.pfb><c:/texlive/2021/texmf-dist/fonts/type1/public/nanumt
ype1/nanummjmbe.pfb><c:/texlive/2021/texmf-dist/fonts/type1/public/nanumtype1/n
anummjmbf.pfb><c:/texlive/2021/texmf-dist/fonts/type1/public/nanumtype1/nanummj
mc0.pfb><c:/texlive/2021/texmf-dist/fonts/type1/public/nanumtype1/nanummjmc1.pf
b><c:/texlive/2021/texmf-dist/fonts/type1/public/nanumtype1/nanummjmc2.pfb><c:/
texlive/2021/texmf-dist/fonts/type1/public/nanumtype1/nanummjmc4.pfb><c:/texliv
e/2021/texmf-dist/fonts/type1/public/nanumtype1/nanummjmc5.pfb><c:/texlive/2021
/texmf-dist/fonts/type1/public/nanumtype1/nanummjmc6.pfb><c:/texlive/2021/texmf
-dist/fonts/type1/public/nanumtype1/nanummjmc7.pfb><c:/texlive/2021/texmf-dist/
fonts/type1/public/nanumtype1/nanummjmc8.pfb><c:/texlive/2021/texmf-dist/fonts/
type1/public/nanumtype1/nanummjmc9.pfb><c:/texlive/2021/texmf-dist/fonts/type1/
public/nanumtype1/nanummjmca.pfb><c:/texlive/2021/texmf-dist/fonts/type1/public
/nanumtype1/nanummjmcc.pfb><c:/texlive/2021/texmf-dist/fonts/type1/public/nanum
type1/nanummjmcd.pfb><c:/texlive/2021/texmf-dist/fonts/type1/public/nanumtype1/
nanummjmce.pfb><c:/texlive/2021/texmf-dist/fonts/type1/public/nanumtype1/nanumm
jmcf.pfb><c:/texlive/2021/texmf-dist/fonts/type1/public/nanumtype1/nanummjmd0.p
fb><c:/texlive/2021/texmf-dist/fonts/type1/public/nanumtype1/nanummjmd1.pfb><c:
/texlive/2021/texmf-dist/fonts/type1/public/nanumtype1/nanummjmd2.pfb><c:/texli
ve/2021/texmf-dist/fonts/type1/public/nanumtype1/nanummjmd3.pfb><c:/texlive/202
1/texmf-dist/fonts/type1/public/nanumtype1/nanummjmd4.pfb><c:/texlive/2021/texm
f-dist/fonts/type1/public/nanumtype1/nanummjmd5.pfb><c:/texlive/2021/texmf-dist
/fonts/type1/public/nanumtype1/nanummjmd6.pfb><c:/texlive/2021/texmf-dist/fonts
/type1/public/nanumtype1/nanummjmd7.pfb><c:/texlive/2021/texmf-dist/fonts/type1
/public/cm-super/sfrm1000.pfb>
Output written on 15_math_10_function.pdf (32 pages, 3539113 bytes).
PDF statistics:
 902 PDF objects out of 1000 (max. 8388607)
 552 compressed objects within 6 object streams
 150 named destinations out of 1000 (max. 500000)
 529 words of extra memory for PDF output out of 10000 (max. 10000000)

